<?xml version="1.0" encoding="UTF-8"?>
<coverage generated="1661983553152" clover="4.0.6">
   <project timestamp="1661983544997" name="Jackson-dataformat-XML 2.9.10">
      <metrics conditionals="988" methods="454" classes="44" files="34" packages="6" coveredstatements="1514" complexity="1106" loc="7866" ncloc="4943" coveredmethods="303" coveredconditionals="606" statements="2208" coveredelements="2423" elements="3650"/>
      <package name="com.fasterxml.jackson.dataformat.xml.jaxb">
         <metrics classes="1" methods="7" conditionals="0" files="1" ncloc="37" coveredstatements="5" coveredmethods="6" complexity="7" coveredconditionals="0" statements="6" loc="64" coveredelements="11" elements="13"/>
         <file name="XmlJaxbAnnotationIntrospector.java" path="/home/stg/omc_experiments/subjects/jackson-dataformat-xml/src/main/java/com/fasterxml/jackson/dataformat/xml/jaxb/XmlJaxbAnnotationIntrospector.java">
            <metrics classes="1" methods="7" conditionals="0" ncloc="37" coveredstatements="5" coveredmethods="6" complexity="7" coveredconditionals="0" statements="6" loc="64" coveredelements="11" elements="13"/>
            <class name="XmlJaxbAnnotationIntrospector">
               <metrics methods="7" conditionals="0" coveredstatements="5" coveredmethods="6" complexity="7" coveredconditionals="0" statements="6" coveredelements="11" elements="13"/>
            </class>
            <line num="24" count="0" visibility="public" complexity="1" type="method" signature="XmlJaxbAnnotationIntrospector()"/>
            <line num="26" count="0" type="stmt"/>
            <line num="29" count="8" visibility="public" complexity="1" type="method" signature="XmlJaxbAnnotationIntrospector(TypeFactory)"/>
            <line num="30" count="8" type="stmt"/>
            <line num="39" count="16" visibility="public" complexity="1" type="method" signature="findNamespace(Annotated) : String"/>
            <line num="41" count="16" type="stmt"/>
            <line num="44" count="15" visibility="public" complexity="1" type="method" signature="isOutputAsAttribute(Annotated) : Boolean"/>
            <line num="46" count="15" type="stmt"/>
            <line num="49" count="34" visibility="public" complexity="1" type="method" signature="isOutputAsText(Annotated) : Boolean"/>
            <line num="51" count="34" type="stmt"/>
            <line num="54" count="11" visibility="public" complexity="1" type="method" signature="isOutputAsCData(Annotated) : Boolean"/>
            <line num="57" count="11" type="stmt"/>
            <line num="60" count="1" visibility="public" complexity="1" type="method" signature="setDefaultUseWrapper(boolean) : void"/>
         </file>
      </package>
      <package name="com.fasterxml.jackson.dataformat.xml.ser">
         <metrics classes="8" methods="126" conditionals="408" files="7" ncloc="1691" coveredstatements="501" coveredmethods="82" complexity="381" coveredconditionals="232" statements="784" loc="2474" coveredelements="815" elements="1318"/>
         <file name="ToXmlGenerator.java" path="/home/stg/omc_experiments/subjects/jackson-dataformat-xml/src/main/java/com/fasterxml/jackson/dataformat/xml/ser/ToXmlGenerator.java">
            <metrics classes="2" methods="71" conditionals="232" ncloc="926" coveredstatements="236" coveredmethods="45" complexity="216" coveredconditionals="110" statements="430" loc="1317" coveredelements="391" elements="733"/>
            <class name="ToXmlGenerator">
               <metrics methods="66" conditionals="230" coveredstatements="227" coveredmethods="40" complexity="210" coveredconditionals="109" statements="420" coveredelements="376" elements="716"/>
            </class>
            <class name="ToXmlGenerator.Feature">
               <metrics methods="5" conditionals="2" coveredstatements="9" coveredmethods="5" complexity="6" coveredconditionals="1" statements="10" coveredelements="15" elements="17"/>
            </class>
            <line num="69" count="1" visibility="public" complexity="2" type="method" signature="collectDefaults() : int"/>
            <line num="71" count="1" type="stmt"/>
            <line num="72" count="1" type="stmt"/>
            <line num="73" count="2" type="stmt"/>
            <line num="73" falsecount="2" type="cond" truecount="0"/>
            <line num="74" count="0" type="stmt"/>
            <line num="77" count="1" type="stmt"/>
            <line num="80" count="2" visibility="private" complexity="1" type="method" signature="Feature(boolean)"/>
            <line num="81" count="2" type="stmt"/>
            <line num="82" count="2" type="stmt"/>
            <line num="85" count="2" visibility="public" complexity="1" type="method" signature="enabledByDefault() : boolean"/>
            <line num="85" count="2" type="stmt"/>
            <line num="86" count="203" visibility="public" complexity="1" type="method" signature="getMask() : int"/>
            <line num="86" count="203" type="stmt"/>
            <line num="87" count="197" visibility="public" complexity="1" type="method" signature="enabledIn(int) : boolean"/>
            <line num="87" count="197" type="stmt"/>
            <line num="172" count="112" visibility="public" complexity="2" type="method" signature="ToXmlGenerator(IOContext,int,int,ObjectCodec,XMLStreamWriter)"/>
            <line num="175" count="112" type="stmt"/>
            <line num="176" count="112" type="stmt"/>
            <line num="177" count="112" type="stmt"/>
            <line num="178" count="112" type="stmt"/>
            <line num="179" count="112" type="stmt"/>
            <line num="180" count="112" type="stmt"/>
            <line num="181" count="112" type="stmt"/>
            <line num="181" falsecount="112" type="cond" truecount="0"/>
            <line num="189" count="102" visibility="public" complexity="7" type="method" signature="initGenerator() : void"/>
            <line num="191" count="102" type="stmt"/>
            <line num="191" falsecount="99" type="cond" truecount="3"/>
            <line num="192" count="3" type="stmt"/>
            <line num="194" count="99" type="stmt"/>
            <line num="195" count="99" type="stmt"/>
            <line num="196" count="99" type="stmt"/>
            <line num="196" falsecount="98" type="cond" truecount="1"/>
            <line num="197" count="1" type="stmt"/>
            <line num="198" count="98" type="stmt"/>
            <line num="198" falsecount="95" type="cond" truecount="3"/>
            <line num="199" count="3" type="stmt"/>
            <line num="201" count="95" type="stmt"/>
            <line num="204" count="4" type="stmt"/>
            <line num="204" falsecount="3" type="cond" truecount="1"/>
            <line num="206" count="1" type="stmt"/>
            <line num="206" falsecount="0" type="cond" truecount="1"/>
            <line num="207" count="1" type="stmt"/>
            <line num="211" count="0" type="stmt"/>
            <line num="221" count="0" visibility="protected" complexity="1" type="method" signature="_constructDefaultPrettyPrinter() : PrettyPrinter"/>
            <line num="223" count="0" type="stmt"/>
            <line num="226" count="20" visibility="public" complexity="2" type="method" signature="setPrettyPrinter(PrettyPrinter) : JsonGenerator"/>
            <line num="228" count="20" type="stmt"/>
            <line num="229" count="20" type="stmt"/>
            <line num="229" falsecount="0" type="cond" truecount="20"/>
            <line num="231" count="20" type="stmt"/>
            <line num="234" count="0" visibility="public" complexity="1" type="method" signature="getOutputTarget() : Object"/>
            <line num="238" count="0" type="stmt"/>
            <line num="245" count="0" visibility="public" complexity="1" type="method" signature="getOutputBuffered() : int"/>
            <line num="247" count="0" type="stmt"/>
            <line num="250" count="0" visibility="public" complexity="1" type="method" signature="getFormatFeatures() : int"/>
            <line num="252" count="0" type="stmt"/>
            <line num="255" count="1" visibility="public" complexity="2" type="method" signature="overrideFormatFeatures(int,int) : JsonGenerator"/>
            <line num="258" count="1" type="stmt"/>
            <line num="259" count="1" type="stmt"/>
            <line num="261" count="1" type="stmt"/>
            <line num="261" falsecount="0" type="cond" truecount="1"/>
            <line num="262" count="1" type="stmt"/>
            <line num="264" count="1" type="stmt"/>
            <line num="273" count="0" visibility="public" complexity="1" type="method" signature="enable(Feature) : ToXmlGenerator"/>
            <line num="274" count="0" type="stmt"/>
            <line num="275" count="0" type="stmt"/>
            <line num="278" count="0" visibility="public" complexity="1" type="method" signature="disable(Feature) : ToXmlGenerator"/>
            <line num="279" count="0" type="stmt"/>
            <line num="280" count="0" type="stmt"/>
            <line num="283" count="0" visibility="public" complexity="1" type="method" signature="isEnabled(Feature) : boolean"/>
            <line num="284" count="0" type="stmt"/>
            <line num="287" count="0" visibility="public" complexity="2" type="method" signature="configure(Feature,boolean) : ToXmlGenerator"/>
            <line num="288" count="0" type="stmt"/>
            <line num="288" falsecount="0" type="cond" truecount="0"/>
            <line num="289" count="0" type="stmt"/>
            <line num="291" count="0" type="stmt"/>
            <line num="293" count="0" type="stmt"/>
            <line num="296" count="0" visibility="public" complexity="1" type="method" signature="canWriteFormattedNumbers() : boolean"/>
            <line num="297" count="0" type="stmt"/>
            <line num="300" count="3" visibility="public" complexity="1" type="method" signature="inRoot() : boolean"/>
            <line num="301" count="3" type="stmt"/>
            <line num="320" count="4" visibility="public" complexity="1" type="method" signature="getStaxWriter() : XMLStreamWriter"/>
            <line num="321" count="4" type="stmt"/>
            <line num="330" count="210" visibility="public" complexity="1" type="method" signature="setNextIsAttribute(boolean) : void"/>
            <line num="332" count="210" type="stmt"/>
            <line num="335" count="16" visibility="public" complexity="1" type="method" signature="setNextIsUnwrapped(boolean) : void"/>
            <line num="337" count="16" type="stmt"/>
            <line num="340" count="4" visibility="public" complexity="1" type="method" signature="setNextIsCData(boolean) : void"/>
            <line num="342" count="4" type="stmt"/>
            <line num="345" count="858" visibility="public" complexity="1" type="method" signature="setNextName(QName) : void"/>
            <line num="347" count="858" type="stmt"/>
            <line num="356" count="101" visibility="public" complexity="2" type="method" signature="setNextNameIfMissing(QName) : boolean"/>
            <line num="358" count="101" type="stmt"/>
            <line num="358" falsecount="3" type="cond" truecount="98"/>
            <line num="359" count="98" type="stmt"/>
            <line num="360" count="98" type="stmt"/>
            <line num="362" count="3" type="stmt"/>
            <line num="373" count="22" visibility="public" complexity="4" type="method" signature="startWrappedValue(QName,QName) : void"/>
            <line num="375" count="22" type="stmt"/>
            <line num="375" falsecount="0" type="cond" truecount="22"/>
            <line num="376" count="22" type="stmt"/>
            <line num="377" count="22" type="stmt"/>
            <line num="377" falsecount="15" type="cond" truecount="7"/>
            <line num="378" count="7" type="stmt"/>
            <line num="381" count="15" type="stmt"/>
            <line num="384" count="0" type="stmt"/>
            <line num="387" count="22" type="stmt"/>
            <line num="393" count="22" visibility="public" complexity="4" type="method" signature="finishWrappedValue(QName,QName) : void"/>
            <line num="396" count="22" type="stmt"/>
            <line num="396" falsecount="0" type="cond" truecount="22"/>
            <line num="397" count="22" type="stmt"/>
            <line num="398" count="22" type="stmt"/>
            <line num="398" falsecount="15" type="cond" truecount="7"/>
            <line num="399" count="7" type="stmt"/>
            <line num="401" count="15" type="stmt"/>
            <line num="404" count="0" type="stmt"/>
            <line num="414" count="0" visibility="public" complexity="2" type="method" signature="writeRepeatedFieldName() : void"/>
            <line num="416" count="0" type="stmt"/>
            <line num="416" falsecount="0" type="cond" truecount="0"/>
            <line num="417" count="0" type="stmt"/>
            <line num="431" count="430" visibility="public" complexity="3" type="method" signature="writeFieldName(String) : void"/>
            <line num="434" count="430" type="stmt"/>
            <line num="434" falsecount="430" type="cond" truecount="0"/>
            <line num="435" count="0" type="stmt"/>
            <line num="438" count="430" type="stmt"/>
            <line num="438" falsecount="430" type="cond" truecount="0"/>
            <line num="439" count="430" type="stmt"/>
            <line num="442" count="4" visibility="public" complexity="1" type="method" signature="writeStringField(String,String) : void"/>
            <line num="445" count="4" type="stmt"/>
            <line num="446" count="4" type="stmt"/>
            <line num="475" count="36" visibility="public" complexity="2" type="method" signature="writeStartArray() : void"/>
            <line num="478" count="36" type="stmt"/>
            <line num="479" count="36" type="stmt"/>
            <line num="480" count="36" type="stmt"/>
            <line num="480" falsecount="25" type="cond" truecount="11"/>
            <line num="481" count="11" type="stmt"/>
            <line num="487" count="36" visibility="public" complexity="3" type="method" signature="writeEndArray() : void"/>
            <line num="490" count="36" type="stmt"/>
            <line num="490" falsecount="36" type="cond" truecount="0"/>
            <line num="491" count="0" type="stmt"/>
            <line num="493" count="36" type="stmt"/>
            <line num="493" falsecount="25" type="cond" truecount="11"/>
            <line num="494" count="11" type="stmt"/>
            <line num="498" count="36" type="stmt"/>
            <line num="501" count="202" visibility="public" complexity="2" type="method" signature="writeStartObject() : void"/>
            <line num="504" count="202" type="stmt"/>
            <line num="505" count="202" type="stmt"/>
            <line num="506" count="202" type="stmt"/>
            <line num="506" falsecount="159" type="cond" truecount="43"/>
            <line num="507" count="43" type="stmt"/>
            <line num="509" count="159" type="stmt"/>
            <line num="513" count="202" visibility="public" complexity="4" type="method" signature="writeEndObject() : void"/>
            <line num="516" count="202" type="stmt"/>
            <line num="516" falsecount="202" type="cond" truecount="0"/>
            <line num="517" count="0" type="stmt"/>
            <line num="519" count="202" type="stmt"/>
            <line num="520" count="202" type="stmt"/>
            <line num="520" falsecount="159" type="cond" truecount="43"/>
            <line num="522" count="43" type="stmt"/>
            <line num="522" falsecount="42" type="cond" truecount="1"/>
            <line num="523" count="43" type="stmt"/>
            <line num="525" count="159" type="stmt"/>
            <line num="530" count="202" visibility="public" complexity="3" type="method" signature="_handleStartObject() : void"/>
            <line num="532" count="202" type="stmt"/>
            <line num="532" falsecount="202" type="cond" truecount="0"/>
            <line num="533" count="0" type="stmt"/>
            <line num="536" count="202" type="stmt"/>
            <line num="537" count="202" type="stmt"/>
            <line num="538" count="202" type="stmt"/>
            <line num="540" count="0" type="stmt"/>
            <line num="545" count="202" visibility="public" complexity="6" type="method" signature="_handleEndObject() : void"/>
            <line num="548" count="202" type="stmt"/>
            <line num="548" falsecount="202" type="cond" truecount="0"/>
            <line num="549" count="0" type="stmt"/>
            <line num="551" count="202" type="stmt"/>
            <line num="552" count="202" type="stmt"/>
            <line num="554" count="202" type="stmt"/>
            <line num="555" count="202" type="stmt"/>
            <line num="557" count="202" type="stmt"/>
            <line num="557" falsecount="183" type="cond" truecount="19"/>
            <line num="559" count="19" type="stmt"/>
            <line num="559" falsecount="0" type="cond" truecount="19"/>
            <line num="560" count="19" type="stmt"/>
            <line num="564" count="0" type="stmt"/>
            <line num="574" count="383" visibility="public" complexity="1" type="method" signature="writeFieldName(SerializableString) : void"/>
            <line num="577" count="383" type="stmt"/>
            <line num="580" count="231" visibility="public" complexity="8" type="method" signature="writeString(String) : void"/>
            <line num="583" count="231" type="stmt"/>
            <line num="584" count="231" type="stmt"/>
            <line num="584" falsecount="231" type="cond" truecount="0"/>
            <line num="585" count="0" type="stmt"/>
            <line num="587" count="231" type="stmt"/>
            <line num="588" count="231" type="stmt"/>
            <line num="588" falsecount="201" type="cond" truecount="30"/>
            <line num="589" count="30" type="stmt"/>
            <line num="590" count="201" type="stmt"/>
            <line num="590" falsecount="194" type="cond" truecount="7"/>
            <line num="594" count="7" type="stmt"/>
            <line num="594" falsecount="7" type="cond" truecount="0"/>
            <line num="595" count="0" type="stmt"/>
            <line num="597" count="7" type="stmt"/>
            <line num="599" count="194" type="stmt"/>
            <line num="599" falsecount="148" type="cond" truecount="46"/>
            <line num="600" count="46" type="stmt"/>
            <line num="604" count="148" type="stmt"/>
            <line num="605" count="148" type="stmt"/>
            <line num="605" falsecount="145" type="cond" truecount="3"/>
            <line num="606" count="3" type="stmt"/>
            <line num="608" count="145" type="stmt"/>
            <line num="610" count="148" type="stmt"/>
            <line num="613" count="0" type="stmt"/>
            <line num="617" count="0" visibility="public" complexity="8" type="method" signature="writeString(char[],int,int) : void"/>
            <line num="620" count="0" type="stmt"/>
            <line num="621" count="0" type="stmt"/>
            <line num="621" falsecount="0" type="cond" truecount="0"/>
            <line num="622" count="0" type="stmt"/>
            <line num="624" count="0" type="stmt"/>
            <line num="625" count="0" type="stmt"/>
            <line num="625" falsecount="0" type="cond" truecount="0"/>
            <line num="626" count="0" type="stmt"/>
            <line num="627" count="0" type="stmt"/>
            <line num="627" falsecount="0" type="cond" truecount="0"/>
            <line num="629" count="0" type="stmt"/>
            <line num="629" falsecount="0" type="cond" truecount="0"/>
            <line num="630" count="0" type="stmt"/>
            <line num="632" count="0" type="stmt"/>
            <line num="634" count="0" type="stmt"/>
            <line num="634" falsecount="0" type="cond" truecount="0"/>
            <line num="635" count="0" type="stmt"/>
            <line num="639" count="0" type="stmt"/>
            <line num="640" count="0" type="stmt"/>
            <line num="640" falsecount="0" type="cond" truecount="0"/>
            <line num="641" count="0" type="stmt"/>
            <line num="643" count="0" type="stmt"/>
            <line num="645" count="0" type="stmt"/>
            <line num="648" count="0" type="stmt"/>
            <line num="652" count="7" visibility="public" complexity="1" type="method" signature="writeString(SerializableString) : void"/>
            <line num="654" count="7" type="stmt"/>
            <line num="657" count="0" visibility="public" complexity="1" type="method" signature="writeRawUTF8String(byte[],int,int) : void"/>
            <line num="661" count="0" type="stmt"/>
            <line num="664" count="0" visibility="public" complexity="1" type="method" signature="writeUTF8String(byte[],int,int) : void"/>
            <line num="668" count="0" type="stmt"/>
            <line num="677" count="2" visibility="public" complexity="5" type="method" signature="writeRawValue(String) : void"/>
            <line num="680" count="2" type="stmt"/>
            <line num="680" falsecount="2" type="cond" truecount="0"/>
            <line num="681" count="0" type="stmt"/>
            <line num="683" count="2" type="stmt"/>
            <line num="684" count="2" type="stmt"/>
            <line num="685" count="2" type="stmt"/>
            <line num="685" falsecount="2" type="cond" truecount="0"/>
            <line num="686" count="0" type="stmt"/>
            <line num="689" count="2" type="stmt"/>
            <line num="689" falsecount="1" type="cond" truecount="1"/>
            <line num="690" count="1" type="stmt"/>
            <line num="692" count="1" type="stmt"/>
            <line num="693" count="1" type="stmt"/>
            <line num="694" count="1" type="stmt"/>
            <line num="697" count="0" type="stmt"/>
            <line num="701" count="2" visibility="public" complexity="5" type="method" signature="writeRawValue(String,int,int) : void"/>
            <line num="704" count="2" type="stmt"/>
            <line num="704" falsecount="2" type="cond" truecount="0"/>
            <line num="705" count="0" type="stmt"/>
            <line num="707" count="2" type="stmt"/>
            <line num="708" count="2" type="stmt"/>
            <line num="709" count="2" type="stmt"/>
            <line num="709" falsecount="2" type="cond" truecount="0"/>
            <line num="710" count="0" type="stmt"/>
            <line num="713" count="2" type="stmt"/>
            <line num="713" falsecount="1" type="cond" truecount="1"/>
            <line num="714" count="1" type="stmt"/>
            <line num="716" count="1" type="stmt"/>
            <line num="717" count="1" type="stmt"/>
            <line num="718" count="1" type="stmt"/>
            <line num="721" count="0" type="stmt"/>
            <line num="725" count="2" visibility="public" complexity="5" type="method" signature="writeRawValue(char[],int,int) : void"/>
            <line num="728" count="2" type="stmt"/>
            <line num="728" falsecount="2" type="cond" truecount="0"/>
            <line num="729" count="0" type="stmt"/>
            <line num="731" count="2" type="stmt"/>
            <line num="732" count="2" type="stmt"/>
            <line num="732" falsecount="2" type="cond" truecount="0"/>
            <line num="733" count="0" type="stmt"/>
            <line num="735" count="2" type="stmt"/>
            <line num="736" count="2" type="stmt"/>
            <line num="736" falsecount="1" type="cond" truecount="1"/>
            <line num="737" count="1" type="stmt"/>
            <line num="739" count="1" type="stmt"/>
            <line num="740" count="1" type="stmt"/>
            <line num="741" count="1" type="stmt"/>
            <line num="744" count="0" type="stmt"/>
            <line num="748" count="0" visibility="public" complexity="1" type="method" signature="writeRawValue(SerializableString) : void"/>
            <line num="750" count="0" type="stmt"/>
            <line num="753" count="63" visibility="public" complexity="3" type="method" signature="writeRaw(String) : void"/>
            <line num="757" count="63" type="stmt"/>
            <line num="757" falsecount="63" type="cond" truecount="0"/>
            <line num="758" count="0" type="stmt"/>
            <line num="760" count="63" type="stmt"/>
            <line num="761" count="63" type="stmt"/>
            <line num="763" count="0" type="stmt"/>
            <line num="767" count="0" visibility="public" complexity="3" type="method" signature="writeRaw(String,int,int) : void"/>
            <line num="771" count="0" type="stmt"/>
            <line num="771" falsecount="0" type="cond" truecount="0"/>
            <line num="772" count="0" type="stmt"/>
            <line num="774" count="0" type="stmt"/>
            <line num="775" count="0" type="stmt"/>
            <line num="777" count="0" type="stmt"/>
            <line num="781" count="63" visibility="public" complexity="3" type="method" signature="writeRaw(char[],int,int) : void"/>
            <line num="785" count="63" type="stmt"/>
            <line num="785" falsecount="63" type="cond" truecount="0"/>
            <line num="786" count="0" type="stmt"/>
            <line num="788" count="63" type="stmt"/>
            <line num="789" count="63" type="stmt"/>
            <line num="791" count="0" type="stmt"/>
            <line num="795" count="0" visibility="public" complexity="1" type="method" signature="writeRaw(char) : void"/>
            <line num="798" count="0" type="stmt"/>
            <line num="807" count="1" visibility="public" complexity="7" type="method" signature="writeBinary(Base64Variant,byte[],int,int) : void"/>
            <line num="811" count="1" type="stmt"/>
            <line num="811" falsecount="1" type="cond" truecount="0"/>
            <line num="812" count="0" type="stmt"/>
            <line num="813" count="0" type="stmt"/>
            <line num="815" count="1" type="stmt"/>
            <line num="816" count="1" type="stmt"/>
            <line num="816" falsecount="1" type="cond" truecount="0"/>
            <line num="817" count="0" type="stmt"/>
            <line num="819" count="1" type="stmt"/>
            <line num="820" count="1" type="stmt"/>
            <line num="820" falsecount="1" type="cond" truecount="0"/>
            <line num="822" count="0" type="stmt"/>
            <line num="823" count="0" type="stmt"/>
            <line num="824" count="1" type="stmt"/>
            <line num="824" falsecount="1" type="cond" truecount="0"/>
            <line num="826" count="0" type="stmt"/>
            <line num="828" count="1" type="stmt"/>
            <line num="828" falsecount="1" type="cond" truecount="0"/>
            <line num="829" count="0" type="stmt"/>
            <line num="833" count="1" type="stmt"/>
            <line num="834" count="1" type="stmt"/>
            <line num="835" count="1" type="stmt"/>
            <line num="839" count="0" type="stmt"/>
            <line num="843" count="5" visibility="public" complexity="7" type="method" signature="writeBinary(Base64Variant,InputStream,int) : int"/>
            <line num="846" count="5" type="stmt"/>
            <line num="846" falsecount="5" type="cond" truecount="0"/>
            <line num="847" count="0" type="stmt"/>
            <line num="848" count="0" type="stmt"/>
            <line num="850" count="5" type="stmt"/>
            <line num="851" count="5" type="stmt"/>
            <line num="851" falsecount="5" type="cond" truecount="0"/>
            <line num="852" count="0" type="stmt"/>
            <line num="854" count="5" type="stmt"/>
            <line num="855" count="5" type="stmt"/>
            <line num="855" falsecount="5" type="cond" truecount="0"/>
            <line num="857" count="0" type="stmt"/>
            <line num="858" count="0" type="stmt"/>
            <line num="859" count="5" type="stmt"/>
            <line num="859" falsecount="5" type="cond" truecount="0"/>
            <line num="861" count="0" type="stmt"/>
            <line num="864" count="5" type="stmt"/>
            <line num="864" falsecount="5" type="cond" truecount="0"/>
            <line num="865" count="0" type="stmt"/>
            <line num="869" count="5" type="stmt"/>
            <line num="870" count="5" type="stmt"/>
            <line num="871" count="5" type="stmt"/>
            <line num="875" count="0" type="stmt"/>
            <line num="878" count="5" type="stmt"/>
            <line num="881" count="5" visibility="private" complexity="5" type="method" signature="writeStreamAsBinary(InputStream,int) : void"/>
            <line num="884" count="5" type="stmt"/>
            <line num="885" count="5" type="stmt"/>
            <line num="886" count="5" type="stmt"/>
            <line num="887" count="5" type="stmt"/>
            <line num="887" falsecount="0" type="cond" truecount="0"/>
            <line num="888" count="5" type="stmt"/>
            <line num="889" count="5" type="stmt"/>
            <line num="890" count="5" type="stmt"/>
            <line num="890" falsecount="3" type="cond" truecount="2"/>
            <line num="891" count="2" type="stmt"/>
            <line num="892" count="2" type="stmt"/>
            <line num="894" count="5" type="stmt"/>
            <line num="894" falsecount="1" type="cond" truecount="4"/>
            <line num="895" count="4" type="stmt"/>
            <line num="900" count="5" type="stmt"/>
            <line num="900" falsecount="2" type="cond" truecount="3"/>
            <line num="901" count="3" type="stmt"/>
            <line num="906" count="0" visibility="private" complexity="4" type="method" signature="toFullBuffer(byte[],int,int) : byte[]"/>
            <line num="909" count="0" type="stmt"/>
            <line num="909" falsecount="0" type="cond" truecount="0"/>
            <line num="910" count="0" type="stmt"/>
            <line num="912" count="0" type="stmt"/>
            <line num="913" count="0" type="stmt"/>
            <line num="913" falsecount="0" type="cond" truecount="0"/>
            <line num="914" count="0" type="stmt"/>
            <line num="916" count="0" type="stmt"/>
            <line num="919" count="0" visibility="private" complexity="3" type="method" signature="toFullBuffer(InputStream,int) : byte[]"/>
            <line num="921" count="0" type="stmt"/>
            <line num="922" count="0" type="stmt"/>
            <line num="924" count="0" type="stmt"/>
            <line num="924" falsecount="0" type="cond" truecount="0"/>
            <line num="925" count="0" type="stmt"/>
            <line num="926" count="0" type="stmt"/>
            <line num="926" falsecount="0" type="cond" truecount="0"/>
            <line num="927" count="0" type="stmt"/>
            <line num="929" count="0" type="stmt"/>
            <line num="931" count="0" type="stmt"/>
            <line num="940" count="24" visibility="public" complexity="6" type="method" signature="writeBoolean(boolean) : void"/>
            <line num="943" count="24" type="stmt"/>
            <line num="944" count="24" type="stmt"/>
            <line num="944" falsecount="24" type="cond" truecount="0"/>
            <line num="945" count="0" type="stmt"/>
            <line num="947" count="24" type="stmt"/>
            <line num="948" count="24" type="stmt"/>
            <line num="948" falsecount="24" type="cond" truecount="0"/>
            <line num="949" count="0" type="stmt"/>
            <line num="950" count="24" type="stmt"/>
            <line num="950" falsecount="24" type="cond" truecount="0"/>
            <line num="952" count="0" type="stmt"/>
            <line num="954" count="24" type="stmt"/>
            <line num="954" falsecount="24" type="cond" truecount="0"/>
            <line num="955" count="0" type="stmt"/>
            <line num="959" count="24" type="stmt"/>
            <line num="960" count="24" type="stmt"/>
            <line num="961" count="24" type="stmt"/>
            <line num="965" count="0" type="stmt"/>
            <line num="969" count="12" visibility="public" complexity="6" type="method" signature="writeNull() : void"/>
            <line num="972" count="12" type="stmt"/>
            <line num="973" count="12" type="stmt"/>
            <line num="973" falsecount="12" type="cond" truecount="0"/>
            <line num="974" count="0" type="stmt"/>
            <line num="977" count="12" type="stmt"/>
            <line num="978" count="12" type="stmt"/>
            <line num="978" falsecount="11" type="cond" truecount="1"/>
            <line num="982" count="11" type="stmt"/>
            <line num="982" falsecount="11" type="cond" truecount="0"/>
            <line num="985" count="11" type="stmt"/>
            <line num="985" falsecount="7" type="cond" truecount="4"/>
            <line num="986" count="4" type="stmt"/>
            <line num="989" count="7" type="stmt"/>
            <line num="993" count="0" type="stmt"/>
            <line num="997" count="99" visibility="public" complexity="6" type="method" signature="writeNumber(int) : void"/>
            <line num="1000" count="99" type="stmt"/>
            <line num="1001" count="99" type="stmt"/>
            <line num="1001" falsecount="99" type="cond" truecount="0"/>
            <line num="1002" count="0" type="stmt"/>
            <line num="1004" count="99" type="stmt"/>
            <line num="1005" count="99" type="stmt"/>
            <line num="1005" falsecount="79" type="cond" truecount="20"/>
            <line num="1006" count="20" type="stmt"/>
            <line num="1007" count="79" type="stmt"/>
            <line num="1007" falsecount="79" type="cond" truecount="0"/>
            <line num="1009" count="0" type="stmt"/>
            <line num="1011" count="79" type="stmt"/>
            <line num="1011" falsecount="69" type="cond" truecount="10"/>
            <line num="1012" count="10" type="stmt"/>
            <line num="1016" count="69" type="stmt"/>
            <line num="1017" count="69" type="stmt"/>
            <line num="1018" count="69" type="stmt"/>
            <line num="1022" count="0" type="stmt"/>
            <line num="1026" count="14" visibility="public" complexity="6" type="method" signature="writeNumber(long) : void"/>
            <line num="1029" count="14" type="stmt"/>
            <line num="1030" count="14" type="stmt"/>
            <line num="1030" falsecount="14" type="cond" truecount="0"/>
            <line num="1031" count="0" type="stmt"/>
            <line num="1033" count="14" type="stmt"/>
            <line num="1034" count="14" type="stmt"/>
            <line num="1034" falsecount="13" type="cond" truecount="1"/>
            <line num="1035" count="1" type="stmt"/>
            <line num="1036" count="13" type="stmt"/>
            <line num="1036" falsecount="13" type="cond" truecount="0"/>
            <line num="1037" count="0" type="stmt"/>
            <line num="1039" count="13" type="stmt"/>
            <line num="1039" falsecount="3" type="cond" truecount="10"/>
            <line num="1040" count="10" type="stmt"/>
            <line num="1044" count="3" type="stmt"/>
            <line num="1045" count="3" type="stmt"/>
            <line num="1046" count="3" type="stmt"/>
            <line num="1050" count="0" type="stmt"/>
            <line num="1054" count="0" visibility="public" complexity="6" type="method" signature="writeNumber(double) : void"/>
            <line num="1057" count="0" type="stmt"/>
            <line num="1058" count="0" type="stmt"/>
            <line num="1058" falsecount="0" type="cond" truecount="0"/>
            <line num="1059" count="0" type="stmt"/>
            <line num="1061" count="0" type="stmt"/>
            <line num="1062" count="0" type="stmt"/>
            <line num="1062" falsecount="0" type="cond" truecount="0"/>
            <line num="1063" count="0" type="stmt"/>
            <line num="1064" count="0" type="stmt"/>
            <line num="1064" falsecount="0" type="cond" truecount="0"/>
            <line num="1065" count="0" type="stmt"/>
            <line num="1067" count="0" type="stmt"/>
            <line num="1067" falsecount="0" type="cond" truecount="0"/>
            <line num="1068" count="0" type="stmt"/>
            <line num="1072" count="0" type="stmt"/>
            <line num="1073" count="0" type="stmt"/>
            <line num="1074" count="0" type="stmt"/>
            <line num="1078" count="0" type="stmt"/>
            <line num="1082" count="0" visibility="public" complexity="6" type="method" signature="writeNumber(float) : void"/>
            <line num="1085" count="0" type="stmt"/>
            <line num="1086" count="0" type="stmt"/>
            <line num="1086" falsecount="0" type="cond" truecount="0"/>
            <line num="1087" count="0" type="stmt"/>
            <line num="1089" count="0" type="stmt"/>
            <line num="1090" count="0" type="stmt"/>
            <line num="1090" falsecount="0" type="cond" truecount="0"/>
            <line num="1091" count="0" type="stmt"/>
            <line num="1092" count="0" type="stmt"/>
            <line num="1092" falsecount="0" type="cond" truecount="0"/>
            <line num="1093" count="0" type="stmt"/>
            <line num="1095" count="0" type="stmt"/>
            <line num="1095" falsecount="0" type="cond" truecount="0"/>
            <line num="1096" count="0" type="stmt"/>
            <line num="1100" count="0" type="stmt"/>
            <line num="1101" count="0" type="stmt"/>
            <line num="1102" count="0" type="stmt"/>
            <line num="1106" count="0" type="stmt"/>
            <line num="1110" count="0" visibility="public" complexity="11" type="method" signature="writeNumber(BigDecimal) : void"/>
            <line num="1113" count="0" type="stmt"/>
            <line num="1113" falsecount="0" type="cond" truecount="0"/>
            <line num="1114" count="0" type="stmt"/>
            <line num="1115" count="0" type="stmt"/>
            <line num="1117" count="0" type="stmt"/>
            <line num="1118" count="0" type="stmt"/>
            <line num="1118" falsecount="0" type="cond" truecount="0"/>
            <line num="1119" count="0" type="stmt"/>
            <line num="1121" count="0" type="stmt"/>
            <line num="1122" count="0" type="stmt"/>
            <line num="1123" count="0" type="stmt"/>
            <line num="1123" falsecount="0" type="cond" truecount="0"/>
            <line num="1124" count="0" type="stmt"/>
            <line num="1124" falsecount="0" type="cond" truecount="0"/>
            <line num="1125" count="0" type="stmt"/>
            <line num="1128" count="0" type="stmt"/>
            <line num="1130" count="0" type="stmt"/>
            <line num="1130" falsecount="0" type="cond" truecount="0"/>
            <line num="1131" count="0" type="stmt"/>
            <line num="1131" falsecount="0" type="cond" truecount="0"/>
            <line num="1132" count="0" type="stmt"/>
            <line num="1134" count="0" type="stmt"/>
            <line num="1137" count="0" type="stmt"/>
            <line num="1137" falsecount="0" type="cond" truecount="0"/>
            <line num="1138" count="0" type="stmt"/>
            <line num="1138" falsecount="0" type="cond" truecount="0"/>
            <line num="1139" count="0" type="stmt"/>
            <line num="1143" count="0" type="stmt"/>
            <line num="1148" count="0" type="stmt"/>
            <line num="1149" count="0" type="stmt"/>
            <line num="1149" falsecount="0" type="cond" truecount="0"/>
            <line num="1150" count="0" type="stmt"/>
            <line num="1152" count="0" type="stmt"/>
            <line num="1154" count="0" type="stmt"/>
            <line num="1158" count="0" type="stmt"/>
            <line num="1162" count="0" visibility="public" complexity="7" type="method" signature="writeNumber(BigInteger) : void"/>
            <line num="1165" count="0" type="stmt"/>
            <line num="1165" falsecount="0" type="cond" truecount="0"/>
            <line num="1166" count="0" type="stmt"/>
            <line num="1167" count="0" type="stmt"/>
            <line num="1169" count="0" type="stmt"/>
            <line num="1170" count="0" type="stmt"/>
            <line num="1170" falsecount="0" type="cond" truecount="0"/>
            <line num="1171" count="0" type="stmt"/>
            <line num="1173" count="0" type="stmt"/>
            <line num="1174" count="0" type="stmt"/>
            <line num="1174" falsecount="0" type="cond" truecount="0"/>
            <line num="1175" count="0" type="stmt"/>
            <line num="1177" count="0" type="stmt"/>
            <line num="1177" falsecount="0" type="cond" truecount="0"/>
            <line num="1178" count="0" type="stmt"/>
            <line num="1180" count="0" type="stmt"/>
            <line num="1180" falsecount="0" type="cond" truecount="0"/>
            <line num="1181" count="0" type="stmt"/>
            <line num="1185" count="0" type="stmt"/>
            <line num="1186" count="0" type="stmt"/>
            <line num="1187" count="0" type="stmt"/>
            <line num="1191" count="0" type="stmt"/>
            <line num="1195" count="0" visibility="public" complexity="1" type="method" signature="writeNumber(String) : void"/>
            <line num="1198" count="0" type="stmt"/>
            <line num="1207" count="630" visibility="protected" complexity="2" type="method" signature="_verifyValueWrite(String) : void"/>
            <line num="1210" count="630" type="stmt"/>
            <line num="1211" count="630" type="stmt"/>
            <line num="1211" falsecount="630" type="cond" truecount="0"/>
            <line num="1212" count="0" type="stmt"/>
            <line num="1222" count="5" visibility="public" complexity="3" type="method" signature="flush() : void"/>
            <line num="1225" count="5" type="stmt"/>
            <line num="1225" falsecount="0" type="cond" truecount="5"/>
            <line num="1226" count="5" type="stmt"/>
            <line num="1227" count="5" type="stmt"/>
            <line num="1229" count="0" type="stmt"/>
            <line num="1234" count="110" visibility="public" complexity="8" type="method" signature="close() : void"/>
            <line num="1238" count="110" type="stmt"/>
            <line num="1241" count="110" type="stmt"/>
            <line num="1241" falsecount="0" type="cond" truecount="110"/>
            <line num="1242" count="110" type="stmt"/>
            <line num="1243" count="110" type="stmt"/>
            <line num="1249" count="110" type="stmt"/>
            <line num="1250" count="110" type="stmt"/>
            <line num="1250" falsecount="110" type="cond" truecount="0"/>
            <line num="1251" count="0" type="stmt"/>
            <line num="1252" count="110" type="stmt"/>
            <line num="1252" falsecount="110" type="cond" truecount="0"/>
            <line num="1253" count="0" type="stmt"/>
            <line num="1255" count="110" type="stmt"/>
            <line num="1262" count="0" type="stmt"/>
            <line num="1265" count="110" type="stmt"/>
            <line num="1266" count="110" type="stmt"/>
            <line num="1266" falsecount="0" type="cond" truecount="110"/>
            <line num="1267" count="110" type="stmt"/>
            <line num="1269" count="0" type="stmt"/>
            <line num="1272" count="0" type="stmt"/>
            <line num="1276" count="0" visibility="protected" complexity="1" type="method" signature="_releaseBuffers() : void"/>
            <line num="1292" count="334" visibility="protected" complexity="2" type="method" signature="checkNextIsUnwrapped() : boolean"/>
            <line num="1294" count="334" type="stmt"/>
            <line num="1294" falsecount="327" type="cond" truecount="7"/>
            <line num="1295" count="7" type="stmt"/>
            <line num="1296" count="7" type="stmt"/>
            <line num="1298" count="327" type="stmt"/>
            <line num="1301" count="0" visibility="protected" complexity="1" type="method" signature="handleMissingName() : void"/>
            <line num="1302" count="0" type="stmt"/>
            <line num="1308" count="0" visibility="protected" complexity="1" type="method" signature="_reportUnimplementedStax2(String) : void"/>
            <line num="1310" count="0" type="stmt"/>
         </file>
         <file name="UnwrappingXmlBeanSerializer.java" path="/home/stg/omc_experiments/subjects/jackson-dataformat-xml/src/main/java/com/fasterxml/jackson/dataformat/xml/ser/UnwrappingXmlBeanSerializer.java">
            <metrics classes="1" methods="12" conditionals="4" ncloc="82" coveredstatements="6" coveredmethods="3" complexity="14" coveredconditionals="2" statements="21" loc="146" coveredelements="11" elements="37"/>
            <class name="UnwrappingXmlBeanSerializer">
               <metrics methods="12" conditionals="4" coveredstatements="6" coveredmethods="3" complexity="14" coveredconditionals="2" statements="21" coveredelements="11" elements="37"/>
            </class>
            <line num="41" count="3" visibility="public" complexity="1" type="method" signature="UnwrappingXmlBeanSerializer(XmlBeanSerializerBase,NameTransformer)"/>
            <line num="43" count="3" type="stmt"/>
            <line num="44" count="3" type="stmt"/>
            <line num="47" count="0" visibility="public" complexity="1" type="method" signature="UnwrappingXmlBeanSerializer(UnwrappingXmlBeanSerializer,ObjectIdWriter)"/>
            <line num="49" count="0" type="stmt"/>
            <line num="50" count="0" type="stmt"/>
            <line num="53" count="0" visibility="public" complexity="1" type="method" signature="UnwrappingXmlBeanSerializer(UnwrappingXmlBeanSerializer,ObjectIdWriter,Object)"/>
            <line num="55" count="0" type="stmt"/>
            <line num="56" count="0" type="stmt"/>
            <line num="59" count="0" visibility="protected" complexity="1" type="method" signature="UnwrappingXmlBeanSerializer(UnwrappingXmlBeanSerializer,Set&lt;String&gt;)"/>
            <line num="61" count="0" type="stmt"/>
            <line num="62" count="0" type="stmt"/>
            <line num="71" count="0" visibility="public" complexity="1" type="method" signature="unwrappingSerializer(NameTransformer) : JsonSerializer&lt;Object&gt;"/>
            <line num="75" count="0" type="stmt"/>
            <line num="78" count="4" visibility="public" complexity="1" type="method" signature="isUnwrappingSerializer() : boolean"/>
            <line num="81" count="4" type="stmt"/>
            <line num="84" count="0" visibility="public" complexity="1" type="method" signature="withObjectIdWriter(ObjectIdWriter) : BeanSerializerBase"/>
            <line num="87" count="0" type="stmt"/>
            <line num="90" count="0" visibility="public" complexity="1" type="method" signature="withFilterId(Object) : BeanSerializerBase"/>
            <line num="93" count="0" type="stmt"/>
            <line num="96" count="0" visibility="protected" complexity="1" type="method" signature="withIgnorals(Set&lt;String&gt;) : BeanSerializerBase"/>
            <line num="98" count="0" type="stmt"/>
            <line num="105" count="0" visibility="protected" complexity="1" type="method" signature="asArraySerializer() : BeanSerializerBase"/>
            <line num="107" count="0" type="stmt"/>
            <line num="120" count="3" visibility="public" complexity="3" type="method" signature="serialize(Object,JsonGenerator,SerializerProvider) : void"/>
            <line num="124" count="3" type="stmt"/>
            <line num="124" falsecount="3" type="cond" truecount="0"/>
            <line num="125" count="0" type="stmt"/>
            <line num="126" count="0" type="stmt"/>
            <line num="128" count="3" type="stmt"/>
            <line num="128" falsecount="3" type="cond" truecount="0"/>
            <line num="129" count="0" type="stmt"/>
            <line num="131" count="3" type="stmt"/>
            <line num="141" count="0" visibility="public" complexity="1" type="method" signature="toString() : String"/>
            <line num="144" count="0" type="stmt"/>
         </file>
         <file name="XmlBeanPropertyWriter.java" path="/home/stg/omc_experiments/subjects/jackson-dataformat-xml/src/main/java/com/fasterxml/jackson/dataformat/xml/ser/XmlBeanPropertyWriter.java">
            <metrics classes="1" methods="4" conditionals="30" ncloc="81" coveredstatements="29" coveredmethods="4" complexity="19" coveredconditionals="18" statements="38" loc="153" coveredelements="51" elements="72"/>
            <class name="XmlBeanPropertyWriter">
               <metrics methods="4" conditionals="30" coveredstatements="29" coveredmethods="4" complexity="19" coveredconditionals="18" statements="38" coveredelements="51" elements="72"/>
            </class>
            <line num="41" count="22" visibility="public" complexity="1" type="method" signature="XmlBeanPropertyWriter(BeanPropertyWriter,PropertyName,PropertyName)"/>
            <line num="43" count="22" type="stmt"/>
            <line num="46" count="22" visibility="public" complexity="2" type="method" signature="XmlBeanPropertyWriter(BeanPropertyWriter,PropertyName,PropertyName,JsonSerializer&lt;Object&gt;)"/>
            <line num="50" count="22" type="stmt"/>
            <line num="51" count="22" type="stmt"/>
            <line num="52" count="22" type="stmt"/>
            <line num="54" count="22" type="stmt"/>
            <line num="54" falsecount="22" type="cond" truecount="0"/>
            <line num="55" count="0" type="stmt"/>
            <line num="59" count="44" visibility="private" complexity="2" type="method" signature="_qname(PropertyName) : QName"/>
            <line num="61" count="44" type="stmt"/>
            <line num="62" count="44" type="stmt"/>
            <line num="62" falsecount="11" type="cond" truecount="33"/>
            <line num="63" count="33" type="stmt"/>
            <line num="65" count="44" type="stmt"/>
            <line num="78" count="25" visibility="public" complexity="14" type="method" signature="serializeAsField(Object,JsonGenerator,SerializerProvider) : void"/>
            <line num="82" count="25" type="stmt"/>
            <line num="92" count="25" type="stmt"/>
            <line num="92" falsecount="24" type="cond" truecount="1"/>
            <line num="106" count="1" type="stmt"/>
            <line num="110" count="24" type="stmt"/>
            <line num="111" count="24" type="stmt"/>
            <line num="111" falsecount="9" type="cond" truecount="15"/>
            <line num="112" count="15" type="stmt"/>
            <line num="113" count="15" type="stmt"/>
            <line num="114" count="15" type="stmt"/>
            <line num="115" count="15" type="stmt"/>
            <line num="115" falsecount="3" type="cond" truecount="12"/>
            <line num="116" count="12" type="stmt"/>
            <line num="120" count="24" type="stmt"/>
            <line num="120" falsecount="24" type="cond" truecount="0"/>
            <line num="121" count="0" type="stmt"/>
            <line num="121" falsecount="0" type="cond" truecount="0"/>
            <line num="122" count="0" type="stmt"/>
            <line num="122" falsecount="0" type="cond" truecount="0"/>
            <line num="123" count="0" type="stmt"/>
            <line num="125" count="0" type="stmt"/>
            <line num="125" falsecount="0" type="cond" truecount="0"/>
            <line num="126" count="0" type="stmt"/>
            <line num="130" count="24" type="stmt"/>
            <line num="130" falsecount="24" type="cond" truecount="0"/>
            <line num="132" count="0" type="stmt"/>
            <line num="132" falsecount="0" type="cond" truecount="0"/>
            <line num="133" count="0" type="stmt"/>
            <line num="137" count="24" type="stmt"/>
            <line num="137" falsecount="2" type="cond" truecount="22"/>
            <line num="140" count="24" type="stmt"/>
            <line num="140" falsecount="2" type="cond" truecount="22"/>
            <line num="141" count="22" type="stmt"/>
            <line num="143" count="24" type="stmt"/>
            <line num="144" count="24" type="stmt"/>
            <line num="144" falsecount="0" type="cond" truecount="24"/>
            <line num="145" count="24" type="stmt"/>
            <line num="147" count="0" type="stmt"/>
            <line num="149" count="24" type="stmt"/>
            <line num="149" falsecount="2" type="cond" truecount="22"/>
            <line num="150" count="22" type="stmt"/>
         </file>
         <file name="XmlBeanSerializer.java" path="/home/stg/omc_experiments/subjects/jackson-dataformat-xml/src/main/java/com/fasterxml/jackson/dataformat/xml/ser/XmlBeanSerializer.java">
            <metrics classes="1" methods="11" conditionals="6" ncloc="74" coveredstatements="10" coveredmethods="5" complexity="16" coveredconditionals="3" statements="20" loc="132" coveredelements="18" elements="37"/>
            <class name="XmlBeanSerializer">
               <metrics methods="11" conditionals="6" coveredstatements="10" coveredmethods="5" complexity="16" coveredconditionals="3" statements="20" coveredelements="18" elements="37"/>
            </class>
            <line num="30" count="121" visibility="public" complexity="1" type="method" signature="XmlBeanSerializer(BeanSerializerBase)"/>
            <line num="31" count="121" type="stmt"/>
            <line num="34" count="1" visibility="public" complexity="1" type="method" signature="XmlBeanSerializer(XmlBeanSerializerBase,ObjectIdWriter,Object)"/>
            <line num="35" count="1" type="stmt"/>
            <line num="38" count="0" visibility="public" complexity="1" type="method" signature="XmlBeanSerializer(XmlBeanSerializerBase,ObjectIdWriter)"/>
            <line num="39" count="0" type="stmt"/>
            <line num="42" count="0" visibility="public" complexity="1" type="method" signature="XmlBeanSerializer(XmlBeanSerializerBase,Set&lt;String&gt;)"/>
            <line num="43" count="0" type="stmt"/>
            <line num="52" count="3" visibility="public" complexity="1" type="method" signature="unwrappingSerializer(NameTransformer) : JsonSerializer&lt;Object&gt;"/>
            <line num="54" count="3" type="stmt"/>
            <line num="57" count="1" visibility="public" complexity="1" type="method" signature="withObjectIdWriter(ObjectIdWriter) : BeanSerializerBase"/>
            <line num="59" count="1" type="stmt"/>
            <line num="62" count="0" visibility="public" complexity="1" type="method" signature="withFilterId(Object) : BeanSerializerBase"/>
            <line num="64" count="0" type="stmt"/>
            <line num="67" count="0" visibility="protected" complexity="1" type="method" signature="withIgnorals(Set&lt;String&gt;) : BeanSerializerBase"/>
            <line num="69" count="0" type="stmt"/>
            <line num="78" count="0" visibility="protected" complexity="4" type="method" signature="asArraySerializer() : BeanSerializerBase"/>
            <line num="86" count="0" type="stmt"/>
            <line num="86" falsecount="0" type="cond" truecount="0"/>
            <line num="90" count="0" type="stmt"/>
            <line num="93" count="0" type="stmt"/>
            <line num="106" count="168" visibility="public" complexity="3" type="method" signature="serialize(Object,JsonGenerator,SerializerProvider) : void"/>
            <line num="109" count="168" type="stmt"/>
            <line num="109" falsecount="168" type="cond" truecount="0"/>
            <line num="110" count="0" type="stmt"/>
            <line num="111" count="0" type="stmt"/>
            <line num="113" count="168" type="stmt"/>
            <line num="114" count="168" type="stmt"/>
            <line num="114" falsecount="167" type="cond" truecount="1"/>
            <line num="115" count="1" type="stmt"/>
            <line num="117" count="167" type="stmt"/>
            <line num="119" count="168" type="stmt"/>
            <line num="128" count="0" visibility="public" complexity="1" type="method" signature="toString() : String"/>
            <line num="130" count="0" type="stmt"/>
         </file>
         <file name="XmlBeanSerializerBase.java" path="/home/stg/omc_experiments/subjects/jackson-dataformat-xml/src/main/java/com/fasterxml/jackson/dataformat/xml/ser/XmlBeanSerializerBase.java">
            <metrics classes="1" methods="12" conditionals="82" ncloc="290" coveredstatements="130" coveredmethods="10" complexity="66" coveredconditionals="58" statements="167" loc="395" coveredelements="198" elements="261"/>
            <class name="XmlBeanSerializerBase">
               <metrics methods="12" conditionals="82" coveredstatements="130" coveredmethods="10" complexity="66" coveredconditionals="58" statements="167" coveredelements="198" elements="261"/>
            </class>
            <line num="62" count="121" visibility="public" complexity="10" type="method" signature="XmlBeanSerializerBase(BeanSerializerBase)"/>
            <line num="64" count="121" type="stmt"/>
            <line num="69" count="121" type="stmt"/>
            <line num="70" count="121" type="stmt"/>
            <line num="71" count="182" type="stmt"/>
            <line num="71" falsecount="154" type="cond" truecount="28"/>
            <line num="72" count="28" type="stmt"/>
            <line num="73" count="28" type="stmt"/>
            <line num="76" count="121" type="stmt"/>
            <line num="79" count="121" type="stmt"/>
            <line num="80" count="121" type="stmt"/>
            <line num="80" falsecount="121" type="cond" truecount="205"/>
            <line num="81" count="205" type="stmt"/>
            <line num="82" count="205" type="stmt"/>
            <line num="82" falsecount="203" type="cond" truecount="2"/>
            <line num="83" count="2" type="stmt"/>
            <line num="83" falsecount="0" type="cond" truecount="2"/>
            <line num="84" count="2" type="stmt"/>
            <line num="86" count="2" type="stmt"/>
            <line num="89" count="121" type="stmt"/>
            <line num="92" count="121" type="stmt"/>
            <line num="93" count="121" type="stmt"/>
            <line num="94" count="121" type="stmt"/>
            <line num="94" falsecount="121" type="cond" truecount="205"/>
            <line num="95" count="205" type="stmt"/>
            <line num="96" count="205" type="stmt"/>
            <line num="97" count="205" type="stmt"/>
            <line num="98" count="205" type="stmt"/>
            <line num="98" falsecount="0" type="cond" truecount="205"/>
            <line num="99" count="205" type="stmt"/>
            <line num="100" count="205" type="stmt"/>
            <line num="100" falsecount="199" type="cond" truecount="6"/>
            <line num="101" count="6" type="stmt"/>
            <line num="104" count="205" type="stmt"/>
            <line num="104" falsecount="205" type="cond" truecount="0"/>
            <line num="106" count="121" type="stmt"/>
            <line num="109" count="0" visibility="protected" complexity="1" type="method" signature="XmlBeanSerializerBase(XmlBeanSerializerBase,ObjectIdWriter)"/>
            <line num="111" count="0" type="stmt"/>
            <line num="112" count="0" type="stmt"/>
            <line num="113" count="0" type="stmt"/>
            <line num="114" count="0" type="stmt"/>
            <line num="115" count="0" type="stmt"/>
            <line num="118" count="1" visibility="protected" complexity="1" type="method" signature="XmlBeanSerializerBase(XmlBeanSerializerBase,ObjectIdWriter,Object)"/>
            <line num="120" count="1" type="stmt"/>
            <line num="121" count="1" type="stmt"/>
            <line num="122" count="1" type="stmt"/>
            <line num="123" count="1" type="stmt"/>
            <line num="124" count="1" type="stmt"/>
            <line num="127" count="0" visibility="protected" complexity="1" type="method" signature="XmlBeanSerializerBase(XmlBeanSerializerBase,Set&lt;String&gt;)"/>
            <line num="129" count="0" type="stmt"/>
            <line num="130" count="0" type="stmt"/>
            <line num="131" count="0" type="stmt"/>
            <line num="132" count="0" type="stmt"/>
            <line num="133" count="0" type="stmt"/>
            <line num="136" count="3" visibility="public" complexity="1" type="method" signature="XmlBeanSerializerBase(XmlBeanSerializerBase,NameTransformer)"/>
            <line num="138" count="3" type="stmt"/>
            <line num="139" count="3" type="stmt"/>
            <line num="140" count="3" type="stmt"/>
            <line num="141" count="3" type="stmt"/>
            <line num="142" count="3" type="stmt"/>
            <line num="156" count="177" visibility="protected" complexity="19" type="method" signature="serializeFields(Object,JsonGenerator,SerializerProvider) : void"/>
            <line num="161" count="177" type="stmt"/>
            <line num="161" falsecount="173" type="cond" truecount="4"/>
            <line num="162" count="4" type="stmt"/>
            <line num="163" count="4" type="stmt"/>
            <line num="165" count="173" type="stmt"/>
            <line num="166" count="173" type="stmt"/>
            <line num="167" count="173" type="stmt"/>
            <line num="167" falsecount="170" type="cond" truecount="3"/>
            <line num="168" count="3" type="stmt"/>
            <line num="170" count="170" type="stmt"/>
            <line num="173" count="173" type="stmt"/>
            <line num="174" count="173" type="stmt"/>
            <line num="175" count="173" type="stmt"/>
            <line num="175" falsecount="137" type="cond" truecount="36"/>
            <line num="176" count="36" type="stmt"/>
            <line num="178" count="173" type="stmt"/>
            <line num="179" count="173" type="stmt"/>
            <line num="180" count="173" type="stmt"/>
            <line num="181" count="173" type="stmt"/>
            <line num="183" count="173" type="stmt"/>
            <line num="184" count="173" type="stmt"/>
            <line num="184" falsecount="173" type="cond" truecount="388"/>
            <line num="187" count="388" type="stmt"/>
            <line num="187" falsecount="230" type="cond" truecount="158"/>
            <line num="188" count="158" type="stmt"/>
            <line num="191" count="388" type="stmt"/>
            <line num="191" falsecount="380" type="cond" truecount="8"/>
            <line num="192" count="8" type="stmt"/>
            <line num="194" count="388" type="stmt"/>
            <line num="195" count="388" type="stmt"/>
            <line num="196" count="388" type="stmt"/>
            <line num="196" falsecount="0" type="cond" truecount="388"/>
            <line num="197" count="388" type="stmt"/>
            <line num="197" falsecount="386" type="cond" truecount="2"/>
            <line num="198" count="2" type="stmt"/>
            <line num="199" count="2" type="stmt"/>
            <line num="200" count="2" type="stmt"/>
            <line num="202" count="386" type="stmt"/>
            <line num="207" count="388" type="stmt"/>
            <line num="207" falsecount="380" type="cond" truecount="8"/>
            <line num="208" count="8" type="stmt"/>
            <line num="211" count="173" type="stmt"/>
            <line num="211" falsecount="172" type="cond" truecount="1"/>
            <line num="214" count="1" type="stmt"/>
            <line num="215" count="1" type="stmt"/>
            <line num="218" count="0" type="stmt"/>
            <line num="218" falsecount="0" type="cond" truecount="0"/>
            <line num="219" count="0" type="stmt"/>
            <line num="221" count="0" type="stmt"/>
            <line num="223" count="0" type="stmt"/>
            <line num="223" falsecount="0" type="cond" truecount="0"/>
            <line num="224" count="0" type="stmt"/>
            <line num="225" count="0" type="stmt"/>
            <line num="229" count="1" visibility="protected" complexity="19" type="method" signature="serializeFieldsFiltered(Object,JsonGenerator,SerializerProvider) : void"/>
            <line num="235" count="1" type="stmt"/>
            <line num="235" falsecount="1" type="cond" truecount="0"/>
            <line num="236" count="0" type="stmt"/>
            <line num="237" count="0" type="stmt"/>
            <line num="240" count="1" type="stmt"/>
            <line num="242" count="1" type="stmt"/>
            <line num="243" count="1" type="stmt"/>
            <line num="243" falsecount="1" type="cond" truecount="0"/>
            <line num="244" count="0" type="stmt"/>
            <line num="246" count="1" type="stmt"/>
            <line num="248" count="1" type="stmt"/>
            <line num="250" count="1" type="stmt"/>
            <line num="250" falsecount="1" type="cond" truecount="0"/>
            <line num="251" count="0" type="stmt"/>
            <line num="252" count="0" type="stmt"/>
            <line num="255" count="1" type="stmt"/>
            <line num="256" count="1" type="stmt"/>
            <line num="257" count="1" type="stmt"/>
            <line num="257" falsecount="0" type="cond" truecount="1"/>
            <line num="258" count="1" type="stmt"/>
            <line num="260" count="1" type="stmt"/>
            <line num="261" count="1" type="stmt"/>
            <line num="262" count="1" type="stmt"/>
            <line num="264" count="1" type="stmt"/>
            <line num="265" count="1" type="stmt"/>
            <line num="266" count="1" type="stmt"/>
            <line num="266" falsecount="1" type="cond" truecount="2"/>
            <line num="269" count="2" type="stmt"/>
            <line num="269" falsecount="1" type="cond" truecount="1"/>
            <line num="270" count="1" type="stmt"/>
            <line num="273" count="2" type="stmt"/>
            <line num="273" falsecount="2" type="cond" truecount="0"/>
            <line num="274" count="0" type="stmt"/>
            <line num="276" count="2" type="stmt"/>
            <line num="277" count="2" type="stmt"/>
            <line num="278" count="2" type="stmt"/>
            <line num="278" falsecount="0" type="cond" truecount="2"/>
            <line num="279" count="2" type="stmt"/>
            <line num="279" falsecount="2" type="cond" truecount="0"/>
            <line num="280" count="0" type="stmt"/>
            <line num="281" count="0" type="stmt"/>
            <line num="282" count="0" type="stmt"/>
            <line num="284" count="2" type="stmt"/>
            <line num="288" count="1" type="stmt"/>
            <line num="288" falsecount="1" type="cond" truecount="0"/>
            <line num="291" count="0" type="stmt"/>
            <line num="292" count="0" type="stmt"/>
            <line num="295" count="0" type="stmt"/>
            <line num="295" falsecount="0" type="cond" truecount="0"/>
            <line num="296" count="0" type="stmt"/>
            <line num="298" count="0" type="stmt"/>
            <line num="299" count="0" type="stmt"/>
            <line num="299" falsecount="0" type="cond" truecount="0"/>
            <line num="300" count="0" type="stmt"/>
            <line num="301" count="0" type="stmt"/>
            <line num="305" count="8" visibility="public" complexity="4" type="method" signature="serializeWithType(Object,JsonGenerator,SerializerProvider,TypeSerializer) : void"/>
            <line num="310" count="8" type="stmt"/>
            <line num="310" falsecount="6" type="cond" truecount="2"/>
            <line num="311" count="2" type="stmt"/>
            <line num="312" count="2" type="stmt"/>
            <line num="317" count="6" type="stmt"/>
            <line num="317" falsecount="4" type="cond" truecount="2"/>
            <line num="318" count="2" type="stmt"/>
            <line num="319" count="2" type="stmt"/>
            <line num="320" count="2" type="stmt"/>
            <line num="321" count="2" type="stmt"/>
            <line num="321" falsecount="0" type="cond" truecount="2"/>
            <line num="322" count="2" type="stmt"/>
            <line num="325" count="4" type="stmt"/>
            <line num="329" count="1" visibility="protected" complexity="3" type="method" signature="_serializeObjectId(Object,JsonGenerator,SerializerProvider,TypeSerializer,WritableObjectId) : void"/>
            <line num="334" count="1" type="stmt"/>
            <line num="334" falsecount="0" type="cond" truecount="1"/>
            <line num="335" count="1" type="stmt"/>
            <line num="336" count="1" type="stmt"/>
            <line num="337" count="1" type="stmt"/>
            <line num="338" count="1" type="stmt"/>
            <line num="338" falsecount="0" type="cond" truecount="1"/>
            <line num="339" count="1" type="stmt"/>
            <line num="342" count="0" type="stmt"/>
            <line num="352" count="240" visibility="protected" complexity="1" type="method" signature="_isAttribute(BeanPropertyWriter) : boolean"/>
            <line num="354" count="240" type="stmt"/>
            <line num="355" count="240" type="stmt"/>
            <line num="358" count="205" visibility="protected" complexity="1" type="method" signature="_isCData(BeanPropertyWriter) : boolean"/>
            <line num="360" count="205" type="stmt"/>
            <line num="361" count="205" type="stmt"/>
            <line num="368" count="28" visibility="protected" complexity="5" type="method" signature="_orderAttributesFirst(BeanPropertyWriter[],BeanPropertyWriter[]) : int"/>
            <line num="371" count="28" type="stmt"/>
            <line num="373" count="28" type="stmt"/>
            <line num="373" falsecount="28" type="cond" truecount="58"/>
            <line num="374" count="58" type="stmt"/>
            <line num="376" count="58" type="stmt"/>
            <line num="376" falsecount="33" type="cond" truecount="25"/>
            <line num="377" count="25" type="stmt"/>
            <line num="381" count="33" type="stmt"/>
            <line num="382" count="33" type="stmt"/>
            <line num="382" falsecount="28" type="cond" truecount="5"/>
            <line num="383" count="5" type="stmt"/>
            <line num="384" count="5" type="stmt"/>
            <line num="385" count="5" type="stmt"/>
            <line num="385" falsecount="5" type="cond" truecount="0"/>
            <line num="386" count="0" type="stmt"/>
            <line num="387" count="0" type="stmt"/>
            <line num="388" count="0" type="stmt"/>
            <line num="391" count="33" type="stmt"/>
            <line num="393" count="28" type="stmt"/>
         </file>
         <file name="XmlBeanSerializerModifier.java" path="/home/stg/omc_experiments/subjects/jackson-dataformat-xml/src/main/java/com/fasterxml/jackson/dataformat/xml/ser/XmlBeanSerializerModifier.java">
            <metrics classes="1" methods="3" conditionals="10" ncloc="55" coveredstatements="23" coveredmethods="3" complexity="10" coveredconditionals="10" statements="23" loc="87" coveredelements="36" elements="36"/>
            <class name="XmlBeanSerializerModifier">
               <metrics methods="3" conditionals="10" coveredstatements="23" coveredmethods="3" complexity="10" coveredconditionals="10" statements="23" coveredelements="36" elements="36"/>
            </class>
            <line num="24" count="185" visibility="public" complexity="1" type="method" signature="XmlBeanSerializerModifier()"/>
            <line num="36" count="121" visibility="public" complexity="7" type="method" signature="changeProperties(SerializationConfig,BeanDescription,List&lt;BeanPropertyWriter&gt;) : List&lt;BeanPropertyWriter&gt;"/>
            <line num="40" count="121" type="stmt"/>
            <line num="41" count="121" type="stmt"/>
            <line num="41" falsecount="121" type="cond" truecount="205"/>
            <line num="42" count="205" type="stmt"/>
            <line num="43" count="205" type="stmt"/>
            <line num="44" count="205" type="stmt"/>
            <line num="45" count="205" type="stmt"/>
            <line num="46" count="205" type="stmt"/>
            <line num="47" count="205" type="stmt"/>
            <line num="48" count="205" type="stmt"/>
            <line num="54" count="205" type="stmt"/>
            <line num="54" falsecount="31" type="cond" truecount="174"/>
            <line num="55" count="174" type="stmt"/>
            <line num="57" count="31" type="stmt"/>
            <line num="58" count="31" type="stmt"/>
            <line num="61" count="31" type="stmt"/>
            <line num="61" falsecount="22" type="cond" truecount="9"/>
            <line num="62" count="9" type="stmt"/>
            <line num="65" count="22" type="stmt"/>
            <line num="66" count="22" type="stmt"/>
            <line num="66" falsecount="9" type="cond" truecount="13"/>
            <line num="67" count="13" type="stmt"/>
            <line num="69" count="22" type="stmt"/>
            <line num="71" count="121" type="stmt"/>
            <line num="74" count="244" visibility="public" complexity="2" type="method" signature="modifySerializer(SerializationConfig,BeanDescription,JsonSerializer&lt;?&gt;) : JsonSerializer&lt;?&gt;"/>
            <line num="82" count="244" type="stmt"/>
            <line num="82" falsecount="121" type="cond" truecount="123"/>
            <line num="83" count="123" type="stmt"/>
            <line num="85" count="121" type="stmt"/>
         </file>
         <file name="XmlSerializerProvider.java" path="/home/stg/omc_experiments/subjects/jackson-dataformat-xml/src/main/java/com/fasterxml/jackson/dataformat/xml/ser/XmlSerializerProvider.java">
            <metrics classes="1" methods="13" conditionals="44" ncloc="183" coveredstatements="67" coveredmethods="12" complexity="40" coveredconditionals="31" statements="85" loc="244" coveredelements="110" elements="142"/>
            <class name="XmlSerializerProvider">
               <metrics methods="13" conditionals="44" coveredstatements="67" coveredmethods="12" complexity="40" coveredconditionals="31" statements="85" coveredelements="110" elements="142"/>
            </class>
            <line num="39" count="186" visibility="public" complexity="1" type="method" signature="XmlSerializerProvider(XmlRootNameLookup)"/>
            <line num="41" count="186" type="stmt"/>
            <line num="42" count="186" type="stmt"/>
            <line num="45" count="132" visibility="public" complexity="1" type="method" signature="XmlSerializerProvider(XmlSerializerProvider,SerializationConfig,SerializerFactory)"/>
            <line num="48" count="132" type="stmt"/>
            <line num="49" count="132" type="stmt"/>
            <line num="55" count="3" visibility="protected" complexity="1" type="method" signature="XmlSerializerProvider(XmlSerializerProvider)"/>
            <line num="56" count="3" type="stmt"/>
            <line num="59" count="3" type="stmt"/>
            <line num="68" count="3" visibility="public" complexity="1" type="method" signature="copy() : DefaultSerializerProvider"/>
            <line num="70" count="3" type="stmt"/>
            <line num="73" count="132" visibility="public" complexity="1" type="method" signature="createInstance(SerializationConfig,SerializerFactory) : DefaultSerializerProvider"/>
            <line num="76" count="132" type="stmt"/>
            <line num="79" count="123" visibility="public" complexity="7" type="method" signature="serializeValue(JsonGenerator,Object) : void"/>
            <line num="83" count="123" type="stmt"/>
            <line num="83" falsecount="116" type="cond" truecount="7"/>
            <line num="84" count="7" type="stmt"/>
            <line num="85" count="7" type="stmt"/>
            <line num="87" count="116" type="stmt"/>
            <line num="88" count="116" type="stmt"/>
            <line num="89" count="116" type="stmt"/>
            <line num="90" count="116" type="stmt"/>
            <line num="90" falsecount="95" type="cond" truecount="21"/>
            <line num="91" count="21" type="stmt"/>
            <line num="93" count="95" type="stmt"/>
            <line num="94" count="95" type="stmt"/>
            <line num="94" falsecount="3" type="cond" truecount="92"/>
            <line num="95" count="92" type="stmt"/>
            <line num="97" count="95" type="stmt"/>
            <line num="98" count="95" type="stmt"/>
            <line num="99" count="95" type="stmt"/>
            <line num="99" falsecount="91" type="cond" truecount="4"/>
            <line num="100" count="4" type="stmt"/>
            <line num="105" count="116" type="stmt"/>
            <line num="106" count="116" type="stmt"/>
            <line num="107" count="116" type="stmt"/>
            <line num="109" count="0" type="stmt"/>
            <line num="113" count="116" type="stmt"/>
            <line num="113" falsecount="112" type="cond" truecount="4"/>
            <line num="114" count="4" type="stmt"/>
            <line num="119" count="5" visibility="public" complexity="8" type="method" signature="serializeValue(JsonGenerator,Object,JavaType,JsonSerializer&lt;Object&gt;) : void"/>
            <line num="124" count="5" type="stmt"/>
            <line num="124" falsecount="5" type="cond" truecount="0"/>
            <line num="125" count="0" type="stmt"/>
            <line num="126" count="0" type="stmt"/>
            <line num="128" count="5" type="stmt"/>
            <line num="129" count="5" type="stmt"/>
            <line num="130" count="5" type="stmt"/>
            <line num="130" falsecount="5" type="cond" truecount="0"/>
            <line num="131" count="0" type="stmt"/>
            <line num="133" count="5" type="stmt"/>
            <line num="134" count="5" type="stmt"/>
            <line num="134" falsecount="0" type="cond" truecount="5"/>
            <line num="135" count="5" type="stmt"/>
            <line num="137" count="5" type="stmt"/>
            <line num="138" count="5" type="stmt"/>
            <line num="139" count="5" type="stmt"/>
            <line num="139" falsecount="5" type="cond" truecount="0"/>
            <line num="140" count="0" type="stmt"/>
            <line num="143" count="5" type="stmt"/>
            <line num="143" falsecount="5" type="cond" truecount="0"/>
            <line num="144" count="0" type="stmt"/>
            <line num="147" count="5" type="stmt"/>
            <line num="148" count="5" type="stmt"/>
            <line num="150" count="0" type="stmt"/>
            <line num="153" count="5" type="stmt"/>
            <line num="153" falsecount="5" type="cond" truecount="0"/>
            <line num="154" count="0" type="stmt"/>
            <line num="158" count="7" visibility="protected" complexity="3" type="method" signature="_serializeXmlNull(JsonGenerator) : void"/>
            <line num="162" count="7" type="stmt"/>
            <line num="163" count="7" type="stmt"/>
            <line num="163" falsecount="1" type="cond" truecount="6"/>
            <line num="164" count="6" type="stmt"/>
            <line num="166" count="7" type="stmt"/>
            <line num="166" falsecount="6" type="cond" truecount="1"/>
            <line num="167" count="1" type="stmt"/>
            <line num="169" count="7" type="stmt"/>
            <line num="172" count="4" visibility="protected" complexity="1" type="method" signature="_startRootArray(ToXmlGenerator,QName) : void"/>
            <line num="174" count="4" type="stmt"/>
            <line num="176" count="4" type="stmt"/>
            <line num="179" count="101" visibility="protected" complexity="6" type="method" signature="_initWithRootName(ToXmlGenerator,QName) : void"/>
            <line num="185" count="101" type="stmt"/>
            <line num="185" falsecount="98" type="cond" truecount="3"/>
[...]
            <line num="46" count="10" type="stmt"/>
            <line num="47" count="10" type="stmt"/>
            <line num="48" count="10" type="stmt"/>
            <line num="49" count="10" type="stmt"/>
            <line num="52" count="11" visibility="public" complexity="1" type="method" signature="XmlTextDeserializer(BeanDeserializerBase,int)"/>
            <line num="54" count="11" type="stmt"/>
            <line num="55" count="11" type="stmt"/>
            <line num="56" count="11" type="stmt"/>
            <line num="57" count="11" type="stmt"/>
            <line num="66" count="0" visibility="protected" complexity="1" type="method" signature="newDelegatingInstance(JsonDeserializer&lt;?&gt;) : JsonDeserializer&lt;?&gt;"/>
            <line num="70" count="0" type="stmt"/>
            <line num="73" count="11" visibility="public" complexity="1" type="method" signature="createContextual(DeserializationContext,BeanProperty) : JsonDeserializer&lt;?&gt;"/>
            <line num="78" count="11" type="stmt"/>
            <line num="87" count="11" visibility="public" complexity="2" type="method" signature="deserialize(JsonParser,DeserializationContext) : Object"/>
            <line num="91" count="11" type="stmt"/>
            <line num="91" falsecount="6" type="cond" truecount="5"/>
            <line num="92" count="5" type="stmt"/>
            <line num="93" count="5" type="stmt"/>
            <line num="94" count="5" type="stmt"/>
            <line num="96" count="6" type="stmt"/>
            <line num="99" count="0" visibility="public" complexity="2" type="method" signature="deserialize(JsonParser,DeserializationContext,Object) : Object"/>
            <line num="104" count="0" type="stmt"/>
            <line num="104" falsecount="0" type="cond" truecount="0"/>
            <line num="105" count="0" type="stmt"/>
            <line num="106" count="0" type="stmt"/>
            <line num="108" count="0" type="stmt"/>
            <line num="111" count="0" visibility="public" complexity="1" type="method" signature="deserializeWithType(JsonParser,DeserializationContext,TypeDeserializer) : Object"/>
            <line num="116" count="0" type="stmt"/>
            <line num="125" count="11" visibility="protected" complexity="2" type="method" signature="_verifyDeserType(JsonDeserializer&lt;?&gt;) : BeanDeserializerBase"/>
            <line num="127" count="11" type="stmt"/>
            <line num="127" falsecount="11" type="cond" truecount="0"/>
            <line num="128" count="0" type="stmt"/>
            <line num="131" count="11" type="stmt"/>
         </file>
         <file name="XmlTokenStream.java" path="/home/stg/omc_experiments/subjects/jackson-dataformat-xml/src/main/java/com/fasterxml/jackson/dataformat/xml/deser/XmlTokenStream.java">
            <metrics classes="1" methods="27" conditionals="78" ncloc="341" coveredstatements="160" coveredmethods="21" complexity="84" coveredconditionals="61" statements="187" loc="583" coveredelements="242" elements="292"/>
            <class name="XmlTokenStream">
               <metrics methods="27" conditionals="78" coveredstatements="160" coveredmethods="21" complexity="84" coveredconditionals="61" statements="187" coveredelements="242" elements="292"/>
            </class>
            <line num="113" count="138" visibility="public" complexity="2" type="method" signature="XmlTokenStream(XMLStreamReader,Object,int)"/>
            <line num="116" count="138" type="stmt"/>
            <line num="118" count="138" type="stmt"/>
            <line num="118" falsecount="138" type="cond" truecount="0"/>
            <line num="119" count="0" type="stmt"/>
            <line num="122" count="138" type="stmt"/>
            <line num="123" count="138" type="stmt"/>
            <line num="124" count="138" type="stmt"/>
            <line num="125" count="138" type="stmt"/>
            <line num="126" count="138" type="stmt"/>
            <line num="127" count="138" type="stmt"/>
            <line num="130" count="0" visibility="public" complexity="1" type="method" signature="getXmlReader() : XMLStreamReader2"/>
            <line num="131" count="0" type="stmt"/>
            <line num="137" count="0" visibility="protected" complexity="1" type="method" signature="setFormatFeatures(int) : void"/>
            <line num="138" count="0" type="stmt"/>
            <line num="178" count="1802" visibility="public" complexity="2" type="method" signature="next() : int"/>
            <line num="180" count="1802" type="stmt"/>
            <line num="180" falsecount="1746" type="cond" truecount="56"/>
            <line num="181" count="56" type="stmt"/>
            <line num="183" count="1746" type="stmt"/>
            <line num="186" count="368" visibility="public" complexity="2" type="method" signature="skipEndElement() : void"/>
            <line num="188" count="368" type="stmt"/>
            <line num="189" count="368" type="stmt"/>
            <line num="189" falsecount="368" type="cond" truecount="0"/>
            <line num="190" count="0" type="stmt"/>
            <line num="194" count="6" visibility="public" complexity="1" type="method" signature="getCurrentToken() : int"/>
            <line num="194" count="6" type="stmt"/>
            <line num="196" count="481" visibility="public" complexity="1" type="method" signature="getText() : String"/>
            <line num="196" count="481" type="stmt"/>
            <line num="197" count="545" visibility="public" complexity="1" type="method" signature="getLocalName() : String"/>
            <line num="197" count="545" type="stmt"/>
            <line num="198" count="0" visibility="public" complexity="1" type="method" signature="getNamespaceURI() : String"/>
            <line num="198" count="0" type="stmt"/>
            <line num="199" count="0" visibility="public" complexity="1" type="method" signature="hasAttributes() : boolean"/>
            <line num="200" count="0" type="stmt"/>
            <line num="203" count="130" visibility="public" complexity="1" type="method" signature="closeCompletely() : void"/>
            <line num="204" count="130" type="stmt"/>
            <line num="207" count="0" visibility="public" complexity="1" type="method" signature="close() : void"/>
            <line num="208" count="0" type="stmt"/>
            <line num="211" count="5" visibility="public" complexity="1" type="method" signature="getCurrentLocation() : JsonLocation"/>
            <line num="212" count="5" type="stmt"/>
            <line num="215" count="2" visibility="public" complexity="1" type="method" signature="getTokenLocation() : JsonLocation"/>
            <line num="216" count="2" type="stmt"/>
            <line num="231" count="28" visibility="protected" complexity="3" type="method" signature="repeatStartElement() : void"/>
            <line num="235" count="28" type="stmt"/>
            <line num="235" falsecount="28" type="cond" truecount="0"/>
            <line num="236" count="0" type="stmt"/>
            <line num="240" count="28" type="stmt"/>
            <line num="240" falsecount="8" type="cond" truecount="20"/>
            <line num="241" count="20" type="stmt"/>
            <line num="243" count="8" type="stmt"/>
            <line num="245" count="28" type="stmt"/>
            <line num="254" count="57" visibility="protected" complexity="4" type="method" signature="skipAttributes() : void"/>
            <line num="256" count="57" type="stmt"/>
            <line num="256" falsecount="56" type="cond" truecount="1"/>
            <line num="257" count="1" type="stmt"/>
            <line num="258" count="1" type="stmt"/>
            <line num="259" count="56" type="stmt"/>
            <line num="259" falsecount="0" type="cond" truecount="56"/>
            <line num="265" count="0" type="stmt"/>
            <line num="265" falsecount="0" type="cond" truecount="0"/>
            <line num="266" count="0" type="stmt"/>
            <line num="268" count="0" type="stmt"/>
            <line num="273" count="7" visibility="protected" complexity="6" type="method" signature="convertToString() : String"/>
            <line num="276" count="7" type="stmt"/>
            <line num="276" falsecount="7" type="cond" truecount="0"/>
            <line num="277" count="0" type="stmt"/>
            <line num="279" count="7" type="stmt"/>
            <line num="282" count="7" type="stmt"/>
            <line num="282" falsecount="0" type="cond" truecount="7"/>
            <line num="283" count="7" type="stmt"/>
            <line num="283" falsecount="6" type="cond" truecount="1"/>
            <line num="284" count="1" type="stmt"/>
            <line num="286" count="7" type="stmt"/>
            <line num="286" falsecount="7" type="cond" truecount="0"/>
            <line num="287" count="0" type="stmt"/>
            <line num="290" count="7" type="stmt"/>
            <line num="291" count="7" type="stmt"/>
            <line num="292" count="7" type="stmt"/>
            <line num="293" count="7" type="stmt"/>
            <line num="294" count="7" type="stmt"/>
            <line num="295" count="7" type="stmt"/>
            <line num="298" count="0" type="stmt"/>
            <line num="307" count="1746" visibility="private" complexity="14" type="method" signature="_next() : int"/>
            <line num="309" count="1746" type="stmt"/>
            <line num="310" count="64" type="stmt"/>
            <line num="311" count="64" type="stmt"/>
            <line num="313" count="678" type="stmt"/>
            <line num="314" count="742" type="stmt"/>
            <line num="314" falsecount="670" type="cond" truecount="72"/>
            <line num="315" count="72" type="stmt"/>
            <line num="316" count="72" type="stmt"/>
            <line num="317" count="72" type="stmt"/>
            <line num="318" count="72" type="stmt"/>
            <line num="321" count="670" type="stmt"/>
            <line num="322" count="669" type="stmt"/>
            <line num="324" count="669" type="stmt"/>
            <line num="324" falsecount="420" type="cond" truecount="249"/>
            <line num="325" count="249" type="stmt"/>
            <line num="325" falsecount="2" type="cond" truecount="247"/>
            <line num="326" count="247" type="stmt"/>
            <line num="327" count="247" type="stmt"/>
            <line num="329" count="2" type="stmt"/>
            <line num="330" count="2" type="stmt"/>
            <line num="331" count="2" type="stmt"/>
            <line num="334" count="420" type="stmt"/>
            <line num="334" falsecount="41" type="cond" truecount="379"/>
            <line num="335" count="379" type="stmt"/>
            <line num="336" count="379" type="stmt"/>
            <line num="337" count="379" type="stmt"/>
            <line num="339" count="41" type="stmt"/>
            <line num="340" count="41" type="stmt"/>
            <line num="342" count="64" type="stmt"/>
            <line num="344" count="64" type="stmt"/>
            <line num="345" count="387" type="stmt"/>
            <line num="347" count="387" type="stmt"/>
            <line num="347" falsecount="385" type="cond" truecount="2"/>
            <line num="348" count="2" type="stmt"/>
            <line num="349" count="2" type="stmt"/>
            <line num="352" count="385" type="stmt"/>
            <line num="353" count="0" type="stmt"/>
            <line num="354" count="0" type="stmt"/>
            <line num="359" count="553" type="stmt"/>
            <line num="360" count="10" type="stmt"/>
            <line num="361" count="10" type="stmt"/>
            <line num="362" count="247" type="stmt"/>
            <line num="363" count="247" type="stmt"/>
            <line num="366" count="296" type="stmt"/>
            <line num="369" count="677" visibility="private" complexity="12" type="method" signature="_collectUntilTag() : String"/>
            <line num="372" count="677" type="stmt"/>
            <line num="372" falsecount="631" type="cond" truecount="46"/>
            <line num="373" count="46" type="stmt"/>
            <line num="374" count="46" type="stmt"/>
            <line num="374" falsecount="4" type="cond" truecount="42"/>
            <line num="375" count="42" type="stmt"/>
            <line num="377" count="4" type="stmt"/>
            <line num="380" count="631" type="stmt"/>
            <line num="381" count="631" type="stmt"/>
            <line num="382" count="1088" type="stmt"/>
            <line num="383" count="249" type="stmt"/>
            <line num="384" count="249" type="stmt"/>
            <line num="384" falsecount="87" type="cond" truecount="162"/>
            <line num="386" count="381" type="stmt"/>
            <line num="387" count="0" type="stmt"/>
            <line num="400" count="381" type="stmt"/>
            <line num="400" falsecount="370" type="cond" truecount="11"/>
            <line num="403" count="458" type="stmt"/>
            <line num="404" count="0" type="stmt"/>
            <line num="407" count="458" type="stmt"/>
            <line num="408" count="457" type="stmt"/>
            <line num="408" falsecount="0" type="cond" truecount="457"/>
            <line num="409" count="457" type="stmt"/>
            <line num="411" count="0" type="stmt"/>
            <line num="411" falsecount="0" type="cond" truecount="0"/>
            <line num="412" count="0" type="stmt"/>
            <line num="414" count="0" type="stmt"/>
            <line num="417" count="457" type="stmt"/>
            <line num="418" count="0" type="stmt"/>
            <line num="424" count="553" visibility="private" complexity="5" type="method" signature="_skipUntilTag() : int"/>
            <line num="426" count="553" type="stmt"/>
            <line num="426" falsecount="0" type="cond" truecount="726"/>
            <line num="427" count="726" type="stmt"/>
            <line num="428" count="726" type="stmt"/>
            <line num="429" count="296" type="stmt"/>
            <line num="430" count="247" type="stmt"/>
            <line num="431" count="10" type="stmt"/>
            <line num="432" count="553" type="stmt"/>
            <line num="433" count="173" type="stmt"/>
            <line num="437" count="0" type="stmt"/>
            <line num="440" count="458" visibility="private" complexity="3" type="method" signature="_getText(XMLStreamReader2) : String"/>
            <line num="442" count="458" type="stmt"/>
            <line num="443" count="458" type="stmt"/>
            <line num="445" count="1" type="stmt"/>
            <line num="446" count="1" type="stmt"/>
            <line num="446" falsecount="0" type="cond" truecount="1"/>
            <line num="447" count="1" type="stmt"/>
            <line num="449" count="0" type="stmt"/>
            <line num="459" count="545" visibility="private" complexity="3" type="method" signature="_initStartElement() : int"/>
            <line num="461" count="545" type="stmt"/>
            <line num="462" count="545" type="stmt"/>
            <line num="463" count="545" type="stmt"/>
            <line num="464" count="545" type="stmt"/>
            <line num="471" count="545" type="stmt"/>
            <line num="471" falsecount="491" type="cond" truecount="54"/>
            <line num="472" count="54" type="stmt"/>
            <line num="472" falsecount="4" type="cond" truecount="50"/>
            <line num="473" count="50" type="stmt"/>
            <line num="476" count="4" type="stmt"/>
            <line num="477" count="4" type="stmt"/>
            <line num="478" count="4" type="stmt"/>
            <line num="481" count="4" type="stmt"/>
            <line num="482" count="4" type="stmt"/>
            <line num="483" count="4" type="stmt"/>
            <line num="484" count="4" type="stmt"/>
            <line num="487" count="541" type="stmt"/>
            <line num="488" count="541" type="stmt"/>
            <line num="489" count="541" type="stmt"/>
            <line num="496" count="56" visibility="protected" complexity="6" type="method" signature="_handleRepeatElement() : int"/>
            <line num="498" count="56" type="stmt"/>
            <line num="499" count="56" type="stmt"/>
            <line num="500" count="56" type="stmt"/>
            <line num="500" falsecount="28" type="cond" truecount="28"/>
            <line num="503" count="28" type="stmt"/>
            <line num="504" count="28" type="stmt"/>
            <line num="506" count="28" type="stmt"/>
            <line num="506" falsecount="4" type="cond" truecount="24"/>
            <line num="508" count="24" type="stmt"/>
            <line num="509" count="24" type="stmt"/>
            <line num="510" count="24" type="stmt"/>
            <line num="510" falsecount="19" type="cond" truecount="5"/>
            <line num="511" count="5" type="stmt"/>
            <line num="513" count="24" type="stmt"/>
            <line num="515" count="4" type="stmt"/>
            <line num="515" falsecount="0" type="cond" truecount="4"/>
            <line num="516" count="4" type="stmt"/>
            <line num="516" falsecount="1" type="cond" truecount="3"/>
            <line num="517" count="3" type="stmt"/>
            <line num="519" count="4" type="stmt"/>
            <line num="520" count="4" type="stmt"/>
            <line num="521" count="4" type="stmt"/>
            <line num="522" count="4" type="stmt"/>
            <line num="526" count="4" type="stmt"/>
            <line num="528" count="0" type="stmt"/>
            <line num="531" count="673" visibility="private" complexity="3" type="method" signature="_handleEndElement() : int"/>
            <line num="533" count="673" type="stmt"/>
            <line num="533" falsecount="581" type="cond" truecount="92"/>
            <line num="534" count="92" type="stmt"/>
            <line num="536" count="92" type="stmt"/>
            <line num="536" falsecount="68" type="cond" truecount="24"/>
            <line num="537" count="24" type="stmt"/>
            <line num="538" count="24" type="stmt"/>
            <line num="539" count="24" type="stmt"/>
            <line num="540" count="24" type="stmt"/>
            <line num="543" count="68" type="stmt"/>
            <line num="546" count="673" type="stmt"/>
            <line num="549" count="7" visibility="private" complexity="2" type="method" signature="_extractLocation(XMLStreamLocation2) : JsonLocation"/>
            <line num="551" count="7" type="stmt"/>
            <line num="551" falsecount="7" type="cond" truecount="0"/>
            <line num="552" count="0" type="stmt"/>
            <line num="554" count="7" type="stmt"/>
            <line num="561" count="249" visibility="protected" complexity="5" type="method" signature="_allWs(String) : boolean"/>
            <line num="563" count="249" type="stmt"/>
            <line num="563" falsecount="249" type="cond" truecount="0"/>
            <line num="564" count="249" type="stmt"/>
            <line num="564" falsecount="162" type="cond" truecount="87"/>
            <line num="565" count="87" type="stmt"/>
            <line num="565" falsecount="85" type="cond" truecount="414"/>
            <line num="566" count="414" type="stmt"/>
            <line num="566" falsecount="412" type="cond" truecount="2"/>
            <line num="567" count="2" type="stmt"/>
            <line num="571" count="247" type="stmt"/>
            <line num="575" count="0" visibility="public" complexity="1" type="method" signature="toString() : String"/>
            <line num="578" count="0" type="stmt"/>
         </file>
      </package>
   </project>
   <testproject timestamp="1661983544997" name="Jackson-dataformat-XML 2.9.10">
      <metrics conditionals="0" methods="0" classes="0" files="0" packages="0" coveredstatements="0" complexity="0" loc="0" ncloc="0" coveredmethods="0" coveredconditionals="0" statements="0" coveredelements="0" elements="0"/>
   </testproject>
</coverage>