<?xml version="1.0" encoding="UTF-8"?>
<coverage generated="1661892154386" clover="4.0.6">
   <project timestamp="1661892144639" name="Plexus Common Utilities 3.1.0">
      <metrics conditionals="4056" methods="1153" classes="97" files="83" packages="9" coveredstatements="3627" complexity="3777" loc="32765" ncloc="18386" coveredmethods="590" coveredconditionals="1547" statements="7588" coveredelements="5764" elements="12797"/>
      <package name="org.codehaus.plexus.util.reflection">
         <metrics classes="2" methods="18" conditionals="70" files="2" ncloc="467" coveredstatements="69" coveredmethods="5" complexity="75" coveredconditionals="21" statements="195" loc="705" coveredelements="95" elements="283"/>
         <file name="Reflector.java" path="/home/stg/omc_experiments/subjects/plexus-utils/src/main/java/org/codehaus/plexus/util/reflection/Reflector.java">
            <metrics classes="1" methods="14" conditionals="70" ncloc="447" coveredstatements="69" coveredmethods="5" complexity="71" coveredconditionals="21" statements="192" loc="642" coveredelements="95" elements="276"/>
            <class name="Reflector">
               <metrics methods="14" conditionals="70" coveredstatements="69" coveredmethods="5" complexity="71" coveredconditionals="21" statements="192" coveredelements="95" elements="276"/>
            </class>
            <line num="43" count="10" visibility="public" complexity="1" type="method" signature="Reflector()"/>
            <line num="56" count="0" visibility="public" complexity="7" type="method" signature="newInstance(Class&lt;T&gt;,Object[]) : T"/>
            <line num="60" count="0" type="stmt"/>
            <line num="60" falsecount="0" type="cond" truecount="0"/>
            <line num="62" count="0" type="stmt"/>
            <line num="65" count="0" type="stmt"/>
            <line num="67" count="0" type="stmt"/>
            <line num="67" falsecount="0" type="cond" truecount="0"/>
            <line num="69" count="0" type="stmt"/>
            <line num="72" count="0" type="stmt"/>
            <line num="74" count="0" type="stmt"/>
            <line num="76" count="0" type="stmt"/>
            <line num="76" falsecount="0" type="cond" truecount="0"/>
            <line num="78" count="0" type="stmt"/>
            <line num="80" count="0" type="stmt"/>
            <line num="81" count="0" type="stmt"/>
            <line num="82" count="0" type="stmt"/>
            <line num="84" count="0" type="stmt"/>
            <line num="86" count="0" type="stmt"/>
            <line num="87" count="0" type="stmt"/>
            <line num="90" count="0" type="stmt"/>
            <line num="92" count="0" type="stmt"/>
            <line num="95" count="0" type="stmt"/>
            <line num="99" count="0" type="stmt"/>
            <line num="103" count="0" type="stmt"/>
            <line num="107" count="0" type="stmt"/>
            <line num="120" count="0" visibility="public" complexity="4" type="method" signature="getSingleton(Class&lt;T&gt;,Object[]) : T"/>
            <line num="124" count="0" type="stmt"/>
            <line num="126" count="0" type="stmt"/>
            <line num="126" falsecount="0" type="cond" truecount="0"/>
            <line num="128" count="0" type="stmt"/>
            <line num="131" count="0" type="stmt"/>
            <line num="133" count="0" type="stmt"/>
            <line num="136" count="0" type="stmt"/>
            <line num="140" count="0" type="stmt"/>
            <line num="144" count="0" type="stmt"/>
            <line num="157" count="0" visibility="public" complexity="6" type="method" signature="invoke(Object,String,Object[]) : Object"/>
            <line num="161" count="0" type="stmt"/>
            <line num="161" falsecount="0" type="cond" truecount="0"/>
            <line num="163" count="0" type="stmt"/>
            <line num="166" count="0" type="stmt"/>
            <line num="168" count="0" type="stmt"/>
            <line num="168" falsecount="0" type="cond" truecount="0"/>
            <line num="170" count="0" type="stmt"/>
            <line num="173" count="0" type="stmt"/>
            <line num="175" count="0" type="stmt"/>
            <line num="177" count="0" type="stmt"/>
            <line num="177" falsecount="0" type="cond" truecount="0"/>
            <line num="179" count="0" type="stmt"/>
            <line num="181" count="0" type="stmt"/>
            <line num="183" count="0" type="stmt"/>
            <line num="185" count="0" type="stmt"/>
            <line num="186" count="0" type="stmt"/>
            <line num="189" count="0" type="stmt"/>
            <line num="191" count="0" type="stmt"/>
            <line num="194" count="0" type="stmt"/>
            <line num="198" count="0" type="stmt"/>
            <line num="202" count="0" type="stmt"/>
            <line num="206" count="0" visibility="public" complexity="5" type="method" signature="getStaticField(Class,String) : Object"/>
            <line num="210" count="0" type="stmt"/>
            <line num="212" count="0" type="stmt"/>
            <line num="214" count="0" type="stmt"/>
            <line num="218" count="0" type="stmt"/>
            <line num="222" count="0" type="stmt"/>
            <line num="226" count="0" type="stmt"/>
            <line num="230" count="0" type="stmt"/>
            <line num="234" count="0" visibility="public" complexity="1" type="method" signature="getField(Object,String) : Object"/>
            <line num="238" count="0" type="stmt"/>
            <line num="241" count="1" visibility="public" complexity="9" type="method" signature="getField(Object,String,boolean) : Object"/>
            <line num="244" count="1" type="stmt"/>
            <line num="245" count="1" type="stmt"/>
            <line num="245" falsecount="0" type="cond" truecount="1"/>
            <line num="247" count="1" type="stmt"/>
            <line num="249" count="1" type="stmt"/>
            <line num="251" count="1" type="stmt"/>
            <line num="252" count="1" type="stmt"/>
            <line num="252" falsecount="0" type="cond" truecount="1"/>
            <line num="254" count="1" type="stmt"/>
            <line num="255" count="1" type="stmt"/>
            <line num="258" count="1" type="stmt"/>
            <line num="260" count="1" type="stmt"/>
            <line num="260" falsecount="0" type="cond" truecount="1"/>
            <line num="262" count="1" type="stmt"/>
            <line num="265" count="1" type="stmt"/>
            <line num="269" count="0" type="stmt"/>
            <line num="273" count="0" type="stmt"/>
            <line num="273" falsecount="0" type="cond" truecount="0"/>
            <line num="274" count="0" type="stmt"/>
            <line num="275" count="0" type="stmt"/>
            <line num="279" count="0" type="stmt"/>
            <line num="283" count="0" type="stmt"/>
            <line num="295" count="0" visibility="public" complexity="6" type="method" signature="invokeStatic(Class,String,Object[]) : Object"/>
            <line num="299" count="0" type="stmt"/>
            <line num="299" falsecount="0" type="cond" truecount="0"/>
            <line num="301" count="0" type="stmt"/>
            <line num="304" count="0" type="stmt"/>
            <line num="306" count="0" type="stmt"/>
            <line num="306" falsecount="0" type="cond" truecount="0"/>
            <line num="308" count="0" type="stmt"/>
            <line num="311" count="0" type="stmt"/>
            <line num="313" count="0" type="stmt"/>
            <line num="315" count="0" type="stmt"/>
            <line num="315" falsecount="0" type="cond" truecount="0"/>
            <line num="317" count="0" type="stmt"/>
            <line num="319" count="0" type="stmt"/>
            <line num="321" count="0" type="stmt"/>
            <line num="323" count="0" type="stmt"/>
            <line num="324" count="0" type="stmt"/>
            <line num="327" count="0" type="stmt"/>
            <line num="329" count="0" type="stmt"/>
            <line num="332" count="0" type="stmt"/>
            <line num="336" count="0" type="stmt"/>
            <line num="340" count="0" type="stmt"/>
            <line num="352" count="0" visibility="public" complexity="7" type="method" signature="getConstructor(Class&lt;T&gt;,Class[]) : Constructor&lt;T&gt;"/>
            <line num="355" count="0" type="stmt"/>
            <line num="357" count="0" type="stmt"/>
            <line num="359" count="0" type="stmt"/>
            <line num="361" count="0" type="stmt"/>
            <line num="363" count="0" type="stmt"/>
            <line num="364" count="0" type="stmt"/>
            <line num="367" count="0" type="stmt"/>
            <line num="367" falsecount="0" type="cond" truecount="0"/>
            <line num="369" count="0" type="stmt"/>
            <line num="372" count="0" type="stmt"/>
            <line num="374" count="0" type="stmt"/>
            <line num="376" count="0" type="stmt"/>
            <line num="378" count="0" type="stmt"/>
            <line num="380" count="0" type="stmt"/>
            <line num="382" count="0" type="stmt"/>
            <line num="382" falsecount="0" type="cond" truecount="0"/>
            <line num="384" count="0" type="stmt"/>
            <line num="387" count="0" type="stmt"/>
            <line num="389" count="0" type="stmt"/>
            <line num="391" count="0" type="stmt"/>
            <line num="391" falsecount="0" type="cond" truecount="0"/>
            <line num="393" count="0" type="stmt"/>
            <line num="396" count="0" type="stmt"/>
            <line num="396" falsecount="0" type="cond" truecount="0"/>
            <line num="398" count="0" type="stmt"/>
            <line num="398" falsecount="0" type="cond" truecount="0"/>
            <line num="400" count="0" type="stmt"/>
            <line num="405" count="0" type="stmt"/>
            <line num="406" count="0" type="stmt"/>
            <line num="411" count="0" type="stmt"/>
            <line num="411" falsecount="0" type="cond" truecount="0"/>
            <line num="413" count="0" type="stmt"/>
            <line num="417" count="0" type="stmt"/>
            <line num="420" count="3" visibility="public" complexity="12" type="method" signature="getObjectProperty(Object,String) : Object"/>
            <line num="423" count="3" type="stmt"/>
            <line num="425" count="3" type="stmt"/>
            <line num="425" falsecount="3" type="cond" truecount="0"/>
            <line num="427" count="0" type="stmt"/>
            <line num="430" count="3" type="stmt"/>
            <line num="431" count="3" type="stmt"/>
            <line num="431" falsecount="0" type="cond" truecount="3"/>
            <line num="433" count="3" type="stmt"/>
            <line num="436" count="3" type="stmt"/>
            <line num="437" count="3" type="stmt"/>
            <line num="439" count="3" type="stmt"/>
            <line num="440" count="3" type="stmt"/>
            <line num="440" falsecount="1" type="cond" truecount="2"/>
            <line num="442" count="2" type="stmt"/>
            <line num="444" count="3" type="stmt"/>
            <line num="444" falsecount="1" type="cond" truecount="2"/>
            <line num="446" count="2" type="stmt"/>
            <line num="448" count="2" type="stmt"/>
            <line num="452" count="0" type="stmt"/>
            <line num="457" count="0" type="stmt"/>
            <line num="462" count="3" type="stmt"/>
            <line num="462" falsecount="1" type="cond" truecount="2"/>
            <line num="464" count="2" type="stmt"/>
            <line num="466" count="2" type="stmt"/>
            <line num="470" count="0" type="stmt"/>
            <line num="475" count="0" type="stmt"/>
            <line num="481" count="1" type="stmt"/>
            <line num="482" count="1" type="stmt"/>
            <line num="482" falsecount="1" type="cond" truecount="0"/>
            <line num="485" count="0" type="stmt"/>
            <line num="491" count="3" type="stmt"/>
            <line num="502" count="0" visibility="public" complexity="2" type="method" signature="getMethod(Class,String,Class[]) : Method"/>
            <line num="505" count="0" type="stmt"/>
            <line num="507" count="0" type="stmt"/>
            <line num="507" falsecount="0" type="cond" truecount="0"/>
            <line num="509" count="0" type="stmt"/>
            <line num="513" count="0" type="stmt"/>
            <line num="516" count="5" visibility="private" complexity="6" type="method" signature="_getMethod(Class,String,Class[]) : Method"/>
            <line num="519" count="5" type="stmt"/>
            <line num="521" count="5" type="stmt"/>
            <line num="523" count="5" type="stmt"/>
            <line num="525" count="5" type="stmt"/>
            <line num="527" count="0" type="stmt"/>
            <line num="528" count="0" type="stmt"/>
            <line num="531" count="5" type="stmt"/>
            <line num="533" count="5" type="stmt"/>
            <line num="535" count="5" type="stmt"/>
            <line num="537" count="5" type="stmt"/>
            <line num="539" count="5" type="stmt"/>
            <line num="541" count="5" type="stmt"/>
            <line num="541" falsecount="0" type="cond" truecount="5"/>
            <line num="543" count="5" type="stmt"/>
            <line num="545" count="5" type="stmt"/>
            <line num="547" count="65" type="stmt"/>
            <line num="549" count="65" type="stmt"/>
            <line num="549" falsecount="2" type="cond" truecount="63"/>
            <line num="551" count="63" type="stmt"/>
            <line num="554" count="2" type="stmt"/>
            <line num="556" count="2" type="stmt"/>
            <line num="556" falsecount="2" type="cond" truecount="0"/>
            <line num="558" count="0" type="stmt"/>
            <line num="561" count="2" type="stmt"/>
            <line num="561" falsecount="2" type="cond" truecount="0"/>
            <line num="563" count="0" type="stmt"/>
            <line num="563" falsecount="0" type="cond" truecount="0"/>
            <line num="565" count="0" type="stmt"/>
            <line num="570" count="2" type="stmt"/>
            <line num="571" count="2" type="stmt"/>
            <line num="576" count="5" type="stmt"/>
            <line num="586" count="0" visibility="private" complexity="1" type="method" signature="getConstructorMap(Class&lt;T&gt;) : Map&lt;String, Constructor&lt;T&gt;&gt;"/>
            <line num="589" count="0" type="stmt"/>
            <line num="600" count="5" visibility="private" complexity="4" type="method" signature="getMethodMap(Class,String) : Map&lt;String, ?&gt;"/>
            <line num="603" count="5" type="stmt"/>
            <line num="605" count="5" type="stmt"/>
            <line num="605" falsecount="5" type="cond" truecount="0"/>
            <line num="607" count="0" type="stmt"/>
            <line num="610" count="5" type="stmt"/>
            <line num="612" count="5" type="stmt"/>
            <line num="614" count="5" type="stmt"/>
            <line num="616" count="5" type="stmt"/>
            <line num="616" falsecount="2" type="cond" truecount="3"/>
            <line num="618" count="3" type="stmt"/>
            <line num="619" count="3" type="stmt"/>
            <line num="620" count="3" type="stmt"/>
            <line num="621" count="3" type="stmt"/>
            <line num="625" count="2" type="stmt"/>
            <line num="627" count="2" type="stmt"/>
            <line num="629" count="2" type="stmt"/>
            <line num="631" count="2" type="stmt"/>
            <line num="631" falsecount="0" type="cond" truecount="2"/>
            <line num="633" count="2" type="stmt"/>
            <line num="634" count="2" type="stmt"/>
            <line num="640" count="5" type="stmt"/>
         </file>
         <file name="ReflectorException.java" path="/home/stg/omc_experiments/subjects/plexus-utils/src/main/java/org/codehaus/plexus/util/reflection/ReflectorException.java">
            <metrics classes="1" methods="4" conditionals="0" ncloc="20" coveredstatements="0" coveredmethods="0" complexity="4" coveredconditionals="0" statements="3" loc="63" coveredelements="0" elements="7"/>
            <class name="ReflectorException">
               <metrics methods="4" conditionals="0" coveredstatements="0" coveredmethods="0" complexity="4" coveredconditionals="0" statements="3" coveredelements="0" elements="7"/>
            </class>
            <line num="28" count="0" visibility="public" complexity="1" type="method" signature="ReflectorException()"/>
            <line num="38" count="0" visibility="public" complexity="1" type="method" signature="ReflectorException(String)"/>
            <line num="40" count="0" type="stmt"/>
            <line num="48" count="0" visibility="public" complexity="1" type="method" signature="ReflectorException(Throwable)"/>
            <line num="50" count="0" type="stmt"/>
            <line num="59" count="0" visibility="public" complexity="1" type="method" signature="ReflectorException(String,Throwable)"/>
            <line num="61" count="0" type="stmt"/>
         </file>
      </package>
      <package name="org.codehaus.plexus.util.dag">
         <metrics classes="5" methods="46" conditionals="26" files="5" ncloc="378" coveredstatements="107" coveredmethods="36" complexity="59" coveredconditionals="20" statements="135" loc="777" coveredelements="163" elements="207"/>
         <file name="CycleDetectedException.java" path="/home/stg/omc_experiments/subjects/plexus-utils/src/main/java/org/codehaus/plexus/util/dag/CycleDetectedException.java">
            <metrics classes="1" methods="4" conditionals="4" ncloc="34" coveredstatements="10" coveredmethods="4" complexity="6" coveredconditionals="4" statements="10" loc="63" coveredelements="18" elements="18"/>
            <class name="CycleDetectedException">
               <metrics methods="4" conditionals="4" coveredstatements="10" coveredmethods="4" complexity="6" coveredconditionals="4" statements="10" coveredelements="18" elements="18"/>
            </class>
            <line num="27" count="4" visibility="public" complexity="1" type="method" signature="CycleDetectedException(String,List&lt;String&gt;)"/>
            <line num="29" count="4" type="stmt"/>
            <line num="31" count="4" type="stmt"/>
            <line num="35" count="3" visibility="public" complexity="1" type="method" signature="getCycle() : List&lt;String&gt;"/>
            <line num="37" count="3" type="stmt"/>
            <line num="43" count="1" visibility="public" complexity="3" type="method" signature="cycleToString() : String"/>
            <line num="45" count="1" type="stmt"/>
            <line num="47" count="1" type="stmt"/>
            <line num="47" falsecount="1" type="cond" truecount="3"/>
            <line num="49" count="3" type="stmt"/>
            <line num="51" count="3" type="stmt"/>
            <line num="51" falsecount="1" type="cond" truecount="2"/>
            <line num="53" count="2" type="stmt"/>
            <line num="56" count="1" type="stmt"/>
            <line num="59" count="1" visibility="public" complexity="1" type="method" signature="getMessage() : String"/>
            <line num="61" count="1" type="stmt"/>
         </file>
         <file name="CycleDetector.java" path="/home/stg/omc_experiments/subjects/plexus-utils/src/main/java/org/codehaus/plexus/util/dag/CycleDetector.java">
            <metrics classes="1" methods="6" conditionals="12" ncloc="83" coveredstatements="28" coveredmethods="5" complexity="12" coveredconditionals="7" statements="37" loc="161" coveredelements="40" elements="55"/>
            <class name="CycleDetector">
               <metrics methods="6" conditionals="12" coveredstatements="28" coveredmethods="5" complexity="12" coveredconditionals="7" statements="37" coveredelements="40" elements="55"/>
            </class>
            <line num="38" count="0" visibility="public" complexity="3" type="method" signature="hasCycle(DAG) : List&lt;String&gt;"/>
            <line num="40" count="0" type="stmt"/>
            <line num="42" count="0" type="stmt"/>
            <line num="44" count="0" type="stmt"/>
            <line num="46" count="0" type="stmt"/>
            <line num="48" count="0" type="stmt"/>
            <line num="48" falsecount="0" type="cond" truecount="0"/>
            <line num="50" count="0" type="stmt"/>
            <line num="52" count="0" type="stmt"/>
            <line num="52" falsecount="0" type="cond" truecount="0"/>
            <line num="54" count="0" type="stmt"/>
            <line num="59" count="0" type="stmt"/>
            <line num="70" count="53" visibility="public" complexity="2" type="method" signature="introducesCycle(Vertex,Map&lt;Vertex, Integer&gt;) : List&lt;String&gt;"/>
            <line num="72" count="53" type="stmt"/>
            <line num="74" count="53" type="stmt"/>
            <line num="76" count="53" type="stmt"/>
            <line num="76" falsecount="50" type="cond" truecount="3"/>
            <line num="84" count="3" type="stmt"/>
            <line num="86" count="3" type="stmt"/>
            <line num="88" count="3" type="stmt"/>
            <line num="90" count="3" type="stmt"/>
            <line num="92" count="3" type="stmt"/>
            <line num="95" count="50" type="stmt"/>
            <line num="98" count="53" visibility="public" complexity="1" type="method" signature="introducesCycle(Vertex) : List&lt;String&gt;"/>
            <line num="100" count="53" type="stmt"/>
            <line num="102" count="53" type="stmt"/>
            <line num="110" count="14" visibility="private" complexity="1" type="method" signature="isNotVisited(Vertex,Map&lt;Vertex, Integer&gt;) : boolean"/>
            <line num="112" count="14" type="stmt"/>
            <line num="114" count="14" type="stmt"/>
            <line num="122" count="3" visibility="private" complexity="1" type="method" signature="isVisiting(Vertex,Map&lt;Vertex, Integer&gt;) : boolean"/>
            <line num="124" count="3" type="stmt"/>
            <line num="126" count="3" type="stmt"/>
            <line num="129" count="64" visibility="private" complexity="4" type="method" signature="dfsVisit(Vertex,LinkedList&lt;String&gt;,Map&lt;Vertex, Integer&gt;) : boolean"/>
            <line num="132" count="64" type="stmt"/>
            <line num="134" count="64" type="stmt"/>
            <line num="136" count="64" type="stmt"/>
            <line num="138" count="14" type="stmt"/>
            <line num="138" falsecount="3" type="cond" truecount="11"/>
            <line num="140" count="11" type="stmt"/>
            <line num="142" count="11" type="stmt"/>
            <line num="142" falsecount="4" type="cond" truecount="7"/>
            <line num="144" count="7" type="stmt"/>
            <line num="147" count="3" type="stmt"/>
            <line num="147" falsecount="0" type="cond" truecount="3"/>
            <line num="149" count="3" type="stmt"/>
            <line num="151" count="3" type="stmt"/>
            <line num="154" count="54" type="stmt"/>
            <line num="156" count="54" type="stmt"/>
            <line num="158" count="54" type="stmt"/>
         </file>
         <file name="DAG.java" path="/home/stg/omc_experiments/subjects/plexus-utils/src/main/java/org/codehaus/plexus/util/dag/DAG.java">
            <metrics classes="1" methods="16" conditionals="6" ncloc="125" coveredstatements="33" coveredmethods="10" complexity="19" coveredconditionals="5" statements="48" loc="266" coveredelements="48" elements="70"/>
            <class name="DAG">
               <metrics methods="16" conditionals="6" coveredstatements="33" coveredmethods="10" complexity="19" coveredconditionals="5" statements="48" coveredelements="48" elements="70"/>
            </class>
            <line num="59" count="11" visibility="public" complexity="1" type="method" signature="DAG()"/>
            <line num="61" count="11" type="stmt"/>
            <line num="71" count="8" visibility="public" complexity="1" type="method" signature="getVertices() : List&lt;Vertex&gt;"/>
            <line num="73" count="8" type="stmt"/>
            <line num="79" count="0" visibility="public" complexity="1" type="method" signature="getVerticies() : List&lt;Vertex&gt;"/>
            <line num="82" count="0" type="stmt"/>
            <line num="85" count="1" visibility="public" complexity="1" type="method" signature="getLabels() : Set&lt;String&gt;"/>
            <line num="87" count="1" type="stmt"/>
            <line num="101" count="126" visibility="public" complexity="2" type="method" signature="addVertex(String) : Vertex"/>
            <line num="103" count="126" type="stmt"/>
            <line num="106" count="126" type="stmt"/>
            <line num="106" falsecount="52" type="cond" truecount="74"/>
            <line num="108" count="74" type="stmt"/>
            <line num="112" count="52" type="stmt"/>
            <line num="114" count="52" type="stmt"/>
            <line num="116" count="52" type="stmt"/>
            <line num="119" count="126" type="stmt"/>
            <line num="122" count="53" visibility="public" complexity="1" type="method" signature="addEdge(String,String) : void"/>
            <line num="125" count="53" type="stmt"/>
            <line num="127" count="53" type="stmt"/>
            <line num="129" count="53" type="stmt"/>
            <line num="132" count="53" visibility="public" complexity="2" type="method" signature="addEdge(Vertex,Vertex) : void"/>
            <line num="136" count="53" type="stmt"/>
            <line num="138" count="53" type="stmt"/>
            <line num="140" count="53" type="stmt"/>
            <line num="142" count="53" type="stmt"/>
            <line num="142" falsecount="50" type="cond" truecount="3"/>
            <line num="146" count="3" type="stmt"/>
            <line num="148" count="3" type="stmt"/>
            <line num="150" count="3" type="stmt"/>
            <line num="154" count="0" visibility="public" complexity="1" type="method" signature="removeEdge(String,String) : void"/>
            <line num="156" count="0" type="stmt"/>
            <line num="158" count="0" type="stmt"/>
            <line num="160" count="0" type="stmt"/>
            <line num="163" count="3" visibility="public" complexity="1" type="method" signature="removeEdge(Vertex,Vertex) : void"/>
            <line num="165" count="3" type="stmt"/>
            <line num="167" count="3" type="stmt"/>
            <line num="170" count="41" visibility="public" complexity="1" type="method" signature="getVertex(String) : Vertex"/>
            <line num="172" count="41" type="stmt"/>
            <line num="174" count="41" type="stmt"/>
            <line num="177" count="17" visibility="public" complexity="1" type="method" signature="hasEdge(String,String) : boolean"/>
            <line num="179" count="17" type="stmt"/>
            <line num="181" count="17" type="stmt"/>
            <line num="183" count="17" type="stmt"/>
            <line num="185" count="17" type="stmt"/>
            <line num="193" count="0" visibility="public" complexity="1" type="method" signature="getChildLabels(String) : List&lt;String&gt;"/>
            <line num="195" count="0" type="stmt"/>
            <line num="197" count="0" type="stmt"/>
            <line num="204" count="0" visibility="public" complexity="1" type="method" signature="getParentLabels(String) : List&lt;String&gt;"/>
            <line num="206" count="0" type="stmt"/>
            <line num="208" count="0" type="stmt"/>
            <line num="214" count="0" visibility="public" complexity="1" type="method" signature="clone() : Object"/>
            <line num="218" count="0" type="stmt"/>
            <line num="220" count="0" type="stmt"/>
            <line num="228" count="0" visibility="public" complexity="1" type="method" signature="isConnected(String) : boolean"/>
            <line num="230" count="0" type="stmt"/>
            <line num="232" count="0" type="stmt"/>
            <line num="234" count="0" type="stmt"/>
            <line num="245" count="1" visibility="public" complexity="2" type="method" signature="getSuccessorLabels(String) : List&lt;String&gt;"/>
            <line num="247" count="1" type="stmt"/>
            <line num="249" count="1" type="stmt"/>
            <line num="252" count="1" type="stmt"/>
            <line num="252" falsecount="1" type="cond" truecount="0"/>
            <line num="254" count="0" type="stmt"/>
            <line num="256" count="0" type="stmt"/>
            <line num="260" count="1" type="stmt"/>
            <line num="263" count="1" type="stmt"/>
         </file>
         <file name="TopologicalSorter.java" path="/home/stg/omc_experiments/subjects/plexus-utils/src/main/java/org/codehaus/plexus/util/dag/TopologicalSorter.java">
            <metrics classes="1" methods="5" conditionals="4" ncloc="53" coveredstatements="18" coveredmethods="5" complexity="7" coveredconditionals="4" statements="18" loc="104" coveredelements="27" elements="27"/>
            <class name="TopologicalSorter">
               <metrics methods="5" conditionals="4" coveredstatements="18" coveredmethods="5" complexity="7" coveredconditionals="4" statements="18" coveredelements="27" elements="27"/>
            </class>
            <line num="42" count="4" visibility="public" complexity="1" type="method" signature="sort(DAG) : List&lt;String&gt;"/>
            <line num="44" count="4" type="stmt"/>
            <line num="47" count="1" visibility="public" complexity="1" type="method" signature="sort(Vertex) : List&lt;String&gt;"/>
            <line num="50" count="1" type="stmt"/>
            <line num="52" count="1" type="stmt"/>
            <line num="54" count="1" type="stmt"/>
            <line num="57" count="4" visibility="private" complexity="2" type="method" signature="dfs(DAG) : List&lt;String&gt;"/>
            <line num="60" count="4" type="stmt"/>
            <line num="61" count="4" type="stmt"/>
            <line num="63" count="4" type="stmt"/>
            <line num="65" count="19" type="stmt"/>
            <line num="65" falsecount="10" type="cond" truecount="9"/>
            <line num="67" count="9" type="stmt"/>
            <line num="71" count="4" type="stmt"/>
            <line num="79" count="45" visibility="private" complexity="1" type="method" signature="isNotVisited(Vertex,Map&lt;Vertex, Integer&gt;) : boolean"/>
            <line num="81" count="45" type="stmt"/>
            <line num="83" count="45" type="stmt"/>
            <line num="86" count="25" visibility="private" complexity="2" type="method" signature="dfsVisit(Vertex,Map&lt;Vertex, Integer&gt;,List&lt;String&gt;) : void"/>
            <line num="89" count="25" type="stmt"/>
            <line num="91" count="25" type="stmt"/>
            <line num="93" count="26" type="stmt"/>
            <line num="93" falsecount="11" type="cond" truecount="15"/>
            <line num="95" count="15" type="stmt"/>
            <line num="99" count="25" type="stmt"/>
            <line num="101" count="25" type="stmt"/>
         </file>
         <file name="Vertex.java" path="/home/stg/omc_experiments/subjects/plexus-utils/src/main/java/org/codehaus/plexus/util/dag/Vertex.java">
            <metrics classes="1" methods="15" conditionals="0" ncloc="83" coveredstatements="18" coveredmethods="12" complexity="15" coveredconditionals="0" statements="22" loc="183" coveredelements="30" elements="37"/>
            <class name="Vertex">
               <metrics methods="15" conditionals="0" coveredstatements="18" coveredmethods="12" complexity="15" coveredconditionals="0" statements="22" coveredelements="30" elements="37"/>
            </class>
            <line num="46" count="54" visibility="public" complexity="1" type="method" signature="Vertex(String)"/>
            <line num="48" count="54" type="stmt"/>
            <line num="58" count="112" visibility="public" complexity="1" type="method" signature="getLabel() : String"/>
            <line num="60" count="112" type="stmt"/>
            <line num="66" count="54" visibility="public" complexity="1" type="method" signature="addEdgeTo(Vertex) : void"/>
            <line num="68" count="54" type="stmt"/>
            <line num="74" count="3" visibility="public" complexity="1" type="method" signature="removeEdgeTo(Vertex) : void"/>
            <line num="76" count="3" type="stmt"/>
            <line num="82" count="53" visibility="public" complexity="1" type="method" signature="addEdgeFrom(Vertex) : void"/>
            <line num="84" count="53" type="stmt"/>
            <line num="87" count="3" visibility="public" complexity="1" type="method" signature="removeEdgeFrom(Vertex) : void"/>
            <line num="89" count="3" type="stmt"/>
            <line num="92" count="112" visibility="public" complexity="1" type="method" signature="getChildren() : List&lt;Vertex&gt;"/>
            <line num="94" count="112" type="stmt"/>
            <line num="102" count="5" visibility="public" complexity="1" type="method" signature="getChildLabels() : List&lt;String&gt;"/>
            <line num="104" count="5" type="stmt"/>
            <line num="106" count="5" type="stmt"/>
            <line num="108" count="6" type="stmt"/>
            <line num="110" count="5" type="stmt"/>
            <line num="118" count="3" visibility="public" complexity="1" type="method" signature="getParents() : List&lt;Vertex&gt;"/>
            <line num="120" count="3" type="stmt"/>
            <line num="128" count="2" visibility="public" complexity="1" type="method" signature="getParentLabels() : List&lt;String&gt;"/>
            <line num="130" count="2" type="stmt"/>
            <line num="132" count="2" type="stmt"/>
            <line num="134" count="4" type="stmt"/>
            <line num="136" count="2" type="stmt"/>
            <line num="144" count="1" visibility="public" complexity="1" type="method" signature="isLeaf() : boolean"/>
            <line num="146" count="1" type="stmt"/>
            <line num="154" count="0" visibility="public" complexity="1" type="method" signature="isRoot() : boolean"/>
            <line num="156" count="0" type="stmt"/>
            <line num="164" count="0" visibility="public" complexity="1" type="method" signature="isConnected() : boolean"/>
            <line num="166" count="0" type="stmt"/>
            <line num="169" count="0" visibility="public" complexity="1" type="method" signature="clone() : Object"/>
            <line num="173" count="0" type="stmt"/>
            <line num="175" count="0" type="stmt"/>
            <line num="178" count="6" visibility="public" complexity="1" type="method" signature="toString() : String"/>
            <line num="180" count="6" type="stmt"/>
         </file>
      </package>
      <package name="org.codehaus.plexus.util.cli">
         <metrics classes="17" methods="100" conditionals="198" files="14" ncloc="1345" coveredstatements="300" coveredmethods="66" complexity="234" coveredconditionals="113" statements="456" loc="2384" coveredelements="479" elements="754"/>
         <file name="AbstractStreamHandler.java" path="/home/stg/omc_experiments/subjects/plexus-utils/src/main/java/org/codehaus/plexus/util/cli/AbstractStreamHandler.java">
            <metrics classes="1" methods="5" conditionals="2" ncloc="31" coveredstatements="6" coveredmethods="5" complexity="6" coveredconditionals="2" statements="6" loc="58" coveredelements="13" elements="13"/>
            <class name="AbstractStreamHandler">
               <metrics methods="5" conditionals="2" coveredstatements="6" coveredmethods="5" complexity="6" coveredconditionals="2" statements="6" coveredelements="13" elements="13"/>
            </class>
            <line num="29" count="34" visibility="public" complexity="1" type="method" signature="isDone() : boolean"/>
            <line num="31" count="34" type="stmt"/>
            <line num="34" count="20" visibility="public" complexity="2" type="method" signature="waitUntilDone() : void"/>
            <line num="37" count="20" type="stmt"/>
            <line num="37" falsecount="20" type="cond" truecount="14"/>
            <line num="39" count="14" type="stmt"/>
            <line num="43" count="23" visibility="protected" complexity="1" type="method" signature="isDisabled() : boolean"/>
            <line num="45" count="23" type="stmt"/>
            <line num="48" count="21" visibility="public" complexity="1" type="method" signature="disable() : void"/>
            <line num="50" count="21" type="stmt"/>
            <line num="53" count="25" visibility="public" complexity="1" type="method" signature="setDone() : void"/>
            <line num="55" count="25" type="stmt"/>
         </file>
         <file name="Arg.java" path="/home/stg/omc_experiments/subjects/plexus-utils/src/main/java/org/codehaus/plexus/util/cli/Arg.java">
            <metrics classes="1" methods="0" conditionals="0" ncloc="9" coveredstatements="0" coveredmethods="0" complexity="0" coveredconditionals="0" statements="0" loc="30" coveredelements="0" elements="0"/>
            <class name="Arg">
               <metrics methods="0" conditionals="0" coveredstatements="0" coveredmethods="0" complexity="0" coveredconditionals="0" statements="0" coveredelements="0" elements="0"/>
            </class>
         </file>
         <file name="CommandLineCallable.java" path="/home/stg/omc_experiments/subjects/plexus-utils/src/main/java/org/codehaus/plexus/util/cli/CommandLineCallable.java">
            <metrics classes="1" methods="0" conditionals="0" ncloc="8" coveredstatements="0" coveredmethods="0" complexity="0" coveredconditionals="0" statements="0" loc="31" coveredelements="0" elements="0"/>
            <class name="CommandLineCallable">
               <metrics methods="0" conditionals="0" coveredstatements="0" coveredmethods="0" complexity="0" coveredconditionals="0" statements="0" coveredelements="0" elements="0"/>
            </class>
         </file>
         <file name="CommandLineException.java" path="/home/stg/omc_experiments/subjects/plexus-utils/src/main/java/org/codehaus/plexus/util/cli/CommandLineException.java">
            <metrics classes="1" methods="2" conditionals="0" ncloc="13" coveredstatements="1" coveredmethods="1" complexity="2" coveredconditionals="0" statements="2" loc="35" coveredelements="2" elements="4"/>
            <class name="CommandLineException">
               <metrics methods="2" conditionals="0" coveredstatements="1" coveredmethods="1" complexity="2" coveredconditionals="0" statements="2" coveredelements="2" elements="4"/>
            </class>
            <line num="26" count="1" visibility="public" complexity="1" type="method" signature="CommandLineException(String)"/>
            <line num="28" count="1" type="stmt"/>
            <line num="31" count="0" visibility="public" complexity="1" type="method" signature="CommandLineException(String,Throwable)"/>
            <line num="33" count="0" type="stmt"/>
         </file>
         <file name="CommandLineTimeOutException.java" path="/home/stg/omc_experiments/subjects/plexus-utils/src/main/java/org/codehaus/plexus/util/cli/CommandLineTimeOutException.java">
            <metrics classes="1" methods="2" conditionals="0" ncloc="13" coveredstatements="0" coveredmethods="0" complexity="2" coveredconditionals="0" statements="2" loc="48" coveredelements="0" elements="4"/>
            <class name="CommandLineTimeOutException">
               <metrics methods="2" conditionals="0" coveredstatements="0" coveredmethods="0" complexity="2" coveredconditionals="0" statements="2" coveredelements="0" elements="4"/>
            </class>
            <line num="34" count="0" visibility="public" complexity="1" type="method" signature="CommandLineTimeOutException(String)"/>
            <line num="36" count="0" type="stmt"/>
            <line num="43" count="0" visibility="public" complexity="1" type="method" signature="CommandLineTimeOutException(String,Throwable)"/>
            <line num="45" count="0" type="stmt"/>
         </file>
         <file name="CommandLineUtils.java" path="/home/stg/omc_experiments/subjects/plexus-utils/src/main/java/org/codehaus/plexus/util/cli/CommandLineUtils.java">
            <metrics classes="2" methods="20" conditionals="84" ncloc="420" coveredstatements="129" coveredmethods="15" complexity="71" coveredconditionals="50" statements="167" loc="619" coveredelements="194" elements="271"/>
            <class name="CommandLineUtils">
               <metrics methods="18" conditionals="84" coveredstatements="128" coveredmethods="14" complexity="69" coveredconditionals="50" statements="165" coveredelements="192" elements="267"/>
            </class>
            <class name="CommandLineUtils.StringStreamConsumer">
               <metrics methods="2" conditionals="0" coveredstatements="1" coveredmethods="1" complexity="2" coveredconditionals="0" statements="2" coveredelements="2" elements="4"/>
            </class>
            <line num="50" count="6" visibility="public" complexity="1" type="method" signature="consumeLine(String) : void"/>
            <line num="52" count="6" type="stmt"/>
            <line num="55" count="0" visibility="public" complexity="1" type="method" signature="getOutput() : String"/>
            <line num="57" count="0" type="stmt"/>
            <line num="72" count="9" visibility="public" complexity="1" type="method" signature="executeCommandLine(Commandline,StreamConsumer,StreamConsumer) : int"/>
            <line num="75" count="9" type="stmt"/>
            <line num="78" count="1" visibility="public" complexity="1" type="method" signature="executeCommandLine(Commandline,StreamConsumer,StreamConsumer,int) : int"/>
            <line num="82" count="1" type="stmt"/>
            <line num="85" count="0" visibility="public" complexity="1" type="method" signature="executeCommandLine(Commandline,InputStream,StreamConsumer,StreamConsumer) : int"/>
            <line num="89" count="0" type="stmt"/>
            <line num="102" count="10" visibility="public" complexity="1" type="method" signature="executeCommandLine(Commandline,InputStream,StreamConsumer,StreamConsumer,int) : int"/>
            <line num="106" count="10" type="stmt"/>
            <line num="108" count="10" type="stmt"/>
            <line num="125" count="10" visibility="public" complexity="2" type="method" signature="executeCommandLineAsCallable(Commandline,InputStream,StreamConsumer,StreamConsumer,int) : CommandLineCallable"/>
            <line num="131" count="10" type="stmt"/>
            <line num="131" falsecount="10" type="cond" truecount="0"/>
            <line num="133" count="0" type="stmt"/>
            <line num="136" count="10" type="stmt"/>
            <line num="138" count="10" type="stmt"/>
            <line num="141" count="10" visibility="package" complexity="1" type="method" signature="&lt;init&gt;, line 141()"/>
            <line num="142" count="10" type="stmt"/>
            <line num="143" count="10" type="stmt"/>
            <line num="146" count="10" visibility="public" complexity="1" type="method" signature="run() : void"/>
            <line num="149" count="10" type="stmt"/>
            <line num="154" count="10" type="stmt"/>
            <line num="156" count="10" type="stmt"/>
            <line num="159" count="10" visibility="public" complexity="18" type="method" signature="call() : Integer"/>
            <line num="162" count="10" type="stmt"/>
            <line num="163" count="10" type="stmt"/>
            <line num="164" count="10" type="stmt"/>
            <line num="165" count="10" type="stmt"/>
            <line num="166" count="10" type="stmt"/>
            <line num="168" count="10" type="stmt"/>
            <line num="168" falsecount="10" type="cond" truecount="0"/>
            <line num="170" count="0" type="stmt"/>
            <line num="171" count="0" type="stmt"/>
            <line num="174" count="10" type="stmt"/>
            <line num="175" count="10" type="stmt"/>
            <line num="177" count="10" type="stmt"/>
            <line num="178" count="10" type="stmt"/>
            <line num="180" count="10" type="stmt"/>
            <line num="181" count="10" type="stmt"/>
            <line num="181" falsecount="1" type="cond" truecount="9"/>
            <line num="183" count="9" type="stmt"/>
            <line num="187" count="1" type="stmt"/>
            <line num="188" count="1" type="stmt"/>
            <line num="190" count="1" type="stmt"/>
            <line num="190" falsecount="1" type="cond" truecount="1"/>
            <line num="194" count="1" type="stmt"/>
            <line num="197" count="1" type="stmt"/>
            <line num="197" falsecount="1" type="cond" truecount="0"/>
            <line num="199" count="0" type="stmt"/>
            <line num="203" count="1" type="stmt"/>
            <line num="227" count="10" type="stmt"/>
            <line num="227" falsecount="10" type="cond" truecount="0"/>
            <line num="229" count="0" type="stmt"/>
            <line num="232" count="10" type="stmt"/>
            <line num="233" count="10" type="stmt"/>
            <line num="235" count="10" type="stmt"/>
            <line num="235" falsecount="10" type="cond" truecount="0"/>
            <line num="237" count="0" type="stmt"/>
            <line num="238" count="0" type="stmt"/>
            <line num="241" count="10" type="stmt"/>
            <line num="242" count="10" type="stmt"/>
            <line num="244" count="10" type="stmt"/>
            <line num="245" count="10" type="stmt"/>
            <line num="247" count="10" type="stmt"/>
            <line num="248" count="10" type="stmt"/>
            <line num="252" count="0" type="stmt"/>
            <line num="258" count="10" type="stmt"/>
            <line num="258" falsecount="10" type="cond" truecount="0"/>
            <line num="260" count="0" type="stmt"/>
            <line num="262" count="10" type="stmt"/>
            <line num="262" falsecount="0" type="cond" truecount="10"/>
            <line num="264" count="10" type="stmt"/>
            <line num="266" count="10" type="stmt"/>
            <line num="266" falsecount="0" type="cond" truecount="10"/>
            <line num="268" count="10" type="stmt"/>
            <line num="271" count="10" type="stmt"/>
            <line num="273" count="10" type="stmt"/>
            <line num="274" count="10" type="stmt"/>
            <line num="278" count="10" type="stmt"/>
            <line num="280" count="10" type="stmt"/>
            <line num="280" falsecount="10" type="cond" truecount="0"/>
            <line num="282" count="0" type="stmt"/>
            <line num="284" count="0" type="stmt"/>
            <line num="284" falsecount="0" type="cond" truecount="0"/>
            <line num="286" count="0" type="stmt"/>
            <line num="287" count="0" type="stmt"/>
            <line num="288" count="0" type="stmt"/>
            <line num="294" count="10" type="stmt"/>
            <line num="296" count="10" type="stmt"/>
            <line num="296" falsecount="0" type="cond" truecount="10"/>
            <line num="298" count="10" type="stmt"/>
            <line num="300" count="10" type="stmt"/>
            <line num="300" falsecount="0" type="cond" truecount="10"/>
            <line num="302" count="10" type="stmt"/>
            <line num="303" count="10" type="stmt"/>
            <line num="304" count="10" type="stmt"/>
            <line num="310" count="10" type="stmt"/>
            <line num="310" falsecount="0" type="cond" truecount="10"/>
            <line num="312" count="10" type="stmt"/>
            <line num="314" count="10" type="stmt"/>
            <line num="314" falsecount="0" type="cond" truecount="10"/>
            <line num="316" count="10" type="stmt"/>
            <line num="328" count="40" visibility="private" complexity="2" type="method" signature="handleException(StreamPumper,String) : void"/>
            <line num="331" count="40" type="stmt"/>
            <line num="331" falsecount="40" type="cond" truecount="0"/>
            <line num="333" count="0" type="stmt"/>
            <line num="339" count="0" visibility="private" complexity="2" type="method" signature="handleException(StreamFeeder,String) : void"/>
            <line num="342" count="0" type="stmt"/>
            <line num="342" falsecount="0" type="cond" truecount="0"/>
            <line num="344" count="0" type="stmt"/>
            <line num="361" count="14" visibility="public" complexity="1" type="method" signature="getSystemEnvVars() : Properties"/>
            <line num="364" count="14" type="stmt"/>
            <line num="377" count="15" visibility="public" complexity="2" type="method" signature="getSystemEnvVars(boolean) : Properties"/>
            <line num="380" count="15" type="stmt"/>
            <line num="381" count="15" type="stmt"/>
            <line num="382" count="15" type="stmt"/>
            <line num="384" count="540" type="stmt"/>
            <line num="385" count="540" type="stmt"/>
            <line num="385" falsecount="504" type="cond" truecount="36"/>
            <line num="387" count="36" type="stmt"/>
            <line num="389" count="540" type="stmt"/>
            <line num="391" count="15" type="stmt"/>
            <line num="394" count="3" visibility="public" complexity="3" type="method" signature="isAlive(Process) : boolean"/>
            <line num="396" count="3" type="stmt"/>
            <line num="396" falsecount="3" type="cond" truecount="0"/>
            <line num="398" count="0" type="stmt"/>
            <line num="401" count="3" type="stmt"/>
            <line num="403" count="3" type="stmt"/>
            <line num="404" count="2" type="stmt"/>
            <line num="408" count="1" type="stmt"/>
            <line num="412" count="12" visibility="public" complexity="15" type="method" signature="translateCommandline(String) : String[]"/>
            <line num="415" count="12" type="stmt"/>
            <line num="415" falsecount="10" type="cond" truecount="2"/>
            <line num="417" count="2" type="stmt"/>
            <line num="422" count="10" type="stmt"/>
            <line num="423" count="10" type="stmt"/>
            <line num="424" count="10" type="stmt"/>
            <line num="425" count="10" type="stmt"/>
            <line num="426" count="10" type="stmt"/>
            <line num="427" count="10" type="stmt"/>
            <line num="428" count="10" type="stmt"/>
            <line num="430" count="10" type="stmt"/>
            <line num="430" falsecount="10" type="cond" truecount="60"/>
            <line num="432" count="60" type="stmt"/>
            <line num="433" count="60" type="stmt"/>
            <line num="435" count="10" type="stmt"/>
            <line num="436" count="10" type="stmt"/>
            <line num="436" falsecount="8" type="cond" truecount="2"/>
            <line num="438" count="2" type="stmt"/>
            <line num="442" count="8" type="stmt"/>
            <line num="444" count="10" type="stmt"/>
            <line num="445" count="10" type="stmt"/>
            <line num="446" count="10" type="stmt"/>
            <line num="446" falsecount="8" type="cond" truecount="2"/>
            <line num="448" count="2" type="stmt"/>
            <line num="452" count="8" type="stmt"/>
            <line num="454" count="10" type="stmt"/>
            <line num="455" count="40" type="stmt"/>
            <line num="456" count="40" type="stmt"/>
            <line num="456" falsecount="38" type="cond" truecount="2"/>
            <line num="458" count="2" type="stmt"/>
            <line num="460" count="38" type="stmt"/>
            <line num="460" falsecount="36" type="cond" truecount="2"/>
            <line num="462" count="2" type="stmt"/>
            <line num="464" count="36" type="stmt"/>
            <line num="464" falsecount="17" type="cond" truecount="19"/>
            <line num="466" count="19" type="stmt"/>
            <line num="466" falsecount="7" type="cond" truecount="12"/>
            <line num="468" count="12" type="stmt"/>
            <line num="469" count="12" type="stmt"/>
            <line num="474" count="17" type="stmt"/>
            <line num="476" count="40" type="stmt"/>
            <line num="480" count="10" type="stmt"/>
            <line num="480" falsecount="1" type="cond" truecount="9"/>
            <line num="482" count="9" type="stmt"/>
            <line num="485" count="10" type="stmt"/>
            <line num="485" falsecount="10" type="cond" truecount="0"/>
            <line num="487" count="0" type="stmt"/>
            <line num="490" count="10" type="stmt"/>
            <line num="491" count="10" type="stmt"/>
            <line num="492" count="10" type="stmt"/>
            <line num="509" count="4" visibility="public" complexity="1" type="method" signature="quote(String) : String"/>
            <line num="513" count="4" type="stmt"/>
            <line num="530" count="0" visibility="public" complexity="1" type="method" signature="quote(String,boolean) : String"/>
            <line num="534" count="0" type="stmt"/>
            <line num="542" count="4" visibility="public" complexity="10" type="method" signature="quote(String,boolean,boolean,boolean) : String"/>
            <line num="547" count="4" type="stmt"/>
            <line num="547" falsecount="2" type="cond" truecount="2"/>
            <line num="549" count="2" type="stmt"/>
            <line num="549" falsecount="1" type="cond" truecount="1"/>
            <line num="551" count="1" type="stmt"/>
            <line num="555" count="1" type="stmt"/>
            <line num="555" falsecount="1" type="cond" truecount="0"/>
            <line num="557" count="0" type="stmt"/>
            <line num="559" count="1" type="stmt"/>
            <line num="559" falsecount="0" type="cond" truecount="1"/>
            <line num="561" count="1" type="stmt"/>
            <line num="565" count="2" type="stmt"/>
            <line num="565" falsecount="2" type="cond" truecount="0"/>
            <line num="567" count="0" type="stmt"/>
            <line num="567" falsecount="0" type="cond" truecount="0"/>
            <line num="569" count="0" type="stmt"/>
            <line num="571" count="0" type="stmt"/>
            <line num="571" falsecount="0" type="cond" truecount="0"/>
            <line num="573" count="0" type="stmt"/>
            <line num="576" count="2" type="stmt"/>
            <line num="576" falsecount="1" type="cond" truecount="1"/>
            <line num="578" count="1" type="stmt"/>
            <line num="578" falsecount="1" type="cond" truecount="0"/>
            <line num="580" count="0" type="stmt"/>
            <line num="584" count="1" type="stmt"/>
            <line num="588" count="1" type="stmt"/>
            <line num="591" count="0" visibility="public" complexity="6" type="method" signature="toString(String[]) : String"/>
            <line num="594" count="0" type="stmt"/>
            <line num="594" falsecount="0" type="cond" truecount="0"/>
            <line num="596" count="0" type="stmt"/>
            <line num="600" count="0" type="stmt"/>
            <line num="601" count="0" type="stmt"/>
            <line num="601" falsecount="0" type="cond" truecount="0"/>
            <line num="603" count="0" type="stmt"/>
            <line num="603" falsecount="0" type="cond" truecount="0"/>
            <line num="605" count="0" type="stmt"/>
            <line num="607" count="0" type="stmt"/>
            <line num="609" count="0" type="stmt"/>
            <line num="613" count="0" type="stmt"/>
            <line num="616" count="0" type="stmt"/>
         </file>
         <file name="Commandline.java" path="/home/stg/omc_experiments/subjects/plexus-utils/src/main/java/org/codehaus/plexus/util/cli/Commandline.java">
            <metrics classes="3" methods="46" conditionals="54" ncloc="441" coveredstatements="94" coveredmethods="28" complexity="80" coveredconditionals="26" statements="155" loc="812" coveredelements="148" elements="255"/>
            <class name="Commandline">
               <metrics methods="40" conditionals="44" coveredstatements="86" coveredmethods="24" complexity="68" coveredconditionals="23" statements="139" coveredelements="133" elements="223"/>
            </class>
            <class name="Commandline.Marker">
               <metrics methods="2" conditionals="6" coveredstatements="0" coveredmethods="0" complexity="5" coveredconditionals="0" statements="7" coveredelements="0" elements="15"/>
            </class>
            <class name="Commandline.Argument">
               <metrics methods="4" conditionals="4" coveredstatements="8" coveredmethods="4" complexity="7" coveredconditionals="3" statements="9" coveredelements="15" elements="17"/>
            </class>
            <line num="143" count="1" visibility="public" complexity="5" type="method" signature="Commandline(String,Shell)"/>
            <line num="145" count="1" type="stmt"/>
            <line num="147" count="1" type="stmt"/>
            <line num="148" count="1" type="stmt"/>
            <line num="150" count="1" type="stmt"/>
            <line num="154" count="0" type="stmt"/>
            <line num="156" count="1" type="stmt"/>
            <line num="156" falsecount="0" type="cond" truecount="1"/>
            <line num="158" count="1" type="stmt"/>
            <line num="159" count="1" type="stmt"/>
            <line num="159" falsecount="1" type="cond" truecount="1"/>
            <line num="161" count="1" type="stmt"/>
            <line num="170" count="14" visibility="public" complexity="1" type="method" signature="Commandline(Shell)"/>
            <line num="172" count="14" type="stmt"/>
            <line num="180" count="0" visibility="public" complexity="5" type="method" signature="Commandline(String)"/>
            <line num="182" count="0" type="stmt"/>
            <line num="183" count="0" type="stmt"/>
            <line num="184" count="0" type="stmt"/>
            <line num="186" count="0" type="stmt"/>
            <line num="190" count="0" type="stmt"/>
            <line num="192" count="0" type="stmt"/>
            <line num="192" falsecount="0" type="cond" truecount="0"/>
            <line num="194" count="0" type="stmt"/>
            <line num="195" count="0" type="stmt"/>
            <line num="195" falsecount="0" type="cond" truecount="0"/>
            <line num="197" count="0" type="stmt"/>
            <line num="205" count="13" visibility="public" complexity="1" type="method" signature="Commandline()"/>
            <line num="207" count="13" type="stmt"/>
            <line num="210" count="0" visibility="public" complexity="2" type="method" signature="getPid() : long"/>
            <line num="212" count="0" type="stmt"/>
            <line num="212" falsecount="0" type="cond" truecount="0"/>
            <line num="214" count="0" type="stmt"/>
            <line num="217" count="0" type="stmt"/>
            <line num="220" count="0" visibility="public" complexity="1" type="method" signature="setPid(long) : void"/>
            <line num="222" count="0" type="stmt"/>
            <line num="238" count="0" visibility="package" complexity="1" type="method" signature="Marker(int)"/>
            <line num="240" count="0" type="stmt"/>
            <line num="250" count="0" visibility="public" complexity="4" type="method" signature="getPosition() : int"/>
            <line num="252" count="0" type="stmt"/>
            <line num="252" falsecount="0" type="cond" truecount="0"/>
            <line num="254" count="0" type="stmt"/>
            <line num="254" falsecount="0" type="cond" truecount="0"/>
            <line num="255" count="0" type="stmt"/>
            <line num="255" falsecount="0" type="cond" truecount="0"/>
            <line num="257" count="0" type="stmt"/>
            <line num="258" count="0" type="stmt"/>
            <line num="261" count="0" type="stmt"/>
            <line num="270" count="13" visibility="private" complexity="3" type="method" signature="setDefaultShell() : void"/>
            <line num="273" count="13" type="stmt"/>
            <line num="273" falsecount="13" type="cond" truecount="0"/>
            <line num="275" count="0" type="stmt"/>
            <line num="275" falsecount="0" type="cond" truecount="0"/>
            <line num="277" count="0" type="stmt"/>
            <line num="281" count="0" type="stmt"/>
            <line num="286" count="13" type="stmt"/>
            <line num="302" count="18" visibility="public" complexity="1" type="method" signature="createArgument() : Argument"/>
            <line num="304" count="18" type="stmt"/>
            <line num="318" count="19" visibility="public" complexity="2" type="method" signature="createArgument(boolean) : Argument"/>
            <line num="320" count="19" type="stmt"/>
            <line num="321" count="19" type="stmt"/>
            <line num="321" falsecount="18" type="cond" truecount="1"/>
            <line num="323" count="1" type="stmt"/>
            <line num="327" count="18" type="stmt"/>
            <line num="329" count="19" type="stmt"/>
            <line num="343" count="27" visibility="public" complexity="1" type="method" signature="createArg() : Arg"/>
            <line num="345" count="27" type="stmt"/>
            <line num="358" count="27" visibility="public" complexity="2" type="method" signature="createArg(boolean) : Arg"/>
            <line num="360" count="27" type="stmt"/>
            <line num="361" count="27" type="stmt"/>
            <line num="361" falsecount="27" type="cond" truecount="0"/>
            <line num="363" count="0" type="stmt"/>
            <line num="367" count="27" type="stmt"/>
            <line num="369" count="27" type="stmt"/>
            <line num="378" count="0" visibility="public" complexity="1" type="method" signature="addArg(Arg) : void"/>
            <line num="380" count="0" type="stmt"/>
            <line num="389" count="0" visibility="public" complexity="2" type="method" signature="addArg(Arg,boolean) : void"/>
            <line num="391" count="0" type="stmt"/>
            <line num="391" falsecount="0" type="cond" truecount="0"/>
            <line num="393" count="0" type="stmt"/>
            <line num="397" count="0" type="stmt"/>
            <line num="404" count="22" visibility="public" complexity="1" type="method" signature="setExecutable(String) : void"/>
            <line num="406" count="22" type="stmt"/>
            <line num="407" count="22" type="stmt"/>
            <line num="413" count="11" visibility="public" complexity="1" type="method" signature="getLiteralExecutable() : String"/>
            <line num="415" count="11" type="stmt"/>
            <line num="424" count="0" visibility="public" complexity="2" type="method" signature="getExecutable() : String"/>
            <line num="426" count="0" type="stmt"/>
            <line num="428" count="0" type="stmt"/>
            <line num="428" falsecount="0" type="cond" truecount="0"/>
            <line num="430" count="0" type="stmt"/>
            <line num="433" count="0" type="stmt"/>
            <line num="436" count="6" visibility="public" complexity="1" type="method" signature="addArguments(String[]) : void"/>
            <line num="438" count="6" type="stmt"/>
            <line num="440" count="9" type="stmt"/>
            <line num="447" count="470" visibility="public" complexity="1" type="method" signature="addEnvironment(String,String) : void"/>
            <line num="450" count="470" type="stmt"/>
            <line num="456" count="14" visibility="public" complexity="2" type="method" signature="addSystemEnvironment() : void"/>
            <line num="459" count="14" type="stmt"/>
            <line num="461" count="14" type="stmt"/>
            <line num="463" count="504" type="stmt"/>
            <line num="464" count="504" type="stmt"/>
            <line num="464" falsecount="36" type="cond" truecount="468"/>
            <line num="466" count="468" type="stmt"/>
            <line num="474" count="13" visibility="public" complexity="2" type="method" signature="getEnvironmentVariables() : String[]"/>
            <line num="477" count="13" type="stmt"/>
            <line num="479" count="13" type="stmt"/>
            <line num="483" count="0" type="stmt"/>
            <line num="485" count="13" type="stmt"/>
            <line num="486" count="13" type="stmt"/>
            <line num="487" count="13" type="stmt"/>
            <line num="489" count="469" type="stmt"/>
            <line num="490" count="469" type="stmt"/>
            <line num="491" count="469" type="stmt"/>
            <line num="492" count="469" type="stmt"/>
            <line num="494" count="13" type="stmt"/>
            <line num="501" count="11" visibility="public" complexity="3" type="method" signature="getCommandline() : String[]"/>
            <line num="503" count="11" type="stmt"/>
            <line num="503" falsecount="11" type="cond" truecount="0"/>
            <line num="505" count="0" type="stmt"/>
            <line num="508" count="11" type="stmt"/>
            <line num="509" count="11" type="stmt"/>
            <line num="511" count="11" type="stmt"/>
            <line num="511" falsecount="11" type="cond" truecount="0"/>
            <line num="513" count="0" type="stmt"/>
            <line num="515" count="11" type="stmt"/>
            <line num="516" count="11" type="stmt"/>
            <line num="517" count="11" type="stmt"/>
            <line num="518" count="11" type="stmt"/>
            <line num="525" count="24" visibility="public" complexity="1" type="method" signature="getShellCommandline() : String[]"/>
            <line num="528" count="24" type="stmt"/>
            <line num="530" count="24" type="stmt"/>
            <line num="536" count="35" visibility="public" complexity="3" type="method" signature="getArguments() : String[]"/>
            <line num="538" count="35" type="stmt"/>
            <line num="539" count="35" type="stmt"/>
            <line num="539" falsecount="35" type="cond" truecount="47"/>
            <line num="541" count="47" type="stmt"/>
            <line num="542" count="47" type="stmt"/>
            <line num="543" count="47" type="stmt"/>
            <line num="543" falsecount="1" type="cond" truecount="46"/>
            <line num="545" count="46" type="stmt"/>
            <line num="547" count="46" type="stmt"/>
            <line num="552" count="35" type="stmt"/>
            <line num="553" count="35" type="stmt"/>
            <line num="554" count="35" type="stmt"/>
            <line num="557" count="5" visibility="public" complexity="1" type="method" signature="toString() : String"/>
            <line num="559" count="5" type="stmt"/>
            <line num="562" count="0" visibility="public" complexity="1" type="method" signature="size() : int"/>
            <line num="564" count="0" type="stmt"/>
            <line num="567" count="0" visibility="public" complexity="1" type="method" signature="clone() : Object"/>
            <line num="569" count="0" type="stmt"/>
            <line num="570" count="0" type="stmt"/>
            <line num="571" count="0" type="stmt"/>
            <line num="572" count="0" type="stmt"/>
            <line num="573" count="0" type="stmt"/>
            <line num="579" count="0" visibility="public" complexity="1" type="method" signature="clear() : void"/>
            <line num="581" count="0" type="stmt"/>
            <line num="582" count="0" type="stmt"/>
            <line num="583" count="0" type="stmt"/>
            <line num="584" count="0" type="stmt"/>
            <line num="585" count="0" type="stmt"/>
            <line num="591" count="0" visibility="public" complexity="1" type="method" signature="clearArgs() : void"/>
            <line num="593" count="0" type="stmt"/>
            <line num="604" count="0" visibility="public" complexity="1" type="method" signature="createMarker() : Marker"/>
            <line num="606" count="0" type="stmt"/>
            <line num="612" count="6" visibility="public" complexity="1" type="method" signature="setWorkingDirectory(String) : void"/>
            <line num="614" count="6" type="stmt"/>
            <line num="615" count="6" type="stmt"/>
            <line num="621" count="10" visibility="public" complexity="1" type="method" signature="setWorkingDirectory(File) : void"/>
            <line num="623" count="10" type="stmt"/>
            <line num="624" count="10" type="stmt"/>
            <line num="627" count="0" visibility="public" complexity="2" type="method" signature="getWorkingDirectory() : File"/>
            <line num="629" count="0" type="stmt"/>
            <line num="631" count="0" type="stmt"/>
            <line num="631" falsecount="0" type="cond" truecount="0"/>
            <line num="633" count="0" type="stmt"/>
            <line num="636" count="0" type="stmt"/>
            <line num="642" count="11" visibility="public" complexity="5" type="method" signature="execute() : Process"/>
            <line num="646" count="11" type="stmt"/>
            <line num="648" count="11" type="stmt"/>
            <line num="652" count="11" type="stmt"/>
            <line num="654" count="11" type="stmt"/>
            <line num="656" count="11" type="stmt"/>
            <line num="658" count="11" type="stmt"/>
            <line num="658" falsecount="10" type="cond" truecount="1"/>
            <line num="660" count="1" type="stmt"/>
            <line num="664" count="10" type="stmt"/>
            <line num="664" falsecount="10" type="cond" truecount="0"/>
            <line num="666" count="0" type="stmt"/>
            <line num="669" count="10" type="stmt"/>
            <line num="669" falsecount="10" type="cond" truecount="0"/>
            <line num="671" count="0" type="stmt"/>
            <line num="675" count="10" type="stmt"/>
            <line num="680" count="0" type="stmt"/>
            <line num="683" count="11" type="stmt"/>
            <line num="689" count="35" visibility="private" complexity="3" type="method" signature="verifyShellState() : void"/>
            <line num="691" count="35" type="stmt"/>
            <line num="691" falsecount="25" type="cond" truecount="10"/>
            <line num="693" count="10" type="stmt"/>
            <line num="696" count="35" type="stmt"/>
            <line num="696" falsecount="31" type="cond" truecount="4"/>
            <line num="698" count="4" type="stmt"/>
            <line num="702" count="0" visibility="public" complexity="1" type="method" signature="getSystemEnvVars() : Properties"/>
            <line num="705" count="0" type="stmt"/>
            <line num="715" count="13" visibility="public" complexity="1" type="method" signature="setShell(Shell) : void"/>
            <line num="717" count="13" type="stmt"/>
            <line num="726" count="30" visibility="public" complexity="1" type="method" signature="getShell() : Shell"/>
            <line num="728" count="30" type="stmt"/>
            <line num="734" count="0" visibility="public" complexity="1" type="method" signature="translateCommandline(String) : String[]"/>
            <line num="737" count="0" type="stmt"/>
            <line num="743" count="0" visibility="public" complexity="1" type="method" signature="quoteArgument(String) : String"/>
            <line num="746" count="0" type="stmt"/>
            <line num="752" count="0" visibility="public" complexity="1" type="method" signature="toString(String[]) : String"/>
            <line num="754" count="0" type="stmt"/>
            <line num="766" count="41" visibility="public" complexity="2" type="method" signature="setValue(String) : void"/>
            <line num="768" count="41" type="stmt"/>
            <line num="768" falsecount="0" type="cond" truecount="41"/>
            <line num="770" count="41" type="stmt"/>
            <line num="778" count="4" visibility="public" complexity="3" type="method" signature="setLine(String) : void"/>
            <line num="780" count="4" type="stmt"/>
            <line num="780" falsecount="3" type="cond" truecount="1"/>
            <line num="782" count="1" type="stmt"/>
            <line num="784" count="3" type="stmt"/>
            <line num="786" count="3" type="stmt"/>
            <line num="790" count="0" type="stmt"/>
            <line num="798" count="1" visibility="public" complexity="1" type="method" signature="setFile(File) : void"/>
            <line num="800" count="1" type="stmt"/>
            <line num="807" count="47" visibility="public" complexity="1" type="method" signature="getParts() : String[]"/>
            <line num="809" count="47" type="stmt"/>
         </file>
         <file name="DefaultConsumer.java" path="/home/stg/omc_experiments/subjects/plexus-utils/src/main/java/org/codehaus/plexus/util/cli/DefaultConsumer.java">
            <metrics classes="1" methods="1" conditionals="2" ncloc="15" coveredstatements="2" coveredmethods="1" complexity="2" coveredconditionals="1" statements="3" loc="40" coveredelements="4" elements="6"/>
            <class name="DefaultConsumer">
               <metrics methods="1" conditionals="2" coveredstatements="2" coveredmethods="1" complexity="2" coveredconditionals="1" statements="3" coveredelements="4" elements="6"/>
            </class>
            <line num="29" count="9" visibility="public" complexity="2" type="method" signature="consumeLine(String) : void"/>
            <line num="32" count="9" type="stmt"/>
            <line num="34" count="9" type="stmt"/>
            <line num="34" falsecount="9" type="cond" truecount="0"/>
            <line num="36" count="0" type="stmt"/>
         </file>
         <file name="EnhancedStringTokenizer.java" path="/home/stg/omc_experiments/subjects/plexus-utils/src/main/java/org/codehaus/plexus/util/cli/EnhancedStringTokenizer.java">
            <metrics classes="1" methods="7" conditionals="20" ncloc="98" coveredstatements="35" coveredmethods="7" complexity="17" coveredconditionals="20" statements="35" loc="137" coveredelements="62" elements="62"/>
            <class name="EnhancedStringTokenizer">
               <metrics methods="7" conditionals="20" coveredstatements="35" coveredmethods="7" complexity="17" coveredconditionals="20" statements="35" coveredelements="62" elements="62"/>
            </class>
            <line num="43" count="3" visibility="public" complexity="1" type="method" signature="EnhancedStringTokenizer(String)"/>
            <line num="45" count="3" type="stmt"/>
            <line num="48" count="1" visibility="public" complexity="1" type="method" signature="EnhancedStringTokenizer(String,String)"/>
            <line num="50" count="1" type="stmt"/>
            <line num="53" count="6" visibility="public" complexity="1" type="method" signature="EnhancedStringTokenizer(String,String,boolean)"/>
            <line num="55" count="6" type="stmt"/>
            <line num="56" count="6" type="stmt"/>
            <line num="57" count="6" type="stmt"/>
            <line num="58" count="6" type="stmt"/>
            <line num="59" count="6" type="stmt"/>
            <line num="62" count="19" visibility="public" complexity="1" type="method" signature="hasMoreTokens() : boolean"/>
            <line num="64" count="19" type="stmt"/>
            <line num="67" count="41" visibility="private" complexity="4" type="method" signature="internalNextToken() : String"/>
            <line num="69" count="41" type="stmt"/>
            <line num="69" falsecount="35" type="cond" truecount="6"/>
            <line num="71" count="6" type="stmt"/>
            <line num="72" count="6" type="stmt"/>
            <line num="73" count="6" type="stmt"/>
            <line num="76" count="35" type="stmt"/>
            <line num="77" count="34" type="stmt"/>
            <line num="77" falsecount="16" type="cond" truecount="18"/>
            <line num="79" count="18" type="stmt"/>
            <line num="79" falsecount="12" type="cond" truecount="6"/>
            <line num="81" count="6" type="stmt"/>
            <line num="82" count="6" type="stmt"/>
            <line num="86" count="12" type="stmt"/>
            <line num="87" count="12" type="stmt"/>
            <line num="92" count="16" type="stmt"/>
            <line num="93" count="16" type="stmt"/>
            <line num="97" count="32" visibility="public" complexity="4" type="method" signature="nextToken() : String"/>
            <line num="99" count="32" type="stmt"/>
            <line num="100" count="31" type="stmt"/>
            <line num="100" falsecount="13" type="cond" truecount="18"/>
            <line num="102" count="18" type="stmt"/>
            <line num="104" count="13" type="stmt"/>
            <line num="104" falsecount="3" type="cond" truecount="10"/>
            <line num="106" count="10" type="stmt"/>
            <line num="106" falsecount="1" type="cond" truecount="9"/>
            <line num="110" count="3" type="stmt"/>
            <line num="114" count="47" visibility="private" complexity="5" type="method" signature="isDelim(String) : boolean"/>
            <line num="116" count="47" type="stmt"/>
            <line num="116" falsecount="5" type="cond" truecount="42"/>
            <line num="118" count="42" type="stmt"/>
            <line num="119" count="42" type="stmt"/>
            <line num="119" falsecount="20" type="cond" truecount="22"/>
            <line num="121" count="22" type="stmt"/>
            <line num="121" falsecount="7" type="cond" truecount="15"/>
            <line num="123" count="15" type="stmt"/>
            <line num="128" count="20" type="stmt"/>
            <line num="128" falsecount="7" type="cond" truecount="13"/>
            <line num="130" count="13" type="stmt"/>
            <line num="134" count="19" type="stmt"/>
         </file>
         <file name="ShutdownHookUtils.java" path="/home/stg/omc_experiments/subjects/plexus-utils/src/main/java/org/codehaus/plexus/util/cli/ShutdownHookUtils.java">
            <metrics classes="1" methods="2" conditionals="0" ncloc="31" coveredstatements="4" coveredmethods="2" complexity="6" coveredconditionals="0" statements="4" loc="59" coveredelements="6" elements="6"/>
            <class name="ShutdownHookUtils">
               <metrics methods="2" conditionals="0" coveredstatements="4" coveredmethods="2" complexity="6" coveredconditionals="0" statements="4" coveredelements="6" elements="6"/>
            </class>
            <line num="30" count="10" visibility="public" complexity="3" type="method" signature="addShutDownHook(Thread) : void"/>
            <line num="32" count="10" type="stmt"/>
            <line num="34" count="10" type="stmt"/>
            <line num="45" count="10" visibility="public" complexity="3" type="method" signature="removeShutdownHook(Thread) : void"/>
            <line num="47" count="10" type="stmt"/>
            <line num="49" count="10" type="stmt"/>
         </file>
         <file name="StreamConsumer.java" path="/home/stg/omc_experiments/subjects/plexus-utils/src/main/java/org/codehaus/plexus/util/cli/StreamConsumer.java">
            <metrics classes="1" methods="0" conditionals="0" ncloc="7" coveredstatements="0" coveredmethods="0" complexity="0" coveredconditionals="0" statements="0" loc="77" coveredelements="0" elements="0"/>
            <class name="StreamConsumer">
               <metrics methods="0" conditionals="0" coveredstatements="0" coveredmethods="0" complexity="0" coveredconditionals="0" statements="0" coveredelements="0" elements="0"/>
            </class>
         </file>
         <file name="StreamFeeder.java" path="/home/stg/omc_experiments/subjects/plexus-utils/src/main/java/org/codehaus/plexus/util/cli/StreamFeeder.java">
[...]
            <line num="257" count="0" type="stmt"/>
            <line num="259" count="0" type="stmt"/>
            <line num="260" count="0" type="stmt"/>
            <line num="261" count="0" type="stmt"/>
            <line num="261" falsecount="0" type="cond" truecount="0"/>
            <line num="263" count="0" type="stmt"/>
            <line num="266" count="0" type="stmt"/>
            <line num="267" count="0" type="stmt"/>
            <line num="267" falsecount="0" type="cond" truecount="0"/>
            <line num="269" count="0" type="stmt"/>
            <line num="272" count="0" type="stmt"/>
            <line num="272" falsecount="0" type="cond" truecount="0"/>
            <line num="276" count="0" type="stmt"/>
            <line num="287" count="0" visibility="public" complexity="3" type="method" signature="parseFloat(CharSequence) : float"/>
            <line num="289" count="0" type="stmt"/>
            <line num="290" count="0" type="stmt"/>
            <line num="290" falsecount="0" type="cond" truecount="0"/>
            <line num="292" count="0" type="stmt"/>
            <line num="296" count="0" type="stmt"/>
            <line num="307" count="0" visibility="public" complexity="28" type="method" signature="parseDouble(CharSequence) : double"/>
            <line num="310" count="0" type="stmt"/>
            <line num="312" count="0" type="stmt"/>
            <line num="313" count="0" type="stmt"/>
            <line num="314" count="0" type="stmt"/>
            <line num="316" count="0" type="stmt"/>
            <line num="316" falsecount="0" type="cond" truecount="0"/>
            <line num="317" count="0" type="stmt"/>
            <line num="317" falsecount="0" type="cond" truecount="0"/>
            <line num="320" count="0" type="stmt"/>
            <line num="320" falsecount="0" type="cond" truecount="0"/>
            <line num="322" count="0" type="stmt"/>
            <line num="322" falsecount="0" type="cond" truecount="0"/>
            <line num="324" count="0" type="stmt"/>
            <line num="326" count="0" type="stmt"/>
            <line num="326" falsecount="0" type="cond" truecount="0"/>
            <line num="328" count="0" type="stmt"/>
            <line num="328" falsecount="0" type="cond" truecount="0"/>
            <line num="333" count="0" type="stmt"/>
            <line num="334" count="0" type="stmt"/>
            <line num="336" count="0" type="stmt"/>
            <line num="337" count="0" type="stmt"/>
            <line num="337" falsecount="0" type="cond" truecount="0"/>
            <line num="339" count="0" type="stmt"/>
            <line num="341" count="0" type="stmt"/>
            <line num="341" falsecount="0" type="cond" truecount="0"/>
            <line num="343" count="0" type="stmt"/>
            <line num="345" count="0" type="stmt"/>
            <line num="345" falsecount="0" type="cond" truecount="0"/>
            <line num="347" count="0" type="stmt"/>
            <line num="348" count="0" type="stmt"/>
            <line num="348" falsecount="0" type="cond" truecount="0"/>
            <line num="350" count="0" type="stmt"/>
            <line num="355" count="0" type="stmt"/>
            <line num="357" count="0" type="stmt"/>
            <line num="357" falsecount="0" type="cond" truecount="0"/>
            <line num="359" count="0" type="stmt"/>
            <line num="362" count="0" type="stmt"/>
            <line num="362" falsecount="0" type="cond" truecount="0"/>
            <line num="365" count="0" type="stmt"/>
            <line num="365" falsecount="0" type="cond" truecount="0"/>
            <line num="367" count="0" type="stmt"/>
            <line num="368" count="0" type="stmt"/>
            <line num="368" falsecount="0" type="cond" truecount="0"/>
            <line num="369" count="0" type="stmt"/>
            <line num="369" falsecount="0" type="cond" truecount="0"/>
            <line num="370" count="0" type="stmt"/>
            <line num="371" count="0" type="stmt"/>
            <line num="373" count="0" type="stmt"/>
            <line num="374" count="0" type="stmt"/>
            <line num="374" falsecount="0" type="cond" truecount="0"/>
            <line num="376" count="0" type="stmt"/>
            <line num="377" count="0" type="stmt"/>
            <line num="377" falsecount="0" type="cond" truecount="0"/>
            <line num="379" count="0" type="stmt"/>
            <line num="384" count="0" type="stmt"/>
            <line num="386" count="0" type="stmt"/>
            <line num="386" falsecount="0" type="cond" truecount="0"/>
            <line num="388" count="0" type="stmt"/>
            <line num="391" count="0" type="stmt"/>
            <line num="391" falsecount="0" type="cond" truecount="0"/>
            <line num="395" count="0" type="stmt"/>
            <line num="400" count="0" type="stmt"/>
            <line num="413" count="0" visibility="public" complexity="2" type="method" signature="format(boolean,StringBuffer) : StringBuffer"/>
            <line num="415" count="0" type="stmt"/>
            <line num="415" falsecount="0" type="cond" truecount="0"/>
            <line num="432" count="0" visibility="public" complexity="1" type="method" signature="format(short,StringBuffer) : StringBuffer"/>
            <line num="434" count="0" type="stmt"/>
            <line num="447" count="0" visibility="public" complexity="1" type="method" signature="format(short,int,StringBuffer) : StringBuffer"/>
            <line num="449" count="0" type="stmt"/>
            <line num="466" count="0" visibility="public" complexity="7" type="method" signature="format(int,StringBuffer) : StringBuffer"/>
            <line num="468" count="0" type="stmt"/>
            <line num="468" falsecount="0" type="cond" truecount="0"/>
            <line num="470" count="0" type="stmt"/>
            <line num="470" falsecount="0" type="cond" truecount="0"/>
            <line num="472" count="0" type="stmt"/>
            <line num="474" count="0" type="stmt"/>
            <line num="474" falsecount="0" type="cond" truecount="0"/>
            <line num="476" count="0" type="stmt"/>
            <line num="478" count="0" type="stmt"/>
            <line num="479" count="0" type="stmt"/>
            <line num="481" count="0" type="stmt"/>
            <line num="482" count="0" type="stmt"/>
            <line num="482" falsecount="0" type="cond" truecount="0"/>
            <line num="486" count="0" type="stmt"/>
            <line num="486" falsecount="0" type="cond" truecount="0"/>
            <line num="488" count="0" type="stmt"/>
            <line num="489" count="0" type="stmt"/>
            <line num="490" count="0" type="stmt"/>
            <line num="491" count="0" type="stmt"/>
            <line num="493" count="0" type="stmt"/>
            <line num="497" count="0" visibility="package" complexity="2" type="method" signature="&lt;clinit&gt;, line 497()"/>
            <line num="499" count="0" type="stmt"/>
            <line num="500" count="0" type="stmt"/>
            <line num="500" falsecount="0" type="cond" truecount="0"/>
            <line num="502" count="0" type="stmt"/>
            <line num="503" count="0" type="stmt"/>
            <line num="517" count="0" visibility="public" complexity="5" type="method" signature="format(int,int,StringBuffer) : StringBuffer"/>
            <line num="519" count="0" type="stmt"/>
            <line num="519" falsecount="0" type="cond" truecount="0"/>
            <line num="521" count="0" type="stmt"/>
            <line num="523" count="0" type="stmt"/>
            <line num="523" falsecount="0" type="cond" truecount="0"/>
            <line num="525" count="0" type="stmt"/>
            <line num="527" count="0" type="stmt"/>
            <line num="527" falsecount="0" type="cond" truecount="0"/>
            <line num="529" count="0" type="stmt"/>
            <line num="533" count="0" type="stmt"/>
            <line num="535" count="0" type="stmt"/>
            <line num="536" count="0" type="stmt"/>
            <line num="539" count="0" visibility="private" complexity="2" type="method" signature="format2(int,int,StringBuffer) : void"/>
            <line num="541" count="0" type="stmt"/>
            <line num="541" falsecount="0" type="cond" truecount="0"/>
            <line num="543" count="0" type="stmt"/>
            <line num="544" count="0" type="stmt"/>
            <line num="548" count="0" type="stmt"/>
            <line num="566" count="0" visibility="public" complexity="7" type="method" signature="format(long,StringBuffer) : StringBuffer"/>
            <line num="568" count="0" type="stmt"/>
            <line num="568" falsecount="0" type="cond" truecount="0"/>
            <line num="570" count="0" type="stmt"/>
            <line num="570" falsecount="0" type="cond" truecount="0"/>
            <line num="572" count="0" type="stmt"/>
            <line num="574" count="0" type="stmt"/>
            <line num="574" falsecount="0" type="cond" truecount="0"/>
            <line num="576" count="0" type="stmt"/>
            <line num="578" count="0" type="stmt"/>
            <line num="579" count="0" type="stmt"/>
            <line num="581" count="0" type="stmt"/>
            <line num="582" count="0" type="stmt"/>
            <line num="582" falsecount="0" type="cond" truecount="0"/>
            <line num="586" count="0" type="stmt"/>
            <line num="586" falsecount="0" type="cond" truecount="0"/>
            <line num="588" count="0" type="stmt"/>
            <line num="589" count="0" type="stmt"/>
            <line num="590" count="0" type="stmt"/>
            <line num="591" count="0" type="stmt"/>
            <line num="593" count="0" type="stmt"/>
            <line num="597" count="0" visibility="package" complexity="2" type="method" signature="&lt;clinit&gt;, line 597()"/>
            <line num="599" count="0" type="stmt"/>
            <line num="600" count="0" type="stmt"/>
            <line num="600" falsecount="0" type="cond" truecount="0"/>
            <line num="602" count="0" type="stmt"/>
            <line num="603" count="0" type="stmt"/>
            <line num="617" count="0" visibility="public" complexity="5" type="method" signature="format(long,int,StringBuffer) : StringBuffer"/>
            <line num="619" count="0" type="stmt"/>
            <line num="619" falsecount="0" type="cond" truecount="0"/>
            <line num="621" count="0" type="stmt"/>
            <line num="623" count="0" type="stmt"/>
            <line num="623" falsecount="0" type="cond" truecount="0"/>
            <line num="625" count="0" type="stmt"/>
            <line num="627" count="0" type="stmt"/>
            <line num="627" falsecount="0" type="cond" truecount="0"/>
            <line num="629" count="0" type="stmt"/>
            <line num="633" count="0" type="stmt"/>
            <line num="635" count="0" type="stmt"/>
            <line num="636" count="0" type="stmt"/>
            <line num="639" count="0" visibility="private" complexity="2" type="method" signature="format2(long,int,StringBuffer) : void"/>
            <line num="641" count="0" type="stmt"/>
            <line num="641" falsecount="0" type="cond" truecount="0"/>
            <line num="643" count="0" type="stmt"/>
            <line num="644" count="0" type="stmt"/>
            <line num="648" count="0" type="stmt"/>
            <line num="661" count="0" visibility="public" complexity="1" type="method" signature="format(float,StringBuffer) : StringBuffer"/>
            <line num="663" count="0" type="stmt"/>
            <line num="685" count="0" visibility="public" complexity="4" type="method" signature="format(float,float,StringBuffer) : StringBuffer"/>
            <line num="688" count="0" type="stmt"/>
            <line num="689" count="0" type="stmt"/>
            <line num="689" falsecount="0" type="cond" truecount="0"/>
            <line num="691" count="0" type="stmt"/>
            <line num="693" count="0" type="stmt"/>
            <line num="693" falsecount="0" type="cond" truecount="0"/>
            <line num="695" count="0" type="stmt"/>
            <line num="695" falsecount="0" type="cond" truecount="0"/>
            <line num="697" count="0" type="stmt"/>
            <line num="698" count="0" type="stmt"/>
            <line num="702" count="0" type="stmt"/>
            <line num="707" count="0" type="stmt"/>
            <line num="709" count="0" type="stmt"/>
            <line num="728" count="0" visibility="public" complexity="1" type="method" signature="format(double,StringBuffer) : StringBuffer"/>
            <line num="730" count="0" type="stmt"/>
            <line num="743" count="0" visibility="public" complexity="3" type="method" signature="format(double,int,StringBuffer) : StringBuffer"/>
            <line num="745" count="0" type="stmt"/>
            <line num="745" falsecount="0" type="cond" truecount="0"/>
            <line num="747" count="0" type="stmt"/>
            <line num="748" count="0" type="stmt"/>
            <line num="752" count="0" type="stmt"/>
            <line num="775" count="0" visibility="public" complexity="5" type="method" signature="format(double,double,StringBuffer) : StringBuffer"/>
            <line num="778" count="0" type="stmt"/>
            <line num="779" count="0" type="stmt"/>
            <line num="779" falsecount="0" type="cond" truecount="0"/>
            <line num="781" count="0" type="stmt"/>
            <line num="783" count="0" type="stmt"/>
            <line num="783" falsecount="0" type="cond" truecount="0"/>
            <line num="785" count="0" type="stmt"/>
            <line num="785" falsecount="0" type="cond" truecount="0"/>
            <line num="787" count="0" type="stmt"/>
            <line num="791" count="0" type="stmt"/>
            <line num="794" count="0" type="stmt"/>
            <line num="794" falsecount="0" type="cond" truecount="0"/>
            <line num="796" count="0" type="stmt"/>
            <line num="798" count="0" type="stmt"/>
            <line num="811" count="0" visibility="private" complexity="14" type="method" signature="format(double,double,boolean,StringBuffer) : StringBuffer"/>
            <line num="814" count="0" type="stmt"/>
            <line num="814" falsecount="0" type="cond" truecount="0"/>
            <line num="816" count="0" type="stmt"/>
            <line num="818" count="0" type="stmt"/>
            <line num="818" falsecount="0" type="cond" truecount="0"/>
            <line num="820" count="0" type="stmt"/>
            <line num="820" falsecount="0" type="cond" truecount="0"/>
            <line num="822" count="0" type="stmt"/>
            <line num="822" falsecount="0" type="cond" truecount="0"/>
            <line num="824" count="0" type="stmt"/>
            <line num="825" count="0" type="stmt"/>
            <line num="829" count="0" type="stmt"/>
            <line num="830" count="0" type="stmt"/>
            <line num="831" count="0" type="stmt"/>
            <line num="831" falsecount="0" type="cond" truecount="0"/>
            <line num="833" count="0" type="stmt"/>
            <line num="835" count="0" type="stmt"/>
            <line num="836" count="0" type="stmt"/>
            <line num="837" count="0" type="stmt"/>
            <line num="838" count="0" type="stmt"/>
            <line num="839" count="0" type="stmt"/>
            <line num="842" count="0" type="stmt"/>
            <line num="842" falsecount="0" type="cond" truecount="0"/>
            <line num="845" count="0" type="stmt"/>
            <line num="846" count="0" type="stmt"/>
            <line num="848" count="0" type="stmt"/>
            <line num="848" falsecount="0" type="cond" truecount="0"/>
            <line num="851" count="0" type="stmt"/>
            <line num="856" count="0" type="stmt"/>
            <line num="860" count="0" type="stmt"/>
            <line num="860" falsecount="0" type="cond" truecount="0"/>
            <line num="862" count="0" type="stmt"/>
            <line num="863" count="0" type="stmt"/>
            <line num="865" count="0" type="stmt"/>
            <line num="867" falsecount="0" type="cond" truecount="0"/>
            <line num="868" count="0" type="stmt"/>
            <line num="872" count="0" type="stmt"/>
            <line num="872" falsecount="0" type="cond" truecount="0"/>
            <line num="874" count="0" type="stmt"/>
            <line num="874" falsecount="0" type="cond" truecount="0"/>
            <line num="876" count="0" type="stmt"/>
            <line num="880" count="0" type="stmt"/>
            <line num="885" count="0" type="stmt"/>
            <line num="885" falsecount="0" type="cond" truecount="0"/>
            <line num="887" count="0" type="stmt"/>
            <line num="888" count="0" type="stmt"/>
            <line num="891" count="0" type="stmt"/>
            <line num="909" count="0" visibility="private" complexity="4" type="method" signature="multE(double,int) : double"/>
            <line num="911" count="0" type="stmt"/>
            <line num="911" falsecount="0" type="cond" truecount="0"/>
            <line num="913" count="0" type="stmt"/>
            <line num="913" falsecount="0" type="cond" truecount="0"/>
            <line num="916" count="0" type="stmt"/>
            <line num="920" count="0" type="stmt"/>
            <line num="921" count="0" type="stmt"/>
            <line num="922" count="0" type="stmt"/>
            <line num="927" count="0" type="stmt"/>
            <line num="927" falsecount="0" type="cond" truecount="0"/>
            <line num="929" count="0" type="stmt"/>
            <line num="934" count="0" type="stmt"/>
            <line num="935" count="0" type="stmt"/>
            <line num="936" count="0" type="stmt"/>
         </file>
         <file name="WriterFactory.java" path="/home/stg/omc_experiments/subjects/plexus-utils/src/main/java/org/codehaus/plexus/util/WriterFactory.java">
            <metrics classes="1" methods="6" conditionals="0" ncloc="51" coveredstatements="2" coveredmethods="2" complexity="6" coveredconditionals="0" statements="6" loc="182" coveredelements="4" elements="12"/>
            <class name="WriterFactory">
               <metrics methods="6" conditionals="0" coveredstatements="2" coveredmethods="2" complexity="6" coveredconditionals="0" statements="6" coveredelements="4" elements="12"/>
            </class>
            <line num="105" count="23" visibility="public" complexity="1" type="method" signature="newXmlWriter(OutputStream) : XmlStreamWriter"/>
            <line num="108" count="23" type="stmt"/>
            <line num="119" count="2" visibility="public" complexity="1" type="method" signature="newXmlWriter(File) : XmlStreamWriter"/>
            <line num="122" count="2" type="stmt"/>
            <line num="133" count="0" visibility="public" complexity="1" type="method" signature="newPlatformWriter(OutputStream) : Writer"/>
            <line num="135" count="0" type="stmt"/>
            <line num="146" count="0" visibility="public" complexity="1" type="method" signature="newPlatformWriter(File) : Writer"/>
            <line num="149" count="0" type="stmt"/>
            <line num="161" count="0" visibility="public" complexity="1" type="method" signature="newWriter(OutputStream,String) : Writer"/>
            <line num="164" count="0" type="stmt"/>
            <line num="177" count="0" visibility="public" complexity="1" type="method" signature="newWriter(File,String) : Writer"/>
            <line num="180" count="0" type="stmt"/>
         </file>
      </package>
   </project>
   <testproject timestamp="1661892144639" name="Plexus Common Utilities 3.1.0">
      <metrics conditionals="0" methods="0" classes="0" files="0" packages="0" coveredstatements="0" complexity="0" loc="0" ncloc="0" coveredmethods="0" coveredconditionals="0" statements="0" coveredelements="0" elements="0"/>
   </testproject>
</coverage>