<?xml version="1.0" encoding="UTF-8"?>
<coverage generated="1661453120546" clover="4.0.6">
   <project timestamp="1661453112027" name="Apache Commons Codec 1.12">
      <metrics conditionals="1440" methods="758" classes="81" files="65" packages="7" coveredstatements="2703" complexity="1809" loc="19309" ncloc="8352" coveredmethods="424" coveredconditionals="1120" statements="3624" coveredelements="4247" elements="5822"/>
      <package name="org.apache.commons.codec.cli">
         <metrics classes="1" methods="10" conditionals="24" files="1" ncloc="94" coveredstatements="0" coveredmethods="0" complexity="23" coveredconditionals="0" statements="41" loc="150" coveredelements="0" elements="75"/>
         <file name="Digest.java" path="/home/stg/omc_experiments/subjects/commons-codec-1.12/src/main/java/org/apache/commons/codec/cli/Digest.java">
            <metrics classes="1" methods="10" conditionals="24" ncloc="94" coveredstatements="0" coveredmethods="0" complexity="23" coveredconditionals="0" statements="41" loc="150" coveredelements="0" elements="75"/>
            <class name="Digest">
               <metrics methods="10" conditionals="24" coveredstatements="0" coveredmethods="0" complexity="23" coveredconditionals="0" statements="41" coveredelements="0" elements="75"/>
            </class>
            <line num="52" count="0" visibility="public" complexity="1" type="method" signature="main(String[]) : void"/>
            <line num="53" count="0" type="stmt"/>
            <line num="60" count="0" visibility="private" complexity="4" type="method" signature="Digest(String[])"/>
            <line num="61" count="0" type="stmt"/>
            <line num="61" falsecount="0" type="cond" truecount="0"/>
            <line num="62" count="0" type="stmt"/>
            <line num="64" count="0" type="stmt"/>
            <line num="64" falsecount="0" type="cond" truecount="0"/>
            <line num="65" count="0" type="stmt"/>
            <line num="68" count="0" type="stmt"/>
            <line num="69" count="0" type="stmt"/>
            <line num="70" count="0" type="stmt"/>
            <line num="70" falsecount="0" type="cond" truecount="0"/>
            <line num="71" count="0" type="stmt"/>
            <line num="73" count="0" type="stmt"/>
            <line num="74" count="0" type="stmt"/>
            <line num="78" count="0" visibility="private" complexity="1" type="method" signature="println(String,byte[]) : void"/>
            <line num="79" count="0" type="stmt"/>
            <line num="82" count="0" visibility="private" complexity="2" type="method" signature="println(String,byte[],String) : void"/>
            <line num="88" count="0" type="stmt"/>
            <line num="88" falsecount="0" type="cond" truecount="0"/>
            <line num="91" count="0" visibility="private" complexity="4" type="method" signature="run() : void"/>
            <line num="92" count="0" type="stmt"/>
            <line num="92" falsecount="0" type="cond" truecount="0"/>
            <line num="93" count="0" type="stmt"/>
            <line num="94" count="0" type="stmt"/>
            <line num="96" count="0" type="stmt"/>
            <line num="97" count="0" type="stmt"/>
            <line num="97" falsecount="0" type="cond" truecount="0"/>
            <line num="98" count="0" type="stmt"/>
            <line num="100" count="0" type="stmt"/>
            <line num="104" count="0" visibility="private" complexity="2" type="method" signature="run(String[]) : void"/>
            <line num="105" count="0" type="stmt"/>
            <line num="106" count="0" type="stmt"/>
            <line num="106" falsecount="0" type="cond" truecount="0"/>
            <line num="107" count="0" type="stmt"/>
            <line num="112" count="0" visibility="private" complexity="5" type="method" signature="run(String,MessageDigest) : void"/>
            <line num="113" count="0" type="stmt"/>
            <line num="113" falsecount="0" type="cond" truecount="0"/>
            <line num="114" count="0" type="stmt"/>
            <line num="115" count="0" type="stmt"/>
            <line num="117" count="0" type="stmt"/>
            <line num="118" count="0" type="stmt"/>
            <line num="119" count="0" type="stmt"/>
            <line num="119" falsecount="0" type="cond" truecount="0"/>
            <line num="120" count="0" type="stmt"/>
            <line num="121" count="0" type="stmt"/>
            <line num="121" falsecount="0" type="cond" truecount="0"/>
            <line num="122" count="0" type="stmt"/>
            <line num="123" count="0" type="stmt"/>
            <line num="123" falsecount="0" type="cond" truecount="0"/>
            <line num="124" count="0" type="stmt"/>
            <line num="128" count="0" type="stmt"/>
            <line num="129" count="0" type="stmt"/>
            <line num="134" count="0" visibility="private" complexity="2" type="method" signature="run(String,MessageDigest,File[]) : void"/>
            <line num="135" count="0" type="stmt"/>
            <line num="136" count="0" type="stmt"/>
            <line num="136" falsecount="0" type="cond" truecount="0"/>
            <line num="137" count="0" type="stmt"/>
            <line num="142" count="0" visibility="private" complexity="1" type="method" signature="run(String,String) : void"/>
            <line num="143" count="0" type="stmt"/>
            <line num="146" count="0" visibility="public" complexity="1" type="method" signature="toString() : String"/>
            <line num="148" count="0" type="stmt"/>
         </file>
      </package>
      <package name="org.apache.commons.codec">
         <metrics classes="11" methods="13" conditionals="4" files="11" ncloc="107" coveredstatements="18" coveredmethods="12" complexity="16" coveredconditionals="3" statements="19" loc="790" coveredelements="33" elements="36"/>
         <file name="BinaryDecoder.java" path="/home/stg/omc_experiments/subjects/commons-codec-1.12/src/main/java/org/apache/commons/codec/BinaryDecoder.java">
            <metrics classes="1" methods="0" conditionals="0" ncloc="4" coveredstatements="0" coveredmethods="0" complexity="0" coveredconditionals="0" statements="0" loc="38" coveredelements="0" elements="0"/>
            <class name="BinaryDecoder">
               <metrics methods="0" conditionals="0" coveredstatements="0" coveredmethods="0" complexity="0" coveredconditionals="0" statements="0" coveredelements="0" elements="0"/>
            </class>
         </file>
         <file name="BinaryEncoder.java" path="/home/stg/omc_experiments/subjects/commons-codec-1.12/src/main/java/org/apache/commons/codec/BinaryEncoder.java">
            <metrics classes="1" methods="0" conditionals="0" ncloc="4" coveredstatements="0" coveredmethods="0" complexity="0" coveredconditionals="0" statements="0" loc="38" coveredelements="0" elements="0"/>
            <class name="BinaryEncoder">
               <metrics methods="0" conditionals="0" coveredstatements="0" coveredmethods="0" complexity="0" coveredconditionals="0" statements="0" coveredelements="0" elements="0"/>
            </class>
         </file>
         <file name="CharEncoding.java" path="/home/stg/omc_experiments/subjects/commons-codec-1.12/src/main/java/org/apache/commons/codec/CharEncoding.java">
            <metrics classes="1" methods="0" conditionals="0" ncloc="9" coveredstatements="0" coveredmethods="0" complexity="0" coveredconditionals="0" statements="0" loc="113" coveredelements="0" elements="0"/>
            <class name="CharEncoding">
               <metrics methods="0" conditionals="0" coveredstatements="0" coveredmethods="0" complexity="0" coveredconditionals="0" statements="0" coveredelements="0" elements="0"/>
            </class>
         </file>
         <file name="Charsets.java" path="/home/stg/omc_experiments/subjects/commons-codec-1.12/src/main/java/org/apache/commons/codec/Charsets.java">
            <metrics classes="1" methods="2" conditionals="4" ncloc="16" coveredstatements="2" coveredmethods="2" complexity="4" coveredconditionals="3" statements="2" loc="168" coveredelements="7" elements="8"/>
            <class name="Charsets">
               <metrics methods="2" conditionals="4" coveredstatements="2" coveredmethods="2" complexity="4" coveredconditionals="3" statements="2" coveredelements="7" elements="8"/>
            </class>
            <line num="73" count="3" visibility="public" complexity="2" type="method" signature="toCharset(Charset) : Charset"/>
            <line num="74" count="3" type="stmt"/>
            <line num="74" falsecount="2" type="cond" truecount="1"/>
            <line num="86" count="1" visibility="public" complexity="2" type="method" signature="toCharset(String) : Charset"/>
            <line num="87" count="1" type="stmt"/>
            <line num="87" falsecount="0" type="cond" truecount="1"/>
         </file>
         <file name="Decoder.java" path="/home/stg/omc_experiments/subjects/commons-codec-1.12/src/main/java/org/apache/commons/codec/Decoder.java">
            <metrics classes="1" methods="0" conditionals="0" ncloc="4" coveredstatements="0" coveredmethods="0" complexity="0" coveredconditionals="0" statements="0" loc="47" coveredelements="0" elements="0"/>
            <class name="Decoder">
               <metrics methods="0" conditionals="0" coveredstatements="0" coveredmethods="0" complexity="0" coveredconditionals="0" statements="0" coveredelements="0" elements="0"/>
            </class>
         </file>
         <file name="DecoderException.java" path="/home/stg/omc_experiments/subjects/commons-codec-1.12/src/main/java/org/apache/commons/codec/DecoderException.java">
            <metrics classes="1" methods="4" conditionals="0" ncloc="16" coveredstatements="4" coveredmethods="4" complexity="4" coveredconditionals="0" statements="4" loc="86" coveredelements="8" elements="8"/>
            <class name="DecoderException">
               <metrics methods="4" conditionals="0" coveredstatements="4" coveredmethods="4" complexity="4" coveredconditionals="0" statements="4" coveredelements="8" elements="8"/>
            </class>
            <line num="41" count="1" visibility="public" complexity="1" type="method" signature="DecoderException()"/>
            <line num="42" count="1" type="stmt"/>
            <line num="52" count="31" visibility="public" complexity="1" type="method" signature="DecoderException(String)"/>
            <line num="53" count="31" type="stmt"/>
            <line num="69" count="8" visibility="public" complexity="1" type="method" signature="DecoderException(String,Throwable)"/>
            <line num="70" count="8" type="stmt"/>
            <line num="83" count="1" visibility="public" complexity="1" type="method" signature="DecoderException(Throwable)"/>
            <line num="84" count="1" type="stmt"/>
         </file>
         <file name="Encoder.java" path="/home/stg/omc_experiments/subjects/commons-codec-1.12/src/main/java/org/apache/commons/codec/Encoder.java">
            <metrics classes="1" methods="0" conditionals="0" ncloc="4" coveredstatements="0" coveredmethods="0" complexity="0" coveredconditionals="0" statements="0" loc="44" coveredelements="0" elements="0"/>
            <class name="Encoder">
               <metrics methods="0" conditionals="0" coveredstatements="0" coveredmethods="0" complexity="0" coveredconditionals="0" statements="0" coveredelements="0" elements="0"/>
            </class>
         </file>
         <file name="EncoderException.java" path="/home/stg/omc_experiments/subjects/commons-codec-1.12/src/main/java/org/apache/commons/codec/EncoderException.java">
            <metrics classes="1" methods="4" conditionals="0" ncloc="16" coveredstatements="4" coveredmethods="4" complexity="4" coveredconditionals="0" statements="4" loc="89" coveredelements="8" elements="8"/>
            <class name="EncoderException">
               <metrics methods="4" conditionals="0" coveredstatements="4" coveredmethods="4" complexity="4" coveredconditionals="0" statements="4" coveredelements="8" elements="8"/>
            </class>
            <line num="42" count="1" visibility="public" complexity="1" type="method" signature="EncoderException()"/>
            <line num="43" count="1" type="stmt"/>
            <line num="53" count="19" visibility="public" complexity="1" type="method" signature="EncoderException(String)"/>
            <line num="54" count="19" type="stmt"/>
            <line num="72" count="3" visibility="public" complexity="1" type="method" signature="EncoderException(String,Throwable)"/>
            <line num="73" count="3" type="stmt"/>
            <line num="86" count="1" visibility="public" complexity="1" type="method" signature="EncoderException(Throwable)"/>
            <line num="87" count="1" type="stmt"/>
         </file>
         <file name="StringDecoder.java" path="/home/stg/omc_experiments/subjects/commons-codec-1.12/src/main/java/org/apache/commons/codec/StringDecoder.java">
            <metrics classes="1" methods="0" conditionals="0" ncloc="4" coveredstatements="0" coveredmethods="0" complexity="0" coveredconditionals="0" statements="0" loc="38" coveredelements="0" elements="0"/>
            <class name="StringDecoder">
               <metrics methods="0" conditionals="0" coveredstatements="0" coveredmethods="0" complexity="0" coveredconditionals="0" statements="0" coveredelements="0" elements="0"/>
            </class>
         </file>
         <file name="StringEncoder.java" path="/home/stg/omc_experiments/subjects/commons-codec-1.12/src/main/java/org/apache/commons/codec/StringEncoder.java">
            <metrics classes="1" methods="0" conditionals="0" ncloc="4" coveredstatements="0" coveredmethods="0" complexity="0" coveredconditionals="0" statements="0" loc="38" coveredelements="0" elements="0"/>
            <class name="StringEncoder">
               <metrics methods="0" conditionals="0" coveredstatements="0" coveredmethods="0" complexity="0" coveredconditionals="0" statements="0" coveredelements="0" elements="0"/>
            </class>
         </file>
         <file name="StringEncoderComparator.java" path="/home/stg/omc_experiments/subjects/commons-codec-1.12/src/main/java/org/apache/commons/codec/StringEncoderComparator.java">
            <metrics classes="1" methods="3" conditionals="0" ncloc="26" coveredstatements="8" coveredmethods="2" complexity="4" coveredconditionals="0" statements="9" loc="91" coveredelements="10" elements="12"/>
            <class name="StringEncoderComparator">
               <metrics methods="3" conditionals="0" coveredstatements="8" coveredmethods="2" complexity="4" coveredconditionals="0" statements="9" coveredelements="10" elements="12"/>
            </class>
            <line num="46" count="0" visibility="public" complexity="1" type="method" signature="StringEncoderComparator()"/>
            <line num="48" count="0" type="stmt"/>
            <line num="57" count="3" visibility="public" complexity="1" type="method" signature="StringEncoderComparator(StringEncoder)"/>
            <line num="58" count="3" type="stmt"/>
            <line num="74" count="8" visibility="public" complexity="2" type="method" signature="compare(Object,Object) : int"/>
            <line num="77" count="8" type="stmt"/>
            <line num="79" count="8" type="stmt"/>
            <line num="80" count="8" type="stmt"/>
            <line num="83" count="7" type="stmt"/>
            <line num="84" count="7" type="stmt"/>
            <line num="86" count="1" type="stmt"/>
            <line num="88" count="8" type="stmt"/>
         </file>
      </package>
      <package name="org.apache.commons.codec.net">
         <metrics classes="7" methods="91" conditionals="218" files="7" ncloc="920" coveredstatements="430" coveredmethods="86" complexity="216" coveredconditionals="211" statements="448" loc="2098" coveredelements="727" elements="757"/>
         <file name="BCodec.java" path="/home/stg/omc_experiments/subjects/commons-codec-1.12/src/main/java/org/apache/commons/codec/net/BCodec.java">
            <metrics classes="1" methods="14" conditionals="20" ncloc="103" coveredstatements="32" coveredmethods="13" complexity="26" coveredconditionals="18" statements="38" loc="251" coveredelements="63" elements="72"/>
            <class name="BCodec">
               <metrics methods="14" conditionals="20" coveredstatements="32" coveredmethods="13" complexity="26" coveredconditionals="18" statements="38" coveredelements="63" elements="72"/>
            </class>
            <line num="55" count="7" visibility="public" complexity="1" type="method" signature="BCodec()"/>
            <line num="56" count="7" type="stmt"/>
            <line num="68" count="8" visibility="public" complexity="1" type="method" signature="BCodec(Charset)"/>
            <line num="69" count="8" type="stmt"/>
            <line num="82" count="1" visibility="public" complexity="1" type="method" signature="BCodec(String)"/>
            <line num="83" count="1" type="stmt"/>
            <line num="86" count="10" visibility="protected" complexity="1" type="method" signature="getEncoding() : String"/>
            <line num="88" count="10" type="stmt"/>
            <line num="91" count="7" visibility="protected" complexity="2" type="method" signature="doEncoding(byte[]) : byte[]"/>
            <line num="93" count="7" type="stmt"/>
            <line num="93" falsecount="6" type="cond" truecount="1"/>
            <line num="94" count="1" type="stmt"/>
            <line num="96" count="6" type="stmt"/>
            <line num="99" count="5" visibility="protected" complexity="2" type="method" signature="doDecoding(byte[]) : byte[]"/>
            <line num="101" count="5" type="stmt"/>
            <line num="101" falsecount="4" type="cond" truecount="1"/>
            <line num="102" count="1" type="stmt"/>
            <line num="104" count="4" type="stmt"/>
            <line num="119" count="6" visibility="public" complexity="2" type="method" signature="encode(String,Charset) : String"/>
            <line num="120" count="6" type="stmt"/>
            <line num="120" falsecount="6" type="cond" truecount="0"/>
            <line num="121" count="0" type="stmt"/>
            <line num="123" count="6" type="stmt"/>
            <line num="137" count="1" visibility="public" complexity="3" type="method" signature="encode(String,String) : String"/>
            <line num="138" count="1" type="stmt"/>
            <line num="138" falsecount="0" type="cond" truecount="1"/>
            <line num="139" count="1" type="stmt"/>
            <line num="141" count="0" type="stmt"/>
            <line num="142" count="0" type="stmt"/>
            <line num="144" count="0" type="stmt"/>
            <line num="157" count="7" visibility="public" complexity="2" type="method" signature="encode(String) : String"/>
            <line num="159" count="7" type="stmt"/>
            <line num="159" falsecount="6" type="cond" truecount="1"/>
            <line num="160" count="1" type="stmt"/>
            <line num="162" count="6" type="stmt"/>
            <line num="175" count="6" visibility="public" complexity="3" type="method" signature="decode(String) : String"/>
            <line num="177" count="6" type="stmt"/>
            <line num="177" falsecount="4" type="cond" truecount="2"/>
            <line num="178" count="2" type="stmt"/>
            <line num="180" count="4" type="stmt"/>
            <line num="181" count="4" type="stmt"/>
            <line num="183" count="0" type="stmt"/>
            <line num="196" count="3" visibility="public" complexity="3" type="method" signature="encode(Object) : Object"/>
            <line num="198" count="3" type="stmt"/>
            <line num="198" falsecount="2" type="cond" truecount="1"/>
            <line num="199" count="1" type="stmt"/>
            <line num="200" count="2" type="stmt"/>
            <line num="200" falsecount="1" type="cond" truecount="1"/>
            <line num="201" count="1" type="stmt"/>
            <line num="203" count="1" type="stmt"/>
            <line num="220" count="3" visibility="public" complexity="3" type="method" signature="decode(Object) : Object"/>
            <line num="222" count="3" type="stmt"/>
            <line num="222" falsecount="2" type="cond" truecount="1"/>
            <line num="223" count="1" type="stmt"/>
            <line num="224" count="2" type="stmt"/>
            <line num="224" falsecount="1" type="cond" truecount="1"/>
            <line num="225" count="1" type="stmt"/>
            <line num="227" count="1" type="stmt"/>
            <line num="239" count="6" visibility="public" complexity="1" type="method" signature="getCharset() : Charset"/>
            <line num="240" count="6" type="stmt"/>
            <line num="248" count="0" visibility="public" complexity="1" type="method" signature="getDefaultCharset() : String"/>
            <line num="249" count="0" type="stmt"/>
         </file>
         <file name="PercentCodec.java" path="/home/stg/omc_experiments/subjects/commons-codec-1.12/src/main/java/org/apache/commons/codec/net/PercentCodec.java">
            <metrics classes="1" methods="15" conditionals="40" ncloc="152" coveredstatements="77" coveredmethods="15" complexity="41" coveredconditionals="40" statements="77" loc="263" coveredelements="132" elements="132"/>
            <class name="PercentCodec">
               <metrics methods="15" conditionals="40" coveredstatements="77" coveredmethods="15" complexity="41" coveredconditionals="40" statements="77" coveredelements="132" elements="132"/>
            </class>
            <line num="67" count="7" visibility="public" complexity="1" type="method" signature="PercentCodec()"/>
            <line num="68" count="7" type="stmt"/>
            <line num="69" count="7" type="stmt"/>
            <line num="80" count="4" visibility="public" complexity="1" type="method" signature="PercentCodec(byte[],boolean)"/>
            <line num="81" count="4" type="stmt"/>
            <line num="82" count="4" type="stmt"/>
            <line num="90" count="4" visibility="private" complexity="2" type="method" signature="insertAlwaysEncodeChars(byte[]) : void"/>
            <line num="91" count="4" type="stmt"/>
            <line num="91" falsecount="3" type="cond" truecount="1"/>
            <line num="92" count="1" type="stmt"/>
            <line num="93" count="6" type="stmt"/>
            <line num="96" count="4" type="stmt"/>
            <line num="105" count="17" visibility="private" complexity="3" type="method" signature="insertAlwaysEncodeChar(byte) : void"/>
            <line num="106" count="17" type="stmt"/>
            <line num="107" count="17" type="stmt"/>
            <line num="107" falsecount="5" type="cond" truecount="12"/>
            <line num="108" count="12" type="stmt"/>
            <line num="110" count="17" type="stmt"/>
            <line num="110" falsecount="1" type="cond" truecount="16"/>
            <line num="111" count="16" type="stmt"/>
            <line num="119" count="8" visibility="public" complexity="5" type="method" signature="encode(byte[]) : byte[]"/>
            <line num="121" count="8" type="stmt"/>
            <line num="121" falsecount="7" type="cond" truecount="1"/>
            <line num="122" count="1" type="stmt"/>
            <line num="125" count="7" type="stmt"/>
            <line num="126" count="7" type="stmt"/>
            <line num="127" count="7" type="stmt"/>
            <line num="127" falsecount="3" type="cond" truecount="4"/>
            <line num="128" count="4" type="stmt"/>
            <line num="130" count="3" type="stmt"/>
            <line num="133" count="4" visibility="private" complexity="6" type="method" signature="doEncode(byte[],int,boolean) : byte[]"/>
            <line num="134" count="4" type="stmt"/>
            <line num="135" count="4" type="stmt"/>
            <line num="136" count="39" type="stmt"/>
            <line num="136" falsecount="15" type="cond" truecount="24"/>
            <line num="137" count="24" type="stmt"/>
            <line num="138" count="24" type="stmt"/>
            <line num="138" falsecount="4" type="cond" truecount="20"/>
            <line num="139" count="20" type="stmt"/>
            <line num="141" count="24" type="stmt"/>
            <line num="142" count="24" type="stmt"/>
            <line num="143" count="24" type="stmt"/>
            <line num="144" count="24" type="stmt"/>
            <line num="145" count="24" type="stmt"/>
            <line num="147" count="15" type="stmt"/>
            <line num="147" falsecount="12" type="cond" truecount="3"/>
            <line num="148" count="3" type="stmt"/>
            <line num="150" count="12" type="stmt"/>
            <line num="154" count="4" type="stmt"/>
            <line num="157" count="7" visibility="private" complexity="2" type="method" signature="expectedEncodingBytes(byte[]) : int"/>
            <line num="158" count="7" type="stmt"/>
            <line num="159" count="7" type="stmt"/>
            <line num="160" count="57" type="stmt"/>
            <line num="160" falsecount="33" type="cond" truecount="24"/>
            <line num="162" count="7" type="stmt"/>
            <line num="165" count="3" visibility="private" complexity="2" type="method" signature="containsSpace(byte[]) : boolean"/>
            <line num="166" count="3" type="stmt"/>
            <line num="167" count="12" type="stmt"/>
            <line num="167" falsecount="11" type="cond" truecount="1"/>
            <line num="168" count="1" type="stmt"/>
            <line num="171" count="2" type="stmt"/>
            <line num="174" count="89" visibility="private" complexity="1" type="method" signature="canEncode(byte) : boolean"/>
            <line num="175" count="89" type="stmt"/>
            <line num="178" count="49" visibility="private" complexity="1" type="method" signature="inAlwaysEncodeCharsRange(byte) : boolean"/>
            <line num="179" count="49" type="stmt"/>
            <line num="182" count="89" visibility="private" complexity="1" type="method" signature="isAsciiChar(byte) : boolean"/>
            <line num="183" count="89" type="stmt"/>
            <line num="190" count="8" visibility="public" complexity="7" type="method" signature="decode(byte[]) : byte[]"/>
            <line num="192" count="8" type="stmt"/>
            <line num="192" falsecount="7" type="cond" truecount="1"/>
            <line num="193" count="1" type="stmt"/>
            <line num="196" count="7" type="stmt"/>
            <line num="197" count="7" type="stmt"/>
            <line num="197" falsecount="6" type="cond" truecount="57"/>
            <line num="198" count="57" type="stmt"/>
            <line num="199" count="57" type="stmt"/>
            <line num="199" falsecount="33" type="cond" truecount="24"/>
            <line num="200" count="24" type="stmt"/>
            <line num="201" count="24" type="stmt"/>
            <line num="202" count="24" type="stmt"/>
            <line num="203" count="23" type="stmt"/>
            <line num="205" count="1" type="stmt"/>
            <line num="208" count="33" type="stmt"/>
            <line num="208" falsecount="30" type="cond" truecount="3"/>
            <line num="209" count="3" type="stmt"/>
            <line num="211" count="30" type="stmt"/>
            <line num="215" count="6" type="stmt"/>
            <line num="218" count="7" visibility="private" complexity="3" type="method" signature="expectedDecodingBytes(byte[]) : int"/>
            <line num="219" count="7" type="stmt"/>
            <line num="220" count="7" type="stmt"/>
            <line num="220" falsecount="7" type="cond" truecount="57"/>
            <line num="221" count="57" type="stmt"/>
            <line num="222" count="57" type="stmt"/>
            <line num="222" falsecount="33" type="cond" truecount="24"/>
            <line num="223" count="57" type="stmt"/>
            <line num="225" count="7" type="stmt"/>
            <line num="235" count="3" visibility="public" complexity="3" type="method" signature="encode(Object) : Object"/>
            <line num="237" count="3" type="stmt"/>
            <line num="237" falsecount="2" type="cond" truecount="1"/>
            <line num="238" count="1" type="stmt"/>
            <line num="239" count="2" type="stmt"/>
            <line num="239" falsecount="1" type="cond" truecount="1"/>
            <line num="240" count="1" type="stmt"/>
            <line num="242" count="1" type="stmt"/>
            <line num="253" count="3" visibility="public" complexity="3" type="method" signature="decode(Object) : Object"/>
            <line num="255" count="3" type="stmt"/>
            <line num="255" falsecount="2" type="cond" truecount="1"/>
            <line num="256" count="1" type="stmt"/>
            <line num="257" count="2" type="stmt"/>
            <line num="257" falsecount="1" type="cond" truecount="1"/>
            <line num="258" count="1" type="stmt"/>
            <line num="260" count="1" type="stmt"/>
         </file>
         <file name="QCodec.java" path="/home/stg/omc_experiments/subjects/commons-codec-1.12/src/main/java/org/apache/commons/codec/net/QCodec.java">
            <metrics classes="1" methods="17" conditionals="40" ncloc="182" coveredstatements="89" coveredmethods="16" complexity="39" coveredconditionals="38" statements="95" loc="358" coveredelements="143" elements="152"/>
            <class name="QCodec">
               <metrics methods="17" conditionals="40" coveredstatements="89" coveredmethods="16" complexity="39" coveredconditionals="38" statements="95" coveredelements="143" elements="152"/>
            </class>
            <line num="63" count="1" visibility="package" complexity="4" type="method" signature="&lt;clinit&gt;, line 63()"/>
            <line num="65" count="1" type="stmt"/>
            <line num="66" count="1" type="stmt"/>
            <line num="67" count="1" type="stmt"/>
            <line num="68" count="1" type="stmt"/>
            <line num="69" count="1" type="stmt"/>
            <line num="70" count="1" type="stmt"/>
            <line num="71" count="1" type="stmt"/>
            <line num="72" count="1" type="stmt"/>
            <line num="73" count="1" type="stmt"/>
            <line num="74" count="1" type="stmt"/>
            <line num="75" count="1" type="stmt"/>
            <line num="76" count="1" type="stmt"/>
            <line num="77" count="1" type="stmt"/>
            <line num="78" count="1" type="stmt"/>
            <line num="79" count="1" type="stmt"/>
            <line num="80" count="1" type="stmt"/>
            <line num="81" count="1" type="stmt"/>
            <line num="81" falsecount="1" type="cond" truecount="10"/>
            <line num="82" count="10" type="stmt"/>
            <line num="84" count="1" type="stmt"/>
            <line num="85" count="1" type="stmt"/>
            <line num="86" count="1" type="stmt"/>
            <line num="87" count="1" type="stmt"/>
            <line num="88" count="1" type="stmt"/>
            <line num="89" count="1" type="stmt"/>
            <line num="89" falsecount="1" type="cond" truecount="26"/>
            <line num="90" count="26" type="stmt"/>
            <line num="92" count="1" type="stmt"/>
            <line num="93" count="1" type="stmt"/>
            <line num="94" count="1" type="stmt"/>
            <line num="95" count="1" type="stmt"/>
            <line num="96" count="1" type="stmt"/>
            <line num="97" count="1" type="stmt"/>
            <line num="97" falsecount="1" type="cond" truecount="26"/>
            <line num="98" count="26" type="stmt"/>
            <line num="100" count="1" type="stmt"/>
            <line num="101" count="1" type="stmt"/>
            <line num="102" count="1" type="stmt"/>
            <line num="103" count="1" type="stmt"/>
            <line num="115" count="10" visibility="public" complexity="1" type="method" signature="QCodec()"/>
            <line num="116" count="10" type="stmt"/>
            <line num="128" count="11" visibility="public" complexity="1" type="method" signature="QCodec(Charset)"/>
            <line num="129" count="11" type="stmt"/>
            <line num="130" count="11" type="stmt"/>
            <line num="143" count="1" visibility="public" complexity="1" type="method" signature="QCodec(String)"/>
            <line num="144" count="1" type="stmt"/>
            <line num="147" count="16" visibility="protected" complexity="1" type="method" signature="getEncoding() : String"/>
            <line num="149" count="16" type="stmt"/>
            <line num="152" count="10" visibility="protected" complexity="5" type="method" signature="doEncoding(byte[]) : byte[]"/>
            <line num="154" count="10" type="stmt"/>
            <line num="154" falsecount="9" type="cond" truecount="1"/>
            <line num="155" count="1" type="stmt"/>
            <line num="157" count="9" type="stmt"/>
            <line num="158" count="9" type="stmt"/>
            <line num="158" falsecount="8" type="cond" truecount="1"/>
            <line num="159" count="1" type="stmt"/>
            <line num="159" falsecount="1" type="cond" truecount="23"/>
            <line num="160" count="23" type="stmt"/>
            <line num="160" falsecount="20" type="cond" truecount="3"/>
            <line num="161" count="3" type="stmt"/>
            <line num="165" count="9" type="stmt"/>
            <line num="168" count="8" visibility="protected" complexity="6" type="method" signature="doDecoding(byte[]) : byte[]"/>
            <line num="170" count="8" type="stmt"/>
            <line num="170" falsecount="7" type="cond" truecount="1"/>
            <line num="171" count="1" type="stmt"/>
            <line num="173" count="7" type="stmt"/>
            <line num="174" count="7" type="stmt"/>
            <line num="175" count="168" type="stmt"/>
            <line num="175" falsecount="167" type="cond" truecount="1"/>
            <line num="176" count="1" type="stmt"/>
            <line num="177" count="1" type="stmt"/>
            <line num="180" count="7" type="stmt"/>
            <line num="180" falsecount="6" type="cond" truecount="1"/>
            <line num="181" count="1" type="stmt"/>
            <line num="182" count="1" type="stmt"/>
            <line num="182" falsecount="1" type="cond" truecount="23"/>
            <line num="183" count="23" type="stmt"/>
            <line num="184" count="23" type="stmt"/>
            <line num="184" falsecount="3" type="cond" truecount="20"/>
            <line num="185" count="20" type="stmt"/>
            <line num="187" count="3" type="stmt"/>
            <line num="190" count="1" type="stmt"/>
            <line num="192" count="6" type="stmt"/>
            <line num="207" count="9" visibility="public" complexity="2" type="method" signature="encode(String,Charset) : String"/>
            <line num="208" count="9" type="stmt"/>
            <line num="208" falsecount="9" type="cond" truecount="0"/>
            <line num="209" count="0" type="stmt"/>
            <line num="211" count="9" type="stmt"/>
            <line num="225" count="1" visibility="public" complexity="3" type="method" signature="encode(String,String) : String"/>
            <line num="226" count="1" type="stmt"/>
            <line num="226" falsecount="0" type="cond" truecount="1"/>
            <line num="227" count="1" type="stmt"/>
            <line num="229" count="0" type="stmt"/>
            <line num="230" count="0" type="stmt"/>
            <line num="232" count="0" type="stmt"/>
            <line num="245" count="10" visibility="public" complexity="2" type="method" signature="encode(String) : String"/>
            <line num="247" count="10" type="stmt"/>
            <line num="247" falsecount="9" type="cond" truecount="1"/>
            <line num="248" count="1" type="stmt"/>
            <line num="250" count="9" type="stmt"/>
            <line num="263" count="9" visibility="public" complexity="3" type="method" signature="decode(String) : String"/>
            <line num="265" count="9" type="stmt"/>
            <line num="265" falsecount="7" type="cond" truecount="2"/>
            <line num="266" count="2" type="stmt"/>
            <line num="268" count="7" type="stmt"/>
            <line num="269" count="7" type="stmt"/>
            <line num="271" count="0" type="stmt"/>
            <line num="284" count="3" visibility="public" complexity="3" type="method" signature="encode(Object) : Object"/>
            <line num="286" count="3" type="stmt"/>
            <line num="286" falsecount="2" type="cond" truecount="1"/>
            <line num="287" count="1" type="stmt"/>
            <line num="288" count="2" type="stmt"/>
            <line num="288" falsecount="1" type="cond" truecount="1"/>
            <line num="289" count="1" type="stmt"/>
            <line num="291" count="1" type="stmt"/>
            <line num="308" count="3" visibility="public" complexity="3" type="method" signature="decode(Object) : Object"/>
            <line num="310" count="3" type="stmt"/>
            <line num="310" falsecount="2" type="cond" truecount="1"/>
            <line num="311" count="1" type="stmt"/>
            <line num="312" count="2" type="stmt"/>
            <line num="312" falsecount="1" type="cond" truecount="1"/>
            <line num="313" count="1" type="stmt"/>
            <line num="315" count="1" type="stmt"/>
            <line num="327" count="9" visibility="public" complexity="1" type="method" signature="getCharset() : Charset"/>
            <line num="328" count="9" type="stmt"/>
            <line num="336" count="0" visibility="public" complexity="1" type="method" signature="getDefaultCharset() : String"/>
            <line num="337" count="0" type="stmt"/>
            <line num="345" count="2" visibility="public" complexity="1" type="method" signature="isEncodeBlanks() : boolean"/>
            <line num="346" count="2" type="stmt"/>
            <line num="355" count="4" visibility="public" complexity="1" type="method" signature="setEncodeBlanks(boolean) : void"/>
            <line num="356" count="4" type="stmt"/>
         </file>
         <file name="QuotedPrintableCodec.java" path="/home/stg/omc_experiments/subjects/commons-codec-1.12/src/main/java/org/apache/commons/codec/net/QuotedPrintableCodec.java">
            <metrics classes="1" methods="25" conditionals="56" ncloc="230" coveredstatements="108" coveredmethods="23" complexity="55" coveredconditionals="55" statements="111" loc="601" coveredelements="186" elements="192"/>
            <class name="QuotedPrintableCodec">
               <metrics methods="25" conditionals="56" coveredstatements="108" coveredmethods="23" complexity="55" coveredconditionals="55" statements="111" coveredelements="186" elements="192"/>
            </class>
            <line num="98" count="1" visibility="package" complexity="3" type="method" signature="&lt;clinit&gt;, line 98()"/>
            <line num="100" count="1" type="stmt"/>
            <line num="100" falsecount="1" type="cond" truecount="28"/>
            <line num="101" count="28" type="stmt"/>
            <line num="103" count="1" type="stmt"/>
            <line num="103" falsecount="1" type="cond" truecount="65"/>
            <line num="104" count="65" type="stmt"/>
            <line num="106" count="1" type="stmt"/>
            <line num="107" count="1" type="stmt"/>
            <line num="113" count="13" visibility="public" complexity="1" type="method" signature="QuotedPrintableCodec()"/>
            <line num="114" count="13" type="stmt"/>
            <line num="124" count="5" visibility="public" complexity="1" type="method" signature="QuotedPrintableCodec(boolean)"/>
            <line num="125" count="5" type="stmt"/>
            <line num="135" count="0" visibility="public" complexity="1" type="method" signature="QuotedPrintableCodec(Charset)"/>
            <line num="136" count="0" type="stmt"/>
            <line num="148" count="19" visibility="public" complexity="1" type="method" signature="QuotedPrintableCodec(Charset,boolean)"/>
            <line num="149" count="19" type="stmt"/>
            <line num="150" count="19" type="stmt"/>
            <line num="168" count="1" visibility="public" complexity="1" type="method" signature="QuotedPrintableCodec(String)"/>
            <line num="170" count="1" type="stmt"/>
            <line num="182" count="182" visibility="private" complexity="1" type="method" signature="encodeQuotedPrintable(int,ByteArrayOutputStream) : int"/>
            <line num="183" count="182" type="stmt"/>
            <line num="184" count="182" type="stmt"/>
            <line num="185" count="182" type="stmt"/>
            <line num="186" count="182" type="stmt"/>
            <line num="187" count="182" type="stmt"/>
            <line num="188" count="182" type="stmt"/>
            <line num="201" count="783" visibility="private" complexity="2" type="method" signature="getUnsignedOctet(int,byte[]) : int"/>
            <line num="202" count="783" type="stmt"/>
            <line num="203" count="783" type="stmt"/>
            <line num="203" falsecount="783" type="cond" truecount="0"/>
            <line num="204" count="0" type="stmt"/>
            <line num="206" count="783" type="stmt"/>
            <line num="220" count="783" visibility="private" complexity="2" type="method" signature="encodeByte(int,boolean,ByteArrayOutputStream) : int"/>
            <line num="222" count="783" type="stmt"/>
            <line num="222" falsecount="772" type="cond" truecount="11"/>
            <line num="223" count="11" type="stmt"/>
            <line num="225" count="772" type="stmt"/>
            <line num="226" count="772" type="stmt"/>
            <line num="236" count="22" visibility="private" complexity="1" type="method" signature="isWhitespace(int) : boolean"/>
            <line num="237" count="22" type="stmt"/>
            <line num="252" count="10" visibility="public" complexity="1" type="method" signature="encodeQuotedPrintable(BitSet,byte[]) : byte[]"/>
            <line num="253" count="10" type="stmt"/>
            <line num="272" count="34" visibility="public" complexity="10" type="method" signature="encodeQuotedPrintable(BitSet,byte[],boolean) : byte[]"/>
            <line num="273" count="34" type="stmt"/>
            <line num="273" falsecount="33" type="cond" truecount="1"/>
            <line num="274" count="1" type="stmt"/>
            <line num="276" count="33" type="stmt"/>
            <line num="276" falsecount="32" type="cond" truecount="1"/>
            <line num="277" count="1" type="stmt"/>
            <line num="279" count="33" type="stmt"/>
            <line num="281" count="33" type="stmt"/>
            <line num="281" falsecount="23" type="cond" truecount="10"/>
            <line num="282" count="10" type="stmt"/>
            <line num="285" count="10" type="stmt"/>
            <line num="285" falsecount="10" type="cond" truecount="753"/>
            <line num="286" count="753" type="stmt"/>
            <line num="287" count="753" type="stmt"/>
            <line num="287" falsecount="4" type="cond" truecount="749"/>
            <line num="289" count="749" type="stmt"/>
            <line num="292" count="4" type="stmt"/>
            <line num="295" count="4" type="stmt"/>
            <line num="296" count="4" type="stmt"/>
            <line num="297" count="4" type="stmt"/>
            <line num="298" count="4" type="stmt"/>
            <line num="304" count="10" type="stmt"/>
            <line num="305" count="10" type="stmt"/>
            <line num="306" count="10" type="stmt"/>
            <line num="311" count="10" type="stmt"/>
            <line num="311" falsecount="6" type="cond" truecount="4"/>
            <line num="312" count="4" type="stmt"/>
            <line num="313" count="4" type="stmt"/>
            <line num="314" count="4" type="stmt"/>
            <line num="316" count="10" type="stmt"/>
            <line num="316" falsecount="10" type="cond" truecount="20"/>
            <line num="317" count="20" type="stmt"/>
            <line num="319" count="20" type="stmt"/>
            <line num="320" count="20" type="stmt"/>
            <line num="323" count="23" type="stmt"/>
            <line num="324" count="467" type="stmt"/>
            <line num="325" count="467" type="stmt"/>
            <line num="325" falsecount="357" type="cond" truecount="110"/>
            <line num="326" count="110" type="stmt"/>
            <line num="328" count="467" type="stmt"/>
            <line num="328" falsecount="171" type="cond" truecount="296"/>
            <line num="329" count="296" type="stmt"/>
            <line num="331" count="171" type="stmt"/>
            <line num="335" count="33" type="stmt"/>
            <line num="351" count="24" visibility="public" complexity="8" type="method" signature="decodeQuotedPrintable(byte[]) : byte[]"/>
            <line num="352" count="24" type="stmt"/>
            <line num="352" falsecount="23" type="cond" truecount="1"/>
            <line num="353" count="1" type="stmt"/>
            <line num="355" count="23" type="stmt"/>
            <line num="356" count="23" type="stmt"/>
            <line num="356" falsecount="20" type="cond" truecount="649"/>
            <line num="357" count="649" type="stmt"/>
            <line num="358" count="649" type="stmt"/>
            <line num="358" falsecount="564" type="cond" truecount="85"/>
            <line num="359" count="85" type="stmt"/>
            <line num="361" count="85" type="stmt"/>
            <line num="361" falsecount="81" type="cond" truecount="3"/>
            <line num="362" count="3" type="stmt"/>
            <line num="364" count="81" type="stmt"/>
            <line num="365" count="80" type="stmt"/>
            <line num="366" count="79" type="stmt"/>
            <line num="368" count="2" type="stmt"/>
            <line num="370" count="564" type="stmt"/>
            <line num="370" falsecount="6" type="cond" truecount="558"/>
            <line num="372" count="558" type="stmt"/>
            <line num="375" count="20" type="stmt"/>
            <line num="389" count="24" visibility="public" complexity="1" type="method" signature="encode(byte[]) : byte[]"/>
            <line num="391" count="24" type="stmt"/>
            <line num="407" count="16" visibility="public" complexity="1" type="method" signature="decode(byte[]) : byte[]"/>
            <line num="409" count="16" type="stmt"/>
            <line num="427" count="18" visibility="public" complexity="1" type="method" signature="encode(String) : String"/>
            <line num="429" count="18" type="stmt"/>
            <line num="445" count="14" visibility="public" complexity="2" type="method" signature="decode(String,Charset) : String"/>
            <line num="446" count="14" type="stmt"/>
            <line num="446" falsecount="13" type="cond" truecount="1"/>
            <line num="447" count="1" type="stmt"/>
            <line num="449" count="13" type="stmt"/>
            <line num="466" count="3" visibility="public" complexity="2" type="method" signature="decode(String,String) : String"/>
            <line num="467" count="3" type="stmt"/>
            <line num="467" falsecount="2" type="cond" truecount="1"/>
            <line num="468" count="1" type="stmt"/>
            <line num="470" count="2" type="stmt"/>
            <line num="484" count="14" visibility="public" complexity="1" type="method" signature="decode(String) : String"/>
            <line num="486" count="14" type="stmt"/>
            <line num="499" count="4" visibility="public" complexity="4" type="method" signature="encode(Object) : Object"/>
            <line num="501" count="4" type="stmt"/>
            <line num="501" falsecount="3" type="cond" truecount="1"/>
            <line num="502" count="1" type="stmt"/>
            <line num="503" count="3" type="stmt"/>
            <line num="503" falsecount="2" type="cond" truecount="1"/>
            <line num="504" count="1" type="stmt"/>
            <line num="505" count="2" type="stmt"/>
            <line num="505" falsecount="1" type="cond" truecount="1"/>
            <line num="506" count="1" type="stmt"/>
            <line num="508" count="1" type="stmt"/>
            <line num="525" count="4" visibility="public" complexity="4" type="method" signature="decode(Object) : Object"/>
            <line num="527" count="4" type="stmt"/>
            <line num="527" falsecount="3" type="cond" truecount="1"/>
            <line num="528" count="1" type="stmt"/>
            <line num="529" count="3" type="stmt"/>
            <line num="529" falsecount="2" type="cond" truecount="1"/>
            <line num="530" count="1" type="stmt"/>
            <line num="531" count="2" type="stmt"/>
            <line num="531" falsecount="1" type="cond" truecount="1"/>
            <line num="532" count="1" type="stmt"/>
            <line num="534" count="1" type="stmt"/>
            <line num="546" count="32" visibility="public" complexity="1" type="method" signature="getCharset() : Charset"/>
            <line num="547" count="32" type="stmt"/>
            <line num="555" count="0" visibility="public" complexity="1" type="method" signature="getDefaultCharset() : String"/>
            <line num="556" count="0" type="stmt"/>
            <line num="573" count="18" visibility="public" complexity="2" type="method" signature="encode(String,Charset) : String"/>
            <line num="574" count="18" type="stmt"/>
            <line num="574" falsecount="17" type="cond" truecount="1"/>
            <line num="575" count="1" type="stmt"/>
            <line num="577" count="17" type="stmt"/>
            <line num="595" count="6" visibility="public" complexity="2" type="method" signature="encode(String,String) : String"/>
            <line num="596" count="6" type="stmt"/>
            <line num="596" falsecount="5" type="cond" truecount="1"/>
            <line num="597" count="1" type="stmt"/>
            <line num="599" count="5" type="stmt"/>
         </file>
         <file name="RFC1522Codec.java" path="/home/stg/omc_experiments/subjects/commons-codec-1.12/src/main/java/org/apache/commons/codec/net/RFC1522Codec.java">
            <metrics classes="1" methods="3" conditionals="16" ncloc="69" coveredstatements="37" coveredmethods="3" complexity="12" coveredconditionals="14" statements="39" loc="186" coveredelements="54" elements="58"/>
            <class name="RFC1522Codec">
               <metrics methods="3" conditionals="16" coveredstatements="37" coveredmethods="3" complexity="12" coveredconditionals="14" statements="39" coveredelements="54" elements="58"/>
            </class>
            <line num="68" count="15" visibility="protected" complexity="2" type="method" signature="encodeText(String,Charset) : String"/>
            <line num="69" count="15" type="stmt"/>
            <line num="69" falsecount="15" type="cond" truecount="0"/>
            <line num="70" count="0" type="stmt"/>
            <line num="72" count="15" type="stmt"/>
            <line num="73" count="15" type="stmt"/>
            <line num="74" count="15" type="stmt"/>
            <line num="75" count="15" type="stmt"/>
            <line num="76" count="15" type="stmt"/>
            <line num="77" count="15" type="stmt"/>
            <line num="78" count="15" type="stmt"/>
            <line num="79" count="15" type="stmt"/>
            <line num="80" count="15" type="stmt"/>
            <line num="81" count="15" type="stmt"/>
            <line num="102" count="1" visibility="protected" complexity="2" type="method" signature="encodeText(String,String) : String"/>
            <line num="104" count="1" type="stmt"/>
            <line num="104" falsecount="0" type="cond" truecount="1"/>
            <line num="105" count="1" type="stmt"/>
            <line num="107" count="0" type="stmt"/>
            <line num="124" count="24" visibility="protected" complexity="8" type="method" signature="decodeText(String) : String"/>
            <line num="126" count="24" type="stmt"/>
            <line num="126" falsecount="23" type="cond" truecount="1"/>
            <line num="127" count="1" type="stmt"/>
            <line num="129" count="23" type="stmt"/>
            <line num="129" falsecount="18" type="cond" truecount="5"/>
            <line num="130" count="5" type="stmt"/>
            <line num="132" count="18" type="stmt"/>
            <line num="133" count="18" type="stmt"/>
            <line num="134" count="18" type="stmt"/>
            <line num="135" count="18" type="stmt"/>
            <line num="135" falsecount="16" type="cond" truecount="2"/>
            <line num="136" count="2" type="stmt"/>
            <line num="138" count="16" type="stmt"/>
            <line num="139" count="16" type="stmt"/>
            <line num="139" falsecount="15" type="cond" truecount="1"/>
            <line num="140" count="1" type="stmt"/>
            <line num="142" count="15" type="stmt"/>
            <line num="143" count="15" type="stmt"/>
            <line num="144" count="15" type="stmt"/>
            <line num="144" falsecount="13" type="cond" truecount="2"/>
            <line num="145" count="2" type="stmt"/>
            <line num="147" count="13" type="stmt"/>
            <line num="148" count="13" type="stmt"/>
            <line num="148" falsecount="11" type="cond" truecount="2"/>
            <line num="149" count="2" type="stmt"/>
            <line num="151" count="11" type="stmt"/>
            <line num="152" count="11" type="stmt"/>
            <line num="153" count="11" type="stmt"/>
            <line num="154" count="11" type="stmt"/>
            <line num="155" count="11" type="stmt"/>
         </file>
         <file name="URLCodec.java" path="/home/stg/omc_experiments/subjects/commons-codec-1.12/src/main/java/org/apache/commons/codec/net/URLCodec.java">
            <metrics classes="1" methods="15" conditionals="44" ncloc="169" coveredstatements="82" coveredmethods="14" complexity="40" coveredconditionals="44" statements="83" loc="374" coveredelements="140" elements="142"/>
            <class name="URLCodec">
               <metrics methods="15" conditionals="44" coveredstatements="82" coveredmethods="14" complexity="40" coveredconditionals="44" statements="83" coveredelements="140" elements="142"/>
            </class>
            <line num="75" count="1" visibility="package" complexity="4" type="method" signature="&lt;clinit&gt;, line 75()"/>
            <line num="77" count="1" type="stmt"/>
            <line num="77" falsecount="1" type="cond" truecount="26"/>
            <line num="78" count="26" type="stmt"/>
            <line num="80" count="1" type="stmt"/>
            <line num="80" falsecount="1" type="cond" truecount="26"/>
            <line num="81" count="26" type="stmt"/>
            <line num="84" count="1" type="stmt"/>
            <line num="84" falsecount="1" type="cond" truecount="10"/>
            <line num="85" count="10" type="stmt"/>
            <line num="88" count="1" type="stmt"/>
            <line num="89" count="1" type="stmt"/>
            <line num="90" count="1" type="stmt"/>
            <line num="91" count="1" type="stmt"/>
            <line num="93" count="1" type="stmt"/>
            <line num="96" count="1" type="stmt"/>
            <line num="103" count="13" visibility="public" complexity="1" type="method" signature="URLCodec()"/>
            <line num="104" count="13" type="stmt"/>
            <line num="112" count="15" visibility="public" complexity="1" type="method" signature="URLCodec(String)"/>
            <line num="113" count="15" type="stmt"/>
            <line num="114" count="15" type="stmt"/>
            <line num="126" count="14" visibility="public" complexity="6" type="method" signature="encodeUrl(BitSet,byte[]) : byte[]"/>
            <line num="127" count="14" type="stmt"/>
            <line num="127" falsecount="13" type="cond" truecount="1"/>
            <line num="128" count="1" type="stmt"/>
            <line num="130" count="13" type="stmt"/>
            <line num="130" falsecount="12" type="cond" truecount="1"/>
            <line num="131" count="1" type="stmt"/>
            <line num="134" count="13" type="stmt"/>
            <line num="135" count="13" type="stmt"/>
            <line num="136" count="228" type="stmt"/>
            <line num="137" count="228" type="stmt"/>
            <line num="137" falsecount="170" type="cond" truecount="58"/>
            <line num="138" count="58" type="stmt"/>
            <line num="140" count="228" type="stmt"/>
            <line num="140" falsecount="123" type="cond" truecount="105"/>
            <line num="141" count="105" type="stmt"/>
            <line num="141" falsecount="98" type="cond" truecount="7"/>
            <line num="142" count="7" type="stmt"/>
            <line num="144" count="105" type="stmt"/>
            <line num="146" count="123" type="stmt"/>
            <line num="147" count="123" type="stmt"/>
            <line num="148" count="123" type="stmt"/>
            <line num="149" count="123" type="stmt"/>
            <line num="150" count="123" type="stmt"/>
            <line num="153" count="13" type="stmt"/>
            <line num="166" count="15" visibility="public" complexity="6" type="method" signature="decodeUrl(byte[]) : byte[]"/>
            <line num="167" count="15" type="stmt"/>
            <line num="167" falsecount="14" type="cond" truecount="1"/>
            <line num="168" count="1" type="stmt"/>
            <line num="170" count="14" type="stmt"/>
            <line num="171" count="14" type="stmt"/>
            <line num="171" falsecount="10" type="cond" truecount="142"/>
            <line num="172" count="142" type="stmt"/>
            <line num="173" count="142" type="stmt"/>
            <line num="173" falsecount="138" type="cond" truecount="4"/>
            <line num="174" count="4" type="stmt"/>
            <line num="175" count="138" type="stmt"/>
            <line num="175" falsecount="82" type="cond" truecount="56"/>
            <line num="176" count="56" type="stmt"/>
            <line num="177" count="56" type="stmt"/>
            <line num="178" count="54" type="stmt"/>
            <line num="179" count="52" type="stmt"/>
            <line num="181" count="2" type="stmt"/>
            <line num="184" count="82" type="stmt"/>
            <line num="187" count="10" type="stmt"/>
            <line num="197" count="13" visibility="public" complexity="1" type="method" signature="encode(byte[]) : byte[]"/>
            <line num="199" count="13" type="stmt"/>
            <line num="213" count="14" visibility="public" complexity="1" type="method" signature="decode(byte[]) : byte[]"/>
            <line num="215" count="14" type="stmt"/>
            <line num="229" count="13" visibility="public" complexity="2" type="method" signature="encode(String,String) : String"/>
            <line num="230" count="13" type="stmt"/>
            <line num="230" falsecount="12" type="cond" truecount="1"/>
            <line num="231" count="1" type="stmt"/>
            <line num="233" count="12" type="stmt"/>
            <line num="247" count="8" visibility="public" complexity="3" type="method" signature="encode(String) : String"/>
            <line num="249" count="8" type="stmt"/>
            <line num="249" falsecount="7" type="cond" truecount="1"/>
            <line num="250" count="1" type="stmt"/>
            <line num="252" count="7" type="stmt"/>
            <line num="253" count="7" type="stmt"/>
            <line num="255" count="1" type="stmt"/>
            <line num="274" count="13" visibility="public" complexity="2" type="method" signature="decode(String,String) : String"/>
            <line num="276" count="13" type="stmt"/>
            <line num="276" falsecount="12" type="cond" truecount="1"/>
            <line num="277" count="1" type="stmt"/>
            <line num="279" count="12" type="stmt"/>
            <line num="293" count="11" visibility="public" complexity="3" type="method" signature="decode(String) : String"/>
            <line num="295" count="11" type="stmt"/>
            <line num="295" falsecount="10" type="cond" truecount="1"/>
            <line num="296" count="1" type="stmt"/>
            <line num="298" count="10" type="stmt"/>
            <line num="299" count="10" type="stmt"/>
            <line num="301" count="1" type="stmt"/>
            <line num="314" count="4" visibility="public" complexity="4" type="method" signature="encode(Object) : Object"/>
            <line num="316" count="4" type="stmt"/>
            <line num="316" falsecount="3" type="cond" truecount="1"/>
            <line num="317" count="1" type="stmt"/>
            <line num="318" count="3" type="stmt"/>
            <line num="318" falsecount="2" type="cond" truecount="1"/>
            <line num="319" count="1" type="stmt"/>
            <line num="320" count="2" type="stmt"/>
            <line num="320" falsecount="1" type="cond" truecount="1"/>
            <line num="321" count="1" type="stmt"/>
            <line num="323" count="1" type="stmt"/>
            <line num="339" count="4" visibility="public" complexity="4" type="method" signature="decode(Object) : Object"/>
            <line num="341" count="4" type="stmt"/>
            <line num="341" falsecount="3" type="cond" truecount="1"/>
            <line num="342" count="1" type="stmt"/>
            <line num="343" count="3" type="stmt"/>
            <line num="343" falsecount="2" type="cond" truecount="1"/>
            <line num="344" count="1" type="stmt"/>
            <line num="345" count="2" type="stmt"/>
            <line num="345" falsecount="1" type="cond" truecount="1"/>
            <line num="346" count="1" type="stmt"/>
            <line num="348" count="1" type="stmt"/>
            <line num="358" count="17" visibility="public" complexity="1" type="method" signature="getDefaultCharset() : String"/>
            <line num="359" count="17" type="stmt"/>
            <line num="369" count="0" visibility="public" complexity="1" type="method" signature="getEncoding() : String"/>
            <line num="371" count="0" type="stmt"/>
         </file>
         <file name="Utils.java" path="/home/stg/omc_experiments/subjects/commons-codec-1.12/src/main/java/org/apache/commons/codec/net/Utils.java">
            <metrics classes="1" methods="2" conditionals="2" ncloc="15" coveredstatements="5" coveredmethods="2" complexity="3" coveredconditionals="2" statements="5" loc="65" coveredelements="9" elements="9"/>
            <class name="Utils">
               <metrics methods="2" conditionals="2" coveredstatements="5" coveredmethods="2" complexity="3" coveredconditionals="2" statements="5" coveredelements="9" elements="9"/>
            </class>
            <line num="47" count="315" visibility="package" complexity="2" type="method" signature="digit16(byte) : int"/>
            <line num="48" count="315" type="stmt"/>
            <line num="49" count="315" type="stmt"/>
            <line num="49" falsecount="312" type="cond" truecount="3"/>
            <line num="50" count="3" type="stmt"/>
            <line num="52" count="312" type="stmt"/>
            <line num="61" count="658" visibility="package" complexity="1" type="method" signature="hexDigit(int) : char"/>
            <line num="62" count="658" type="stmt"/>
         </file>
      </package>
      <package name="org.apache.commons.codec.language.bm">
         <metrics classes="17" methods="120" conditionals="200" files="8" ncloc="1102" coveredstatements="0" coveredmethods="0" complexity="242" coveredconditionals="0" statements="493" loc="2092" coveredelements="0" elements="813"/>
         <file name="BeiderMorseEncoder.java" path="/home/stg/omc_experiments/subjects/commons-codec-1.12/src/main/java/org/apache/commons/codec/language/bm/BeiderMorseEncoder.java">
            <metrics classes="1" methods="9" conditionals="4" ncloc="53" coveredstatements="0" coveredmethods="0" complexity="11" coveredconditionals="0" statements="13" loc="184" coveredelements="0" elements="26"/>
            <class name="BeiderMorseEncoder">
               <metrics methods="9" conditionals="4" coveredstatements="0" coveredmethods="0" complexity="11" coveredconditionals="0" statements="13" coveredelements="0" elements="26"/>
            </class>
            <line num="86" count="0" visibility="public" complexity="2" type="method" signature="encode(Object) : Object"/>
            <line num="88" count="0" type="stmt"/>
            <line num="88" falsecount="0" type="cond" truecount="0"/>
            <line num="89" count="0" type="stmt"/>
            <line num="91" count="0" type="stmt"/>
            <line num="94" count="0" visibility="public" complexity="2" type="method" signature="encode(String) : String"/>
            <line num="96" count="0" type="stmt"/>
            <line num="96" falsecount="0" type="cond" truecount="0"/>
            <line num="97" count="0" type="stmt"/>
            <line num="99" count="0" type="stmt"/>
            <line num="107" count="0" visibility="public" complexity="1" type="method" signature="getNameType() : NameType"/>
            <line num="108" count="0" type="stmt"/>
            <line num="116" count="0" visibility="public" complexity="1" type="method" signature="getRuleType() : RuleType"/>
            <line num="117" count="0" type="stmt"/>
            <line num="125" count="0" visibility="public" complexity="1" type="method" signature="isConcat() : boolean"/>
            <line num="126" count="0" type="stmt"/>
            <line num="136" count="0" visibility="public" complexity="1" type="method" signature="setConcat(boolean) : void"/>
            <line num="137" count="0" type="stmt"/>
            <line num="150" count="0" visibility="public" complexity="1" type="method" signature="setNameType(NameType) : void"/>
            <line num="151" count="0" type="stmt"/>
            <line num="163" count="0" visibility="public" complexity="1" type="method" signature="setRuleType(RuleType) : void"/>
            <line num="164" count="0" type="stmt"/>
            <line num="177" count="0" visibility="public" complexity="1" type="method" signature="setMaxPhonemes(int) : void"/>
            <line num="178" count="0" type="stmt"/>
         </file>
         <file name="Lang.java" path="/home/stg/omc_experiments/subjects/commons-codec-1.12/src/main/java/org/apache/commons/codec/language/bm/Lang.java">
            <metrics classes="2" methods="8" conditionals="24" ncloc="105" coveredstatements="0" coveredmethods="0" complexity="22" coveredconditionals="0" statements="49" loc="228" coveredelements="0" elements="81"/>
            <class name="Lang">
               <metrics methods="6" conditionals="24" coveredstatements="0" coveredmethods="0" complexity="20" coveredconditionals="0" statements="45" coveredelements="0" elements="75"/>
            </class>
            <class name="Lang.LangRule">
               <metrics methods="2" conditionals="0" coveredstatements="0" coveredmethods="0" complexity="2" coveredconditionals="0" statements="4" coveredelements="0" elements="6"/>
            </class>
            <line num="85" count="0" visibility="private" complexity="1" type="method" signature="LangRule(Pattern,Set&lt;String&gt;,boolean)"/>
            <line num="86" count="0" type="stmt"/>
            <line num="87" count="0" type="stmt"/>
            <line num="88" count="0" type="stmt"/>
            <line num="91" count="0" visibility="public" complexity="1" type="method" signature="matches(String) : boolean"/>
            <line num="92" count="0" type="stmt"/>
            <line num="100" count="0" visibility="package" complexity="1" type="method" signature="&lt;clinit&gt;, line 100()"/>
            <line num="101" count="0" type="stmt"/>
            <line num="102" count="0" type="stmt"/>
            <line num="113" count="0" visibility="public" complexity="1" type="method" signature="instance(NameType) : Lang"/>
            <line num="114" count="0" type="stmt"/>
            <line num="129" count="0" visibility="public" complexity="11" type="method" signature="loadFromResource(String,Languages) : Lang"/>
            <line num="130" count="0" type="stmt"/>
            <line num="131" count="0" type="stmt"/>
            <line num="133" count="0" type="stmt"/>
            <line num="133" falsecount="0" type="cond" truecount="0"/>
            <line num="134" count="0" type="stmt"/>
            <line num="137" count="0" type="stmt"/>
            <line num="137" count="0" type="stmt"/>
            <line num="138" count="0" type="stmt"/>
            <line num="139" count="0" type="stmt"/>
            <line num="139" falsecount="0" type="cond" truecount="0"/>
            <line num="140" count="0" type="stmt"/>
            <line num="141" count="0" type="stmt"/>
            <line num="142" count="0" type="stmt"/>
            <line num="142" falsecount="0" type="cond" truecount="0"/>
            <line num="144" count="0" type="stmt"/>
            <line num="144" falsecount="0" type="cond" truecount="0"/>
            <line num="145" count="0" type="stmt"/>
            <line num="148" count="0" type="stmt"/>
            <line num="148" falsecount="0" type="cond" truecount="0"/>
            <line num="149" count="0" type="stmt"/>
            <line num="152" count="0" type="stmt"/>
            <line num="153" count="0" type="stmt"/>
            <line num="153" falsecount="0" type="cond" truecount="0"/>
            <line num="154" count="0" type="stmt"/>
            <line num="158" count="0" type="stmt"/>
            <line num="160" count="0" type="stmt"/>
            <line num="160" falsecount="0" type="cond" truecount="0"/>
            <line num="161" count="0" type="stmt"/>
            <line num="165" count="0" type="stmt"/>
            <line num="167" count="0" type="stmt"/>
            <line num="167" falsecount="0" type="cond" truecount="0"/>
            <line num="168" count="0" type="stmt"/>
            <line num="172" count="0" type="stmt"/>
            <line num="173" count="0" type="stmt"/>
            <line num="174" count="0" type="stmt"/>
            <line num="176" count="0" type="stmt"/>
            <line num="181" count="0" type="stmt"/>
            <line num="187" count="0" visibility="private" complexity="1" type="method" signature="Lang(List&lt;LangRule&gt;,Languages)"/>
            <line num="188" count="0" type="stmt"/>
            <line num="189" count="0" type="stmt"/>
            <line num="199" count="0" visibility="public" complexity="2" type="method" signature="guessLanguage(String) : String"/>
            <line num="200" count="0" type="stmt"/>
            <line num="201" count="0" type="stmt"/>
            <line num="201" falsecount="0" type="cond" truecount="0"/>
            <line num="211" count="0" visibility="public" complexity="4" type="method" signature="guessLanguages(String) : Languages.LanguageSet"/>
            <line num="212" count="0" type="stmt"/>
            <line num="214" count="0" type="stmt"/>
            <line num="215" count="0" type="stmt"/>
            <line num="216" count="0" type="stmt"/>
            <line num="216" falsecount="0" type="cond" truecount="0"/>
            <line num="217" count="0" type="stmt"/>
            <line num="217" falsecount="0" type="cond" truecount="0"/>
            <line num="218" count="0" type="stmt"/>
            <line num="220" count="0" type="stmt"/>
            <line num="225" count="0" type="stmt"/>
            <line num="226" count="0" type="stmt"/>
            <line num="226" falsecount="0" type="cond" truecount="0"/>
         </file>
         <file name="Languages.java" path="/home/stg/omc_experiments/subjects/commons-codec-1.12/src/main/java/org/apache/commons/codec/language/bm/Languages.java">
            <metrics classes="3" methods="30" conditionals="24" ncloc="188" coveredstatements="0" coveredmethods="0" complexity="44" coveredconditionals="0" statements="64" loc="292" coveredelements="0" elements="118"/>
            <class name="Languages">
               <metrics methods="20" conditionals="12" coveredstatements="0" coveredmethods="0" complexity="28" coveredconditionals="0" statements="37" coveredelements="0" elements="69"/>
            </class>
            <class name="Languages.LanguageSet">
               <metrics methods="1" conditionals="2" coveredstatements="0" coveredmethods="0" complexity="2" coveredconditionals="0" statements="1" coveredelements="0" elements="4"/>
            </class>
            <class name="Languages.SomeLanguages">
               <metrics methods="9" conditionals="10" coveredstatements="0" coveredmethods="0" complexity="14" coveredconditionals="0" statements="26" coveredelements="0" elements="45"/>
            </class>
            <line num="63" count="0" visibility="public" complexity="2" type="method" signature="from(Set&lt;String&gt;) : LanguageSet"/>
            <line num="64" count="0" type="stmt"/>
            <line num="64" falsecount="0" type="cond" truecount="0"/>
            <line num="86" count="0" visibility="private" complexity="1" type="method" signature="SomeLanguages(Set&lt;String&gt;)"/>
            <line num="87" count="0" type="stmt"/>
            <line num="90" count="0" visibility="public" complexity="1" type="method" signature="contains(String) : boolean"/>
            <line num="92" count="0" type="stmt"/>
            <line num="95" count="0" visibility="public" complexity="1" type="method" signature="getAny() : String"/>
            <line num="97" count="0" type="stmt"/>
            <line num="100" count="0" visibility="public" complexity="1" type="method" signature="getLanguages() : Set&lt;String&gt;"/>
            <line num="101" count="0" type="stmt"/>
            <line num="104" count="0" visibility="public" complexity="1" type="method" signature="isEmpty() : boolean"/>
            <line num="106" count="0" type="stmt"/>
            <line num="109" count="0" visibility="public" complexity="1" type="method" signature="isSingleton() : boolean"/>
            <line num="111" count="0" type="stmt"/>
            <line num="114" count="0" visibility="public" complexity="4" type="method" signature="restrictTo(LanguageSet) : LanguageSet"/>
            <line num="116" count="0" type="stmt"/>
            <line num="116" falsecount="0" type="cond" truecount="0"/>
            <line num="117" count="0" type="stmt"/>
            <line num="118" count="0" type="stmt"/>
            <line num="118" falsecount="0" type="cond" truecount="0"/>
            <line num="119" count="0" type="stmt"/>
            <line num="121" count="0" type="stmt"/>
            <line num="122" count="0" type="stmt"/>
            <line num="123" count="0" type="stmt"/>
            <line num="124" count="0" type="stmt"/>
            <line num="124" falsecount="0" type="cond" truecount="0"/>
            <line num="125" count="0" type="stmt"/>
            <line num="128" count="0" type="stmt"/>
            <line num="132" count="0" visibility="public" complexity="3" type="method" signature="merge(LanguageSet) : LanguageSet"/>
            <line num="134" count="0" type="stmt"/>
            <line num="134" falsecount="0" type="cond" truecount="0"/>
            <line num="135" count="0" type="stmt"/>
            <line num="136" count="0" type="stmt"/>
            <line num="136" falsecount="0" type="cond" truecount="0"/>
            <line num="137" count="0" type="stmt"/>
            <line num="139" count="0" type="stmt"/>
            <line num="140" count="0" type="stmt"/>
            <line num="141" count="0" type="stmt"/>
            <line num="142" count="0" type="stmt"/>
            <line num="144" count="0" type="stmt"/>
            <line num="148" count="0" visibility="public" complexity="1" type="method" signature="toString() : String"/>
            <line num="150" count="0" type="stmt"/>
            <line num="159" count="0" visibility="package" complexity="1" type="method" signature="&lt;clinit&gt;, line 159()"/>
            <line num="160" count="0" type="stmt"/>
            <line num="161" count="0" type="stmt"/>
            <line num="165" count="0" visibility="public" complexity="1" type="method" signature="getInstance(NameType) : Languages"/>
            <line num="166" count="0" type="stmt"/>
            <line num="169" count="0" visibility="public" complexity="9" type="method" signature="getInstance(String) : Languages"/>
            <line num="171" count="0" type="stmt"/>
            <line num="172" count="0" type="stmt"/>
            <line num="174" count="0" type="stmt"/>
            <line num="174" falsecount="0" type="cond" truecount="0"/>
            <line num="175" count="0" type="stmt"/>
            <line num="178" count="0" type="stmt"/>
            <line num="178" count="0" type="stmt"/>
            <line num="179" count="0" type="stmt"/>
            <line num="180" count="0" type="stmt"/>
            <line num="180" falsecount="0" type="cond" truecount="0"/>
            <line num="181" count="0" type="stmt"/>
            <line num="182" count="0" type="stmt"/>
            <line num="182" falsecount="0" type="cond" truecount="0"/>
            <line num="183" count="0" type="stmt"/>
            <line num="183" falsecount="0" type="cond" truecount="0"/>
            <line num="184" count="0" type="stmt"/>
            <line num="187" count="0" type="stmt"/>
            <line num="187" falsecount="0" type="cond" truecount="0"/>
            <line num="188" count="0" type="stmt"/>
            <line num="189" count="0" type="stmt"/>
            <line num="189" falsecount="0" type="cond" truecount="0"/>
            <line num="190" count="0" type="stmt"/>
            <line num="196" count="0" type="stmt"/>
            <line num="199" count="0" visibility="private" complexity="1" type="method" signature="langResourceName(NameType) : String"/>
            <line num="200" count="0" type="stmt"/>
            <line num="209" count="0" visibility="public" complexity="1" type="method" signature="contains(String) : boolean"/>
            <line num="211" count="0" type="stmt"/>
            <line num="214" count="0" visibility="public" complexity="1" type="method" signature="getAny() : String"/>
            <line num="216" count="0" type="stmt"/>
            <line num="219" count="0" visibility="public" complexity="1" type="method" signature="isEmpty() : boolean"/>
            <line num="221" count="0" type="stmt"/>
            <line num="224" count="0" visibility="public" complexity="1" type="method" signature="isSingleton() : boolean"/>
            <line num="226" count="0" type="stmt"/>
            <line num="229" count="0" visibility="public" complexity="1" type="method" signature="restrictTo(LanguageSet) : LanguageSet"/>
            <line num="231" count="0" type="stmt"/>
            <line num="234" count="0" visibility="public" complexity="1" type="method" signature="merge(LanguageSet) : LanguageSet"/>
            <line num="236" count="0" type="stmt"/>
            <line num="239" count="0" visibility="public" complexity="1" type="method" signature="toString() : String"/>
            <line num="241" count="0" type="stmt"/>
            <line num="249" count="0" visibility="public" complexity="1" type="method" signature="contains(String) : boolean"/>
            <line num="251" count="0" type="stmt"/>
            <line num="254" count="0" visibility="public" complexity="1" type="method" signature="getAny() : String"/>
            <line num="256" count="0" type="stmt"/>
            <line num="259" count="0" visibility="public" complexity="1" type="method" signature="isEmpty() : boolean"/>
            <line num="261" count="0" type="stmt"/>
[...]
            <line num="172" count="75" type="stmt"/>
            <line num="172" falsecount="72" type="cond" truecount="3"/>
            <line num="173" count="3" type="stmt"/>
            <line num="176" count="72" type="stmt"/>
            <line num="181" count="72" type="stmt"/>
            <line num="181" falsecount="72" type="cond" truecount="108"/>
            <line num="182" count="108" type="stmt"/>
            <line num="182" falsecount="108" type="cond" truecount="864"/>
            <line num="183" count="864" type="stmt"/>
            <line num="183" falsecount="288" type="cond" truecount="576"/>
            <line num="184" count="576" type="stmt"/>
            <line num="188" count="72" type="stmt"/>
            <line num="198" count="58" visibility="public" complexity="5" type="method" signature="fromAscii(byte[]) : byte[]"/>
            <line num="199" count="58" type="stmt"/>
            <line num="199" falsecount="54" type="cond" truecount="4"/>
            <line num="200" count="4" type="stmt"/>
            <line num="203" count="54" type="stmt"/>
            <line num="208" count="54" type="stmt"/>
            <line num="208" falsecount="54" type="cond" truecount="81"/>
            <line num="209" count="81" type="stmt"/>
            <line num="209" falsecount="81" type="cond" truecount="648"/>
            <line num="210" count="648" type="stmt"/>
            <line num="210" falsecount="216" type="cond" truecount="432"/>
            <line num="211" count="432" type="stmt"/>
            <line num="215" count="54" type="stmt"/>
            <line num="225" count="192" visibility="private" complexity="1" type="method" signature="isEmpty(byte[]) : boolean"/>
            <line num="226" count="192" type="stmt"/>
            <line num="238" count="54" visibility="public" complexity="5" type="method" signature="toAsciiBytes(byte[]) : byte[]"/>
            <line num="239" count="54" type="stmt"/>
            <line num="239" falsecount="52" type="cond" truecount="2"/>
            <line num="240" count="2" type="stmt"/>
            <line num="243" count="52" type="stmt"/>
            <line num="248" count="52" type="stmt"/>
            <line num="248" falsecount="52" type="cond" truecount="86"/>
            <line num="249" count="86" type="stmt"/>
            <line num="249" falsecount="86" type="cond" truecount="688"/>
            <line num="250" count="688" type="stmt"/>
            <line num="250" falsecount="344" type="cond" truecount="344"/>
            <line num="251" count="344" type="stmt"/>
            <line num="253" count="344" type="stmt"/>
            <line num="257" count="52" type="stmt"/>
            <line num="268" count="80" visibility="public" complexity="5" type="method" signature="toAsciiChars(byte[]) : char[]"/>
            <line num="269" count="80" type="stmt"/>
            <line num="269" falsecount="78" type="cond" truecount="2"/>
            <line num="270" count="2" type="stmt"/>
            <line num="273" count="78" type="stmt"/>
            <line num="278" count="78" type="stmt"/>
            <line num="278" falsecount="78" type="cond" truecount="129"/>
            <line num="279" count="129" type="stmt"/>
            <line num="279" falsecount="129" type="cond" truecount="1032"/>
            <line num="280" count="1032" type="stmt"/>
            <line num="280" falsecount="516" type="cond" truecount="516"/>
            <line num="281" count="516" type="stmt"/>
            <line num="283" count="516" type="stmt"/>
            <line num="287" count="78" type="stmt"/>
            <line num="298" count="26" visibility="public" complexity="1" type="method" signature="toAsciiString(byte[]) : String"/>
            <line num="299" count="26" type="stmt"/>
         </file>
         <file name="CharSequenceUtils.java" path="/home/stg/omc_experiments/subjects/commons-codec-1.12/src/main/java/org/apache/commons/codec/binary/CharSequenceUtils.java">
            <metrics classes="1" methods="1" conditionals="10" ncloc="27" coveredstatements="12" coveredmethods="1" complexity="8" coveredconditionals="6" statements="15" loc="79" coveredelements="19" elements="26"/>
            <class name="CharSequenceUtils">
               <metrics methods="1" conditionals="10" coveredstatements="12" coveredmethods="1" complexity="8" coveredconditionals="6" statements="15" coveredelements="19" elements="26"/>
            </class>
            <line num="49" count="4" visibility="package" complexity="8" type="method" signature="regionMatches(CharSequence,boolean,int,CharSequence,int,int) : boolean"/>
            <line num="51" count="4" type="stmt"/>
            <line num="51" falsecount="4" type="cond" truecount="0"/>
            <line num="52" count="0" type="stmt"/>
            <line num="54" count="4" type="stmt"/>
            <line num="55" count="4" type="stmt"/>
            <line num="56" count="4" type="stmt"/>
            <line num="58" count="4" type="stmt"/>
            <line num="58" falsecount="2" type="cond" truecount="8"/>
            <line num="59" count="8" type="stmt"/>
            <line num="60" count="8" type="stmt"/>
            <line num="62" count="8" type="stmt"/>
            <line num="62" falsecount="2" type="cond" truecount="6"/>
            <line num="63" count="6" type="stmt"/>
            <line num="66" count="2" type="stmt"/>
            <line num="66" falsecount="0" type="cond" truecount="2"/>
            <line num="67" count="2" type="stmt"/>
            <line num="71" count="0" type="stmt"/>
            <line num="71" falsecount="0" type="cond" truecount="0"/>
            <line num="73" count="0" type="stmt"/>
            <line num="77" count="2" type="stmt"/>
         </file>
         <file name="Hex.java" path="/home/stg/omc_experiments/subjects/commons-codec-1.12/src/main/java/org/apache/commons/codec/binary/Hex.java">
            <metrics classes="1" methods="25" conditionals="22" ncloc="144" coveredstatements="59" coveredmethods="25" complexity="38" coveredconditionals="22" statements="59" loc="491" coveredelements="106" elements="106"/>
            <class name="Hex">
               <metrics methods="25" conditionals="22" coveredstatements="59" coveredmethods="25" complexity="38" coveredconditionals="22" statements="59" coveredelements="106" elements="106"/>
            </class>
            <line num="79" count="2" visibility="public" complexity="1" type="method" signature="decodeHex(String) : byte[]"/>
            <line num="80" count="2" type="stmt"/>
            <line num="94" count="373" visibility="public" complexity="3" type="method" signature="decodeHex(char[]) : byte[]"/>
            <line num="96" count="373" type="stmt"/>
            <line num="98" count="373" type="stmt"/>
            <line num="98" falsecount="366" type="cond" truecount="7"/>
            <line num="99" count="7" type="stmt"/>
            <line num="102" count="366" type="stmt"/>
            <line num="105" count="366" type="stmt"/>
            <line num="105" falsecount="364" type="cond" truecount="205043"/>
            <line num="106" count="205043" type="stmt"/>
            <line num="107" count="205042" type="stmt"/>
            <line num="108" count="205042" type="stmt"/>
            <line num="109" count="205041" type="stmt"/>
            <line num="110" count="205041" type="stmt"/>
            <line num="113" count="364" type="stmt"/>
            <line num="125" count="364" visibility="public" complexity="1" type="method" signature="encodeHex(byte[]) : char[]"/>
            <line num="126" count="364" type="stmt"/>
            <line num="139" count="7" visibility="public" complexity="1" type="method" signature="encodeHex(ByteBuffer) : char[]"/>
            <line num="140" count="7" type="stmt"/>
            <line num="155" count="370" visibility="public" complexity="2" type="method" signature="encodeHex(byte[],boolean) : char[]"/>
            <line num="156" count="370" type="stmt"/>
            <line num="156" falsecount="3" type="cond" truecount="367"/>
            <line num="171" count="13" visibility="public" complexity="2" type="method" signature="encodeHex(ByteBuffer,boolean) : char[]"/>
            <line num="172" count="13" type="stmt"/>
            <line num="172" falsecount="3" type="cond" truecount="10"/>
            <line num="188" count="383" visibility="protected" complexity="2" type="method" signature="encodeHex(byte[],char[]) : char[]"/>
            <line num="189" count="383" type="stmt"/>
            <line num="190" count="383" type="stmt"/>
            <line num="192" count="383" type="stmt"/>
            <line num="192" falsecount="383" type="cond" truecount="205532"/>
            <line num="193" count="205532" type="stmt"/>
            <line num="194" count="205532" type="stmt"/>
            <line num="196" count="383" type="stmt"/>
            <line num="212" count="13" visibility="protected" complexity="1" type="method" signature="encodeHex(ByteBuffer,char[]) : char[]"/>
            <line num="213" count="13" type="stmt"/>
            <line num="225" count="342" visibility="public" complexity="1" type="method" signature="encodeHexString(byte[]) : String"/>
            <line num="226" count="342" type="stmt"/>
            <line num="240" count="2" visibility="public" complexity="1" type="method" signature="encodeHexString(byte[],boolean) : String"/>
            <line num="241" count="2" type="stmt"/>
            <line num="253" count="3" visibility="public" complexity="1" type="method" signature="encodeHexString(ByteBuffer) : String"/>
            <line num="254" count="3" type="stmt"/>
            <line num="268" count="2" visibility="public" complexity="1" type="method" signature="encodeHexString(ByteBuffer,boolean) : String"/>
            <line num="269" count="2" type="stmt"/>
            <line num="283" count="410085" visibility="protected" complexity="2" type="method" signature="toDigit(char,int) : int"/>
            <line num="284" count="410085" type="stmt"/>
            <line num="285" count="410085" type="stmt"/>
            <line num="285" falsecount="410083" type="cond" truecount="2"/>
            <line num="286" count="2" type="stmt"/>
            <line num="288" count="410083" type="stmt"/>
            <line num="296" count="189" visibility="public" complexity="1" type="method" signature="Hex()"/>
            <line num="298" count="189" type="stmt"/>
            <line num="308" count="169" visibility="public" complexity="1" type="method" signature="Hex(Charset)"/>
            <line num="309" count="169" type="stmt"/>
            <line num="322" count="167" visibility="public" complexity="1" type="method" signature="Hex(String)"/>
            <line num="323" count="167" type="stmt"/>
            <line num="338" count="175" visibility="public" complexity="1" type="method" signature="decode(byte[]) : byte[]"/>
            <line num="340" count="175" type="stmt"/>
            <line num="356" count="3" visibility="public" complexity="1" type="method" signature="decode(ByteBuffer) : byte[]"/>
            <line num="357" count="3" type="stmt"/>
            <line num="373" count="366" visibility="public" complexity="5" type="method" signature="decode(Object) : Object"/>
            <line num="375" count="366" type="stmt"/>
            <line num="375" falsecount="187" type="cond" truecount="179"/>
            <line num="376" count="179" type="stmt"/>
            <line num="377" count="187" type="stmt"/>
            <line num="377" falsecount="186" type="cond" truecount="1"/>
            <line num="378" count="1" type="stmt"/>
            <line num="379" count="186" type="stmt"/>
            <line num="379" falsecount="185" type="cond" truecount="1"/>
            <line num="380" count="1" type="stmt"/>
            <line num="382" count="185" type="stmt"/>
            <line num="383" count="185" type="stmt"/>
            <line num="385" count="1" type="stmt"/>
            <line num="405" count="174" visibility="public" complexity="1" type="method" signature="encode(byte[]) : byte[]"/>
            <line num="407" count="174" type="stmt"/>
            <line num="425" count="2" visibility="public" complexity="1" type="method" signature="encode(ByteBuffer) : byte[]"/>
            <line num="426" count="2" type="stmt"/>
            <line num="445" count="14" visibility="public" complexity="4" type="method" signature="encode(Object) : Object"/>
            <line num="447" count="14" type="stmt"/>
            <line num="448" count="14" type="stmt"/>
            <line num="448" falsecount="3" type="cond" truecount="11"/>
            <line num="449" count="11" type="stmt"/>
            <line num="450" count="3" type="stmt"/>
            <line num="450" falsecount="2" type="cond" truecount="1"/>
            <line num="451" count="1" type="stmt"/>
            <line num="453" count="2" type="stmt"/>
            <line num="454" count="2" type="stmt"/>
            <line num="456" count="1" type="stmt"/>
            <line num="459" count="13" type="stmt"/>
            <line num="468" count="533" visibility="public" complexity="1" type="method" signature="getCharset() : Charset"/>
            <line num="469" count="533" type="stmt"/>
            <line num="478" count="1" visibility="public" complexity="1" type="method" signature="getCharsetName() : String"/>
            <line num="479" count="1" type="stmt"/>
            <line num="487" count="1" visibility="public" complexity="1" type="method" signature="toString() : String"/>
            <line num="489" count="1" type="stmt"/>
         </file>
         <file name="StringUtils.java" path="/home/stg/omc_experiments/subjects/commons-codec-1.12/src/main/java/org/apache/commons/codec/binary/StringUtils.java">
            <metrics classes="1" methods="20" conditionals="16" ncloc="98" coveredstatements="36" coveredmethods="20" complexity="32" coveredconditionals="14" statements="38" loc="420" coveredelements="70" elements="74"/>
            <class name="StringUtils">
               <metrics methods="20" conditionals="16" coveredstatements="36" coveredmethods="20" complexity="32" coveredconditionals="14" statements="38" coveredelements="70" elements="74"/>
            </class>
            <line num="71" count="1999" visibility="public" complexity="6" type="method" signature="equals(CharSequence,CharSequence) : boolean"/>
            <line num="72" count="1999" type="stmt"/>
            <line num="72" falsecount="1989" type="cond" truecount="10"/>
            <line num="73" count="10" type="stmt"/>
            <line num="75" count="1989" type="stmt"/>
            <line num="75" falsecount="1981" type="cond" truecount="8"/>
            <line num="76" count="8" type="stmt"/>
            <line num="78" count="1981" type="stmt"/>
            <line num="78" falsecount="8" type="cond" truecount="1973"/>
            <line num="79" count="1973" type="stmt"/>
            <line num="81" count="8" type="stmt"/>
            <line num="93" count="129" visibility="private" complexity="2" type="method" signature="getBytes(String,Charset) : byte[]"/>
            <line num="94" count="129" type="stmt"/>
            <line num="94" falsecount="129" type="cond" truecount="0"/>
            <line num="95" count="0" type="stmt"/>
            <line num="97" count="129" type="stmt"/>
            <line num="109" count="2" visibility="private" complexity="2" type="method" signature="getByteBuffer(String,Charset) : ByteBuffer"/>
            <line num="110" count="2" type="stmt"/>
            <line num="110" falsecount="2" type="cond" truecount="0"/>
            <line num="111" count="0" type="stmt"/>
            <line num="113" count="2" type="stmt"/>
            <line num="130" count="2" visibility="public" complexity="1" type="method" signature="getByteBufferUtf8(String) : ByteBuffer"/>
            <line num="131" count="2" type="stmt"/>
            <line num="148" count="13" visibility="public" complexity="1" type="method" signature="getBytesIso8859_1(String) : byte[]"/>
            <line num="149" count="13" type="stmt"/>
            <line num="172" count="8" visibility="public" complexity="3" type="method" signature="getBytesUnchecked(String,String) : byte[]"/>
            <line num="173" count="8" type="stmt"/>
            <line num="173" falsecount="7" type="cond" truecount="1"/>
            <line num="174" count="1" type="stmt"/>
            <line num="176" count="7" type="stmt"/>
            <line num="177" count="7" type="stmt"/>
            <line num="179" count="1" type="stmt"/>
            <line num="197" count="39" visibility="public" complexity="1" type="method" signature="getBytesUsAscii(String) : byte[]"/>
            <line num="198" count="39" type="stmt"/>
            <line num="215" count="1" visibility="public" complexity="1" type="method" signature="getBytesUtf16(String) : byte[]"/>
            <line num="216" count="1" type="stmt"/>
            <line num="233" count="1" visibility="public" complexity="1" type="method" signature="getBytesUtf16Be(String) : byte[]"/>
            <line num="234" count="1" type="stmt"/>
            <line num="251" count="1" visibility="public" complexity="1" type="method" signature="getBytesUtf16Le(String) : byte[]"/>
            <line num="252" count="1" type="stmt"/>
            <line num="269" count="74" visibility="public" complexity="1" type="method" signature="getBytesUtf8(String) : byte[]"/>
            <line num="270" count="74" type="stmt"/>
            <line num="273" count="2" visibility="private" complexity="1" type="method" signature="newIllegalStateException(String,UnsupportedEncodingException) : IllegalStateException"/>
            <line num="275" count="2" type="stmt"/>
            <line num="290" count="116" visibility="private" complexity="2" type="method" signature="newString(byte[],Charset) : String"/>
            <line num="291" count="116" type="stmt"/>
            <line num="291" falsecount="110" type="cond" truecount="6"/>
            <line num="313" count="8" visibility="public" complexity="3" type="method" signature="newString(byte[],String) : String"/>
            <line num="314" count="8" type="stmt"/>
            <line num="314" falsecount="7" type="cond" truecount="1"/>
            <line num="315" count="1" type="stmt"/>
            <line num="317" count="7" type="stmt"/>
            <line num="318" count="7" type="stmt"/>
            <line num="320" count="1" type="stmt"/>
            <line num="336" count="2" visibility="public" complexity="1" type="method" signature="newStringIso8859_1(byte[]) : String"/>
            <line num="337" count="2" type="stmt"/>
            <line num="352" count="50" visibility="public" complexity="1" type="method" signature="newStringUsAscii(byte[]) : String"/>
            <line num="353" count="50" type="stmt"/>
            <line num="368" count="2" visibility="public" complexity="1" type="method" signature="newStringUtf16(byte[]) : String"/>
            <line num="369" count="2" type="stmt"/>
            <line num="384" count="2" visibility="public" complexity="1" type="method" signature="newStringUtf16Be(byte[]) : String"/>
            <line num="385" count="2" type="stmt"/>
            <line num="400" count="2" visibility="public" complexity="1" type="method" signature="newStringUtf16Le(byte[]) : String"/>
            <line num="401" count="2" type="stmt"/>
            <line num="416" count="58" visibility="public" complexity="1" type="method" signature="newStringUtf8(byte[]) : String"/>
            <line num="417" count="58" type="stmt"/>
         </file>
      </package>
   </project>
   <testproject timestamp="1661453112027" name="Apache Commons Codec 1.12">
      <metrics conditionals="0" methods="0" classes="0" files="0" packages="0" coveredstatements="0" complexity="0" loc="0" ncloc="0" coveredmethods="0" coveredconditionals="0" statements="0" coveredelements="0" elements="0"/>
   </testproject>
</coverage>